{
  "C:\\Users\\Luiz Idebook\\mapa-morro-digital\\mapa-morro-digital-test\\js\\core\\config.js": {
    "path": "C:\\Users\\Luiz Idebook\\mapa-morro-digital\\mapa-morro-digital-test\\js\\core\\config.js",
    "statementMap": {
      "0": {
        "start": { "line": 7, "column": 26 },
        "end": { "line": 52, "column": 1 }
      },
      "1": {
        "start": { "line": 55, "column": 19 },
        "end": { "line": 65, "column": 1 }
      },
      "2": {
        "start": { "line": 68, "column": 32 },
        "end": { "line": 83, "column": 1 }
      },
      "3": {
        "start": { "line": 86, "column": 31 },
        "end": { "line": 116, "column": 1 }
      },
      "4": {
        "start": { "line": 119, "column": 25 },
        "end": { "line": 138, "column": 1 }
      },
      "5": {
        "start": { "line": 141, "column": 30 },
        "end": { "line": 158, "column": 1 }
      },
      "6": {
        "start": { "line": 161, "column": 35 },
        "end": { "line": 161, "column": 59 }
      },
      "7": {
        "start": { "line": 162, "column": 32 },
        "end": { "line": 162, "column": 36 }
      },
      "8": {
        "start": { "line": 165, "column": 34 },
        "end": { "line": 177, "column": 1 }
      },
      "9": {
        "start": { "line": 180, "column": 28 },
        "end": { "line": 184, "column": 1 }
      }
    },
    "fnMap": {},
    "branchMap": {},
    "s": {
      "0": 1,
      "1": 1,
      "2": 1,
      "3": 1,
      "4": 1,
      "5": 1,
      "6": 1,
      "7": 1,
      "8": 1,
      "9": 1
    },
    "f": {},
    "b": {},
    "_coverageSchema": "1a1c01bbd47fc00a2c39e90264f33305004495a9",
    "hash": "b13f053c1f176a5afcc55bddb8aa4242a3b2e6fe"
  },
  "C:\\Users\\Luiz Idebook\\mapa-morro-digital\\mapa-morro-digital-test\\js\\core\\eventBus.js": {
    "path": "C:\\Users\\Luiz Idebook\\mapa-morro-digital\\mapa-morro-digital-test\\js\\core\\eventBus.js",
    "statementMap": {
      "0": {
        "start": { "line": 9, "column": 24 },
        "end": { "line": 76, "column": 1 }
      },
      "1": {
        "start": { "line": 20, "column": 4 },
        "end": { "line": 22, "column": 5 }
      },
      "2": {
        "start": { "line": 21, "column": 6 },
        "end": { "line": 21, "column": 30 }
      },
      "3": {
        "start": { "line": 23, "column": 4 },
        "end": { "line": 23, "column": 38 }
      },
      "4": {
        "start": { "line": 26, "column": 4 },
        "end": { "line": 26, "column": 51 }
      },
      "5": {
        "start": { "line": 26, "column": 17 },
        "end": { "line": 26, "column": 50 }
      },
      "6": {
        "start": { "line": 35, "column": 4 },
        "end": { "line": 35, "column": 36 }
      },
      "7": {
        "start": { "line": 35, "column": 29 },
        "end": { "line": 35, "column": 36 }
      },
      "8": {
        "start": { "line": 37, "column": 4 },
        "end": { "line": 46, "column": 7 }
      },
      "9": {
        "start": { "line": 38, "column": 6 },
        "end": { "line": 45, "column": 7 }
      },
      "10": {
        "start": { "line": 39, "column": 8 },
        "end": { "line": 39, "column": 23 }
      },
      "11": {
        "start": { "line": 41, "column": 8 },
        "end": { "line": 44, "column": 10 }
      },
      "12": {
        "start": { "line": 55, "column": 4 },
        "end": { "line": 55, "column": 36 }
      },
      "13": {
        "start": { "line": 55, "column": 29 },
        "end": { "line": 55, "column": 36 }
      },
      "14": {
        "start": { "line": 57, "column": 4 },
        "end": { "line": 57, "column": 76 }
      },
      "15": {
        "start": { "line": 57, "column": 59 },
        "end": { "line": 57, "column": 74 }
      },
      "16": {
        "start": { "line": 60, "column": 4 },
        "end": { "line": 62, "column": 5 }
      },
      "17": {
        "start": { "line": 61, "column": 6 },
        "end": { "line": 61, "column": 32 }
      },
      "18": {
        "start": { "line": 70, "column": 4 },
        "end": { "line": 74, "column": 5 }
      },
      "19": {
        "start": { "line": 71, "column": 6 },
        "end": { "line": 71, "column": 32 }
      },
      "20": {
        "start": { "line": 73, "column": 6 },
        "end": { "line": 73, "column": 23 }
      },
      "21": {
        "start": { "line": 79, "column": 27 },
        "end": { "line": 105, "column": 1 }
      }
    },
    "fnMap": {
      "0": {
        "name": "(anonymous_0)",
        "decl": {
          "start": { "line": 19, "column": 2 },
          "end": { "line": 19, "column": 3 }
        },
        "loc": {
          "start": { "line": 19, "column": 29 },
          "end": { "line": 27, "column": 3 }
        },
        "line": 19
      },
      "1": {
        "name": "(anonymous_1)",
        "decl": {
          "start": { "line": 26, "column": 11 },
          "end": { "line": 26, "column": 12 }
        },
        "loc": {
          "start": { "line": 26, "column": 17 },
          "end": { "line": 26, "column": 50 }
        },
        "line": 26
      },
      "2": {
        "name": "(anonymous_2)",
        "decl": {
          "start": { "line": 34, "column": 2 },
          "end": { "line": 34, "column": 3 }
        },
        "loc": {
          "start": { "line": 34, "column": 23 },
          "end": { "line": 47, "column": 3 }
        },
        "line": 34
      },
      "3": {
        "name": "(anonymous_3)",
        "decl": {
          "start": { "line": 37, "column": 31 },
          "end": { "line": 37, "column": 32 }
        },
        "loc": {
          "start": { "line": 37, "column": 45 },
          "end": { "line": 46, "column": 5 }
        },
        "line": 37
      },
      "4": {
        "name": "(anonymous_4)",
        "decl": {
          "start": { "line": 54, "column": 2 },
          "end": { "line": 54, "column": 3 }
        },
        "loc": {
          "start": { "line": 54, "column": 31 },
          "end": { "line": 63, "column": 3 }
        },
        "line": 54
      },
      "5": {
        "name": "(anonymous_5)",
        "decl": {
          "start": { "line": 57, "column": 51 },
          "end": { "line": 57, "column": 52 }
        },
        "loc": {
          "start": { "line": 57, "column": 59 },
          "end": { "line": 57, "column": 74 }
        },
        "line": 57
      },
      "6": {
        "name": "(anonymous_6)",
        "decl": {
          "start": { "line": 69, "column": 2 },
          "end": { "line": 69, "column": 3 }
        },
        "loc": {
          "start": { "line": 69, "column": 15 },
          "end": { "line": 75, "column": 3 }
        },
        "line": 69
      }
    },
    "branchMap": {
      "0": {
        "loc": {
          "start": { "line": 20, "column": 4 },
          "end": { "line": 22, "column": 5 }
        },
        "type": "if",
        "locations": [
          {
            "start": { "line": 20, "column": 4 },
            "end": { "line": 22, "column": 5 }
          },
          { "start": {}, "end": {} }
        ],
        "line": 20
      },
      "1": {
        "loc": {
          "start": { "line": 35, "column": 4 },
          "end": { "line": 35, "column": 36 }
        },
        "type": "if",
        "locations": [
          {
            "start": { "line": 35, "column": 4 },
            "end": { "line": 35, "column": 36 }
          },
          { "start": {}, "end": {} }
        ],
        "line": 35
      },
      "2": {
        "loc": {
          "start": { "line": 55, "column": 4 },
          "end": { "line": 55, "column": 36 }
        },
        "type": "if",
        "locations": [
          {
            "start": { "line": 55, "column": 4 },
            "end": { "line": 55, "column": 36 }
          },
          { "start": {}, "end": {} }
        ],
        "line": 55
      },
      "3": {
        "loc": {
          "start": { "line": 60, "column": 4 },
          "end": { "line": 62, "column": 5 }
        },
        "type": "if",
        "locations": [
          {
            "start": { "line": 60, "column": 4 },
            "end": { "line": 62, "column": 5 }
          },
          { "start": {}, "end": {} }
        ],
        "line": 60
      },
      "4": {
        "loc": {
          "start": { "line": 70, "column": 4 },
          "end": { "line": 74, "column": 5 }
        },
        "type": "if",
        "locations": [
          {
            "start": { "line": 70, "column": 4 },
            "end": { "line": 74, "column": 5 }
          },
          {
            "start": { "line": 72, "column": 11 },
            "end": { "line": 74, "column": 5 }
          }
        ],
        "line": 70
      }
    },
    "s": {
      "0": 2,
      "1": 6,
      "2": 3,
      "3": 6,
      "4": 6,
      "5": 0,
      "6": 3,
      "7": 1,
      "8": 2,
      "9": 4,
      "10": 4,
      "11": 0,
      "12": 0,
      "13": 0,
      "14": 0,
      "15": 0,
      "16": 0,
      "17": 0,
      "18": 0,
      "19": 0,
      "20": 0,
      "21": 2
    },
    "f": { "0": 6, "1": 0, "2": 3, "3": 4, "4": 0, "5": 0, "6": 0 },
    "b": { "0": [3, 3], "1": [1, 2], "2": [0, 0], "3": [0, 0], "4": [0, 0] },
    "_coverageSchema": "1a1c01bbd47fc00a2c39e90264f33305004495a9",
    "hash": "1f3d0b1f8c145722544403709e2f6e4aaa367194"
  },
  "C:\\Users\\Luiz Idebook\\mapa-morro-digital\\mapa-morro-digital-test\\js\\core\\sharedState.js": {
    "path": "C:\\Users\\Luiz Idebook\\mapa-morro-digital\\mapa-morro-digital-test\\js\\core\\sharedState.js",
    "statementMap": {
      "0": {
        "start": { "line": 1, "column": 12 },
        "end": { "line": 1, "column": 14 }
      },
      "1": {
        "start": { "line": 4, "column": 2 },
        "end": { "line": 4, "column": 79 }
      },
      "2": {
        "start": { "line": 4, "column": 46 },
        "end": { "line": 4, "column": 62 }
      }
    },
    "fnMap": {
      "0": {
        "name": "getState",
        "decl": {
          "start": { "line": 3, "column": 16 },
          "end": { "line": 3, "column": 24 }
        },
        "loc": {
          "start": { "line": 3, "column": 30 },
          "end": { "line": 5, "column": 1 }
        },
        "line": 3
      },
      "1": {
        "name": "(anonymous_1)",
        "decl": {
          "start": { "line": 4, "column": 31 },
          "end": { "line": 4, "column": 32 }
        },
        "loc": {
          "start": { "line": 4, "column": 46 },
          "end": { "line": 4, "column": 62 }
        },
        "line": 4
      }
    },
    "branchMap": {
      "0": {
        "loc": {
          "start": { "line": 4, "column": 9 },
          "end": { "line": 4, "column": 78 }
        },
        "type": "binary-expr",
        "locations": [
          {
            "start": { "line": 4, "column": 9 },
            "end": { "line": 4, "column": 70 }
          },
          {
            "start": { "line": 4, "column": 74 },
            "end": { "line": 4, "column": 78 }
          }
        ],
        "line": 4
      },
      "1": {
        "loc": {
          "start": { "line": 4, "column": 46 },
          "end": { "line": 4, "column": 62 }
        },
        "type": "binary-expr",
        "locations": [
          {
            "start": { "line": 4, "column": 46 },
            "end": { "line": 4, "column": 49 }
          },
          {
            "start": { "line": 4, "column": 53 },
            "end": { "line": 4, "column": 62 }
          }
        ],
        "line": 4
      }
    },
    "s": { "0": 2, "1": 0, "2": 0 },
    "f": { "0": 0, "1": 0 },
    "b": { "0": [0, 0], "1": [0, 0] },
    "_coverageSchema": "1a1c01bbd47fc00a2c39e90264f33305004495a9",
    "hash": "79012e48eb44286571b53a40e82bdd65b9e9d534"
  },
  "C:\\Users\\Luiz Idebook\\mapa-morro-digital\\mapa-morro-digital-test\\js\\core\\state.js": {
    "path": "C:\\Users\\Luiz Idebook\\mapa-morro-digital\\mapa-morro-digital-test\\js\\core\\state.js",
    "statementMap": {
      "0": {
        "start": { "line": 3, "column": 0 },
        "end": { "line": 3, "column": 31 }
      },
      "1": {
        "start": { "line": 6, "column": 21 },
        "end": { "line": 88, "column": 1 }
      },
      "2": {
        "start": { "line": 90, "column": 12 },
        "end": { "line": 90, "column": 14 }
      },
      "3": {
        "start": { "line": 93, "column": 15 },
        "end": { "line": 93, "column": 29 }
      },
      "4": {
        "start": { "line": 94, "column": 18 },
        "end": { "line": 94, "column": 28 }
      },
      "5": {
        "start": { "line": 95, "column": 17 },
        "end": { "line": 98, "column": 3 }
      },
      "6": {
        "start": { "line": 96, "column": 20 },
        "end": { "line": 96, "column": 47 }
      },
      "7": {
        "start": { "line": 99, "column": 2 },
        "end": { "line": 99, "column": 26 }
      },
      "8": {
        "start": { "line": 103, "column": 2 },
        "end": { "line": 103, "column": 79 }
      },
      "9": {
        "start": { "line": 103, "column": 46 },
        "end": { "line": 103, "column": 62 }
      },
      "10": {
        "start": { "line": 107, "column": 2 },
        "end": { "line": 107, "column": 13 }
      },
      "11": {
        "start": { "line": 112, "column": 2 },
        "end": { "line": 112, "column": 68 }
      },
      "12": {
        "start": { "line": 112, "column": 46 },
        "end": { "line": 112, "column": 61 }
      },
      "13": {
        "start": { "line": 117, "column": 15 },
        "end": { "line": 117, "column": 30 }
      },
      "14": {
        "start": { "line": 118, "column": 18 },
        "end": { "line": 118, "column": 28 }
      },
      "15": {
        "start": { "line": 119, "column": 17 },
        "end": { "line": 119, "column": 76 }
      },
      "16": {
        "start": { "line": 119, "column": 44 },
        "end": { "line": 119, "column": 69 }
      },
      "17": {
        "start": { "line": 120, "column": 2 },
        "end": { "line": 120, "column": 26 }
      },
      "18": {
        "start": { "line": 124, "column": 24 },
        "end": { "line": 124, "column": 48 }
      },
      "19": {
        "start": { "line": 127, "column": 0 },
        "end": { "line": 138, "column": 3 }
      },
      "20": {
        "start": { "line": 130, "column": 24 },
        "end": { "line": 130, "column": 70 }
      },
      "21": {
        "start": { "line": 132, "column": 2 },
        "end": { "line": 137, "column": 3 }
      },
      "22": {
        "start": { "line": 134, "column": 33 },
        "end": { "line": 134, "column": 65 }
      },
      "23": {
        "start": { "line": 136, "column": 4 },
        "end": { "line": 136, "column": 20 }
      },
      "24": {
        "start": { "line": 141, "column": 26 },
        "end": { "line": 144, "column": 1 }
      },
      "25": {
        "start": { "line": 146, "column": 0 },
        "end": { "line": 148, "column": 3 }
      },
      "26": {
        "start": { "line": 147, "column": 2 },
        "end": { "line": 147, "column": 15 }
      }
    },
    "fnMap": {
      "0": {
        "name": "setState",
        "decl": {
          "start": { "line": 92, "column": 16 },
          "end": { "line": 92, "column": 24 }
        },
        "loc": {
          "start": { "line": 92, "column": 37 },
          "end": { "line": 100, "column": 1 }
        },
        "line": 92
      },
      "1": {
        "name": "(anonymous_1)",
        "decl": {
          "start": { "line": 96, "column": 4 },
          "end": { "line": 96, "column": 5 }
        },
        "loc": {
          "start": { "line": 96, "column": 20 },
          "end": { "line": 96, "column": 47 }
        },
        "line": 96
      },
      "2": {
        "name": "getState",
        "decl": {
          "start": { "line": 102, "column": 16 },
          "end": { "line": 102, "column": 24 }
        },
        "loc": {
          "start": { "line": 102, "column": 30 },
          "end": { "line": 104, "column": 1 }
        },
        "line": 102
      },
      "3": {
        "name": "(anonymous_3)",
        "decl": {
          "start": { "line": 103, "column": 31 },
          "end": { "line": 103, "column": 32 }
        },
        "loc": {
          "start": { "line": 103, "column": 46 },
          "end": { "line": 103, "column": 62 }
        },
        "line": 103
      },
      "4": {
        "name": "resetState",
        "decl": {
          "start": { "line": 106, "column": 16 },
          "end": { "line": 106, "column": 26 }
        },
        "loc": {
          "start": { "line": 106, "column": 29 },
          "end": { "line": 108, "column": 1 }
        },
        "line": 106
      },
      "5": {
        "name": "getNestedProperty",
        "decl": {
          "start": { "line": 111, "column": 9 },
          "end": { "line": 111, "column": 26 }
        },
        "loc": {
          "start": { "line": 111, "column": 38 },
          "end": { "line": 113, "column": 1 }
        },
        "line": 111
      },
      "6": {
        "name": "(anonymous_6)",
        "decl": {
          "start": { "line": 112, "column": 32 },
          "end": { "line": 112, "column": 33 }
        },
        "loc": {
          "start": { "line": 112, "column": 46 },
          "end": { "line": 112, "column": 61 }
        },
        "line": 112
      },
      "7": {
        "name": "setNestedProperty",
        "decl": {
          "start": { "line": 116, "column": 9 },
          "end": { "line": 116, "column": 26 }
        },
        "loc": {
          "start": { "line": 116, "column": 45 },
          "end": { "line": 121, "column": 1 }
        },
        "line": 116
      },
      "8": {
        "name": "(anonymous_8)",
        "decl": {
          "start": { "line": 119, "column": 29 },
          "end": { "line": 119, "column": 30 }
        },
        "loc": {
          "start": { "line": 119, "column": 44 },
          "end": { "line": 119, "column": 69 }
        },
        "line": 119
      },
      "9": {
        "name": "(anonymous_9)",
        "decl": {
          "start": { "line": 127, "column": 46 },
          "end": { "line": 127, "column": 47 }
        },
        "loc": {
          "start": { "line": 127, "column": 62 },
          "end": { "line": 138, "column": 1 }
        },
        "line": 127
      },
      "10": {
        "name": "(anonymous_10)",
        "decl": {
          "start": { "line": 134, "column": 23 },
          "end": { "line": 134, "column": 24 }
        },
        "loc": {
          "start": { "line": 134, "column": 33 },
          "end": { "line": 134, "column": 65 }
        },
        "line": 134
      },
      "11": {
        "name": "(anonymous_11)",
        "decl": {
          "start": { "line": 146, "column": 11 },
          "end": { "line": 146, "column": 12 }
        },
        "loc": {
          "start": { "line": 146, "column": 17 },
          "end": { "line": 148, "column": 1 }
        },
        "line": 146
      }
    },
    "branchMap": {
      "0": {
        "loc": {
          "start": { "line": 96, "column": 32 },
          "end": { "line": 96, "column": 47 }
        },
        "type": "binary-expr",
        "locations": [
          {
            "start": { "line": 96, "column": 32 },
            "end": { "line": 96, "column": 41 }
          },
          {
            "start": { "line": 96, "column": 45 },
            "end": { "line": 96, "column": 47 }
          }
        ],
        "line": 96
      },
      "1": {
        "loc": {
          "start": { "line": 103, "column": 9 },
          "end": { "line": 103, "column": 78 }
        },
        "type": "binary-expr",
        "locations": [
          {
            "start": { "line": 103, "column": 9 },
            "end": { "line": 103, "column": 70 }
          },
          {
            "start": { "line": 103, "column": 74 },
            "end": { "line": 103, "column": 78 }
          }
        ],
        "line": 103
      },
      "2": {
        "loc": {
          "start": { "line": 103, "column": 46 },
          "end": { "line": 103, "column": 62 }
        },
        "type": "binary-expr",
        "locations": [
          {
            "start": { "line": 103, "column": 46 },
            "end": { "line": 103, "column": 49 }
          },
          {
            "start": { "line": 103, "column": 53 },
            "end": { "line": 103, "column": 62 }
          }
        ],
        "line": 103
      },
      "3": {
        "loc": {
          "start": { "line": 112, "column": 46 },
          "end": { "line": 112, "column": 61 }
        },
        "type": "binary-expr",
        "locations": [
          {
            "start": { "line": 112, "column": 46 },
            "end": { "line": 112, "column": 49 }
          },
          {
            "start": { "line": 112, "column": 53 },
            "end": { "line": 112, "column": 61 }
          }
        ],
        "line": 112
      },
      "4": {
        "loc": {
          "start": { "line": 119, "column": 55 },
          "end": { "line": 119, "column": 69 }
        },
        "type": "binary-expr",
        "locations": [
          {
            "start": { "line": 119, "column": 55 },
            "end": { "line": 119, "column": 63 }
          },
          {
            "start": { "line": 119, "column": 67 },
            "end": { "line": 119, "column": 69 }
          }
        ],
        "line": 119
      },
      "5": {
        "loc": {
          "start": { "line": 132, "column": 2 },
          "end": { "line": 137, "column": 3 }
        },
        "type": "if",
        "locations": [
          {
            "start": { "line": 132, "column": 2 },
            "end": { "line": 137, "column": 3 }
          },
          { "start": {}, "end": {} }
        ],
        "line": 132
      },
      "6": {
        "loc": {
          "start": { "line": 133, "column": 4 },
          "end": { "line": 134, "column": 66 }
        },
        "type": "binary-expr",
        "locations": [
          {
            "start": { "line": 133, "column": 4 },
            "end": { "line": 133, "column": 19 }
          },
          {
            "start": { "line": 134, "column": 4 },
            "end": { "line": 134, "column": 66 }
          }
        ],
        "line": 133
      }
    },
    "s": {
      "0": 1,
      "1": 1,
      "2": 1,
      "3": 0,
      "4": 0,
      "5": 0,
      "6": 0,
      "7": 0,
      "8": 0,
      "9": 0,
      "10": 4,
      "11": 0,
      "12": 0,
      "13": 0,
      "14": 0,
      "15": 0,
      "16": 0,
      "17": 0,
      "18": 1,
      "19": 1,
      "20": 0,
      "21": 0,
      "22": 0,
      "23": 0,
      "24": 1,
      "25": 1,
      "26": 4
    },
    "f": {
      "0": 0,
      "1": 0,
      "2": 0,
      "3": 0,
      "4": 4,
      "5": 0,
      "6": 0,
      "7": 0,
      "8": 0,
      "9": 0,
      "10": 0,
      "11": 4
    },
    "b": {
      "0": [0, 0],
      "1": [0, 0],
      "2": [0, 0],
      "3": [0, 0],
      "4": [0, 0],
      "5": [0, 0],
      "6": [0, 0]
    },
    "_coverageSchema": "1a1c01bbd47fc00a2c39e90264f33305004495a9",
    "hash": "ab5634dc8e85e01c4a1b834b358645b0f757ad8f"
  },
  "C:\\Users\\Luiz Idebook\\mapa-morro-digital\\mapa-morro-digital-test\\js\\geolocation\\orientation.js": {
    "path": "C:\\Users\\Luiz Idebook\\mapa-morro-digital\\mapa-morro-digital-test\\js\\geolocation\\orientation.js",
    "statementMap": {
      "0": {
        "start": { "line": 12, "column": 32 },
        "end": { "line": 12, "column": 37 }
      },
      "1": {
        "start": { "line": 13, "column": 18 },
        "end": { "line": 13, "column": 19 }
      },
      "2": {
        "start": { "line": 14, "column": 16 },
        "end": { "line": 14, "column": 20 }
      },
      "3": {
        "start": { "line": 23, "column": 2 },
        "end": { "line": 23, "column": 45 }
      },
      "4": {
        "start": { "line": 23, "column": 33 },
        "end": { "line": 23, "column": 45 }
      },
      "5": {
        "start": { "line": 26, "column": 2 },
        "end": { "line": 29, "column": 3 }
      },
      "6": {
        "start": { "line": 27, "column": 4 },
        "end": { "line": 27, "column": 77 }
      },
      "7": {
        "start": { "line": 28, "column": 4 },
        "end": { "line": 28, "column": 17 }
      },
      "8": {
        "start": { "line": 32, "column": 28 },
        "end": { "line": 34, "column": 46 }
      },
      "9": {
        "start": { "line": 33, "column": 4 },
        "end": { "line": 33, "column": 45 }
      },
      "10": {
        "start": { "line": 37, "column": 2 },
        "end": { "line": 59, "column": 3 }
      },
      "11": {
        "start": { "line": 38, "column": 4 },
        "end": { "line": 51, "column": 28 }
      },
      "12": {
        "start": { "line": 40, "column": 8 },
        "end": { "line": 49, "column": 9 }
      },
      "13": {
        "start": { "line": 41, "column": 10 },
        "end": { "line": 41, "column": 74 }
      },
      "14": {
        "start": { "line": 42, "column": 10 },
        "end": { "line": 42, "column": 43 }
      },
      "15": {
        "start": { "line": 45, "column": 10 },
        "end": { "line": 45, "column": 69 }
      },
      "16": {
        "start": { "line": 47, "column": 10 },
        "end": { "line": 47, "column": 74 }
      },
      "17": {
        "start": { "line": 48, "column": 10 },
        "end": { "line": 48, "column": 44 }
      },
      "18": {
        "start": { "line": 54, "column": 4 },
        "end": { "line": 54, "column": 68 }
      },
      "19": {
        "start": { "line": 55, "column": 4 },
        "end": { "line": 55, "column": 37 }
      },
      "20": {
        "start": { "line": 58, "column": 4 },
        "end": { "line": 58, "column": 63 }
      },
      "21": {
        "start": { "line": 61, "column": 2 },
        "end": { "line": 61, "column": 35 }
      },
      "22": {
        "start": { "line": 68, "column": 2 },
        "end": { "line": 68, "column": 41 }
      },
      "23": {
        "start": { "line": 68, "column": 34 },
        "end": { "line": 68, "column": 41 }
      },
      "24": {
        "start": { "line": 71, "column": 2 },
        "end": { "line": 71, "column": 75 }
      },
      "25": {
        "start": { "line": 72, "column": 2 },
        "end": { "line": 72, "column": 36 }
      },
      "26": {
        "start": { "line": 75, "column": 2 },
        "end": { "line": 75, "column": 61 }
      },
      "27": {
        "start": { "line": 85, "column": 2 },
        "end": { "line": 87, "column": 3 }
      },
      "28": {
        "start": { "line": 86, "column": 4 },
        "end": { "line": 86, "column": 11 }
      },
      "29": {
        "start": { "line": 90, "column": 16 },
        "end": { "line": 90, "column": 20 }
      },
      "30": {
        "start": { "line": 93, "column": 2 },
        "end": { "line": 103, "column": 3 }
      },
      "31": {
        "start": { "line": 97, "column": 4 },
        "end": { "line": 97, "column": 41 }
      },
      "32": {
        "start": { "line": 100, "column": 7 },
        "end": { "line": 103, "column": 3 }
      },
      "33": {
        "start": { "line": 102, "column": 4 },
        "end": { "line": 102, "column": 32 }
      },
      "34": {
        "start": { "line": 106, "column": 2 },
        "end": { "line": 106, "column": 31 }
      },
      "35": {
        "start": { "line": 106, "column": 24 },
        "end": { "line": 106, "column": 31 }
      },
      "36": {
        "start": { "line": 109, "column": 2 },
        "end": { "line": 115, "column": 3 }
      },
      "37": {
        "start": { "line": 110, "column": 4 },
        "end": { "line": 114, "column": 6 }
      },
      "38": {
        "start": { "line": 118, "column": 2 },
        "end": { "line": 118, "column": 22 }
      },
      "39": {
        "start": { "line": 121, "column": 16 },
        "end": { "line": 121, "column": 47 }
      },
      "40": {
        "start": { "line": 122, "column": 2 },
        "end": { "line": 124, "column": 3 }
      },
      "41": {
        "start": { "line": 123, "column": 4 },
        "end": { "line": 123, "column": 11 }
      },
      "42": {
        "start": { "line": 127, "column": 2 },
        "end": { "line": 127, "column": 24 }
      },
      "43": {
        "start": { "line": 130, "column": 2 },
        "end": { "line": 130, "column": 40 }
      },
      "44": {
        "start": { "line": 133, "column": 2 },
        "end": { "line": 133, "column": 61 }
      },
      "45": {
        "start": { "line": 136, "column": 2 },
        "end": { "line": 138, "column": 3 }
      },
      "46": {
        "start": { "line": 137, "column": 4 },
        "end": { "line": 137, "column": 22 }
      },
      "47": {
        "start": { "line": 147, "column": 2 },
        "end": { "line": 147, "column": 19 }
      },
      "48": {
        "start": { "line": 147, "column": 12 },
        "end": { "line": 147, "column": 19 }
      },
      "49": {
        "start": { "line": 149, "column": 2 },
        "end": { "line": 190, "column": 3 }
      },
      "50": {
        "start": { "line": 151, "column": 22 },
        "end": { "line": 151, "column": 40 }
      },
      "51": {
        "start": { "line": 154, "column": 26 },
        "end": { "line": 154, "column": 72 }
      },
      "52": {
        "start": { "line": 156, "column": 4 },
        "end": { "line": 187, "column": 5 }
      },
      "53": {
        "start": { "line": 158, "column": 20 },
        "end": { "line": 158, "column": 27 }
      },
      "54": {
        "start": { "line": 161, "column": 6 },
        "end": { "line": 161, "column": 56 }
      },
      "55": {
        "start": { "line": 164, "column": 27 },
        "end": { "line": 166, "column": 7 }
      },
      "56": {
        "start": { "line": 167, "column": 6 },
        "end": { "line": 169, "column": 9 }
      },
      "57": {
        "start": { "line": 168, "column": 8 },
        "end": { "line": 168, "column": 52 }
      },
      "58": {
        "start": { "line": 172, "column": 6 },
        "end": { "line": 172, "column": 55 }
      },
      "59": {
        "start": { "line": 175, "column": 6 },
        "end": { "line": 175, "column": 37 }
      },
      "60": {
        "start": { "line": 178, "column": 27 },
        "end": { "line": 180, "column": 7 }
      },
      "61": {
        "start": { "line": 181, "column": 6 },
        "end": { "line": 183, "column": 9 }
      },
      "62": {
        "start": { "line": 182, "column": 8 },
        "end": { "line": 182, "column": 32 }
      },
      "63": {
        "start": { "line": 186, "column": 6 },
        "end": { "line": 186, "column": 51 }
      },
      "64": {
        "start": { "line": 189, "column": 4 },
        "end": { "line": 189, "column": 53 }
      },
      "65": {
        "start": { "line": 199, "column": 2 },
        "end": { "line": 199, "column": 57 }
      },
      "66": {
        "start": { "line": 200, "column": 2 },
        "end": { "line": 200, "column": 47 }
      },
      "67": {
        "start": { "line": 203, "column": 2 },
        "end": { "line": 205, "column": 3 }
      },
      "68": {
        "start": { "line": 204, "column": 4 },
        "end": { "line": 204, "column": 31 }
      },
      "69": {
        "start": { "line": 208, "column": 2 },
        "end": { "line": 208, "column": 79 }
      },
      "70": {
        "start": { "line": 210, "column": 2 },
        "end": { "line": 210, "column": 16 }
      },
      "71": {
        "start": { "line": 218, "column": 2 },
        "end": { "line": 218, "column": 35 }
      },
      "72": {
        "start": { "line": 226, "column": 2 },
        "end": { "line": 226, "column": 21 }
      },
      "73": {
        "start": { "line": 230, "column": 0 },
        "end": { "line": 238, "column": 3 }
      },
      "74": {
        "start": { "line": 232, "column": 2 },
        "end": { "line": 237, "column": 3 }
      },
      "75": {
        "start": { "line": 233, "column": 16 },
        "end": { "line": 233, "column": 44 }
      },
      "76": {
        "start": { "line": 234, "column": 4 },
        "end": { "line": 236, "column": 5 }
      },
      "77": {
        "start": { "line": 235, "column": 6 },
        "end": { "line": 235, "column": 30 }
      }
    },
    "fnMap": {
      "0": {
        "name": "startOrientationTracking",
        "decl": {
          "start": { "line": 21, "column": 16 },
          "end": { "line": 21, "column": 40 }
        },
        "loc": {
          "start": { "line": 21, "column": 51 },
          "end": { "line": 62, "column": 1 }
        },
        "line": 21
      },
      "1": {
        "name": "(anonymous_1)",
        "decl": {
          "start": { "line": 32, "column": 37 },
          "end": { "line": 32, "column": 38 }
        },
        "loc": {
          "start": { "line": 32, "column": 48 },
          "end": { "line": 34, "column": 3 }
        },
        "line": 32
      },
      "2": {
        "name": "(anonymous_2)",
        "decl": {
          "start": { "line": 39, "column": 12 },
          "end": { "line": 39, "column": 13 }
        },
        "loc": {
          "start": { "line": 39, "column": 33 },
          "end": { "line": 50, "column": 7 }
        },
        "line": 39
      },
      "3": {
        "name": "stopOrientationTracking",
        "decl": {
          "start": { "line": 67, "column": 16 },
          "end": { "line": 67, "column": 39 }
        },
        "loc": {
          "start": { "line": 67, "column": 42 },
          "end": { "line": 76, "column": 1 }
        },
        "line": 67
      },
      "4": {
        "name": "processOrientationEvent",
        "decl": {
          "start": { "line": 83, "column": 9 },
          "end": { "line": 83, "column": 32 }
        },
        "loc": {
          "start": { "line": 83, "column": 50 },
          "end": { "line": 139, "column": 1 }
        },
        "line": 83
      },
      "5": {
        "name": "rotateMap",
        "decl": {
          "start": { "line": 146, "column": 16 },
          "end": { "line": 146, "column": 25 }
        },
        "loc": {
          "start": { "line": 146, "column": 40 },
          "end": { "line": 191, "column": 1 }
        },
        "line": 146
      },
      "6": {
        "name": "(anonymous_6)",
        "decl": {
          "start": { "line": 167, "column": 27 },
          "end": { "line": 167, "column": 28 }
        },
        "loc": {
          "start": { "line": 167, "column": 35 },
          "end": { "line": 169, "column": 7 }
        },
        "line": 167
      },
      "7": {
        "name": "(anonymous_7)",
        "decl": {
          "start": { "line": 181, "column": 27 },
          "end": { "line": 181, "column": 28 }
        },
        "loc": {
          "start": { "line": 181, "column": 35 },
          "end": { "line": 183, "column": 7 }
        },
        "line": 181
      },
      "8": {
        "name": "setFirstPersonView",
        "decl": {
          "start": { "line": 197, "column": 16 },
          "end": { "line": 197, "column": 34 }
        },
        "loc": {
          "start": { "line": 197, "column": 43 },
          "end": { "line": 211, "column": 1 }
        },
        "line": 197
      },
      "9": {
        "name": "isOrientationTrackingActive",
        "decl": {
          "start": { "line": 217, "column": 16 },
          "end": { "line": 217, "column": 43 }
        },
        "loc": {
          "start": { "line": 217, "column": 46 },
          "end": { "line": 219, "column": 1 }
        },
        "line": 217
      },
      "10": {
        "name": "getLastHeading",
        "decl": {
          "start": { "line": 225, "column": 16 },
          "end": { "line": 225, "column": 30 }
        },
        "loc": {
          "start": { "line": 225, "column": 33 },
          "end": { "line": 227, "column": 1 }
        },
        "line": 225
      },
      "11": {
        "name": "(anonymous_11)",
        "decl": {
          "start": { "line": 230, "column": 48 },
          "end": { "line": 230, "column": 49 }
        },
        "loc": {
          "start": { "line": 230, "column": 65 },
          "end": { "line": 238, "column": 1 }
        },
        "line": 230
      }
    },
    "branchMap": {
      "0": {
        "loc": {
          "start": { "line": 23, "column": 2 },
          "end": { "line": 23, "column": 45 }
        },
        "type": "if",
        "locations": [
          {
            "start": { "line": 23, "column": 2 },
            "end": { "line": 23, "column": 45 }
          },
          { "start": {}, "end": {} }
        ],
        "line": 23
      },
      "1": {
        "loc": {
          "start": { "line": 26, "column": 2 },
          "end": { "line": 29, "column": 3 }
        },
        "type": "if",
        "locations": [
          {
            "start": { "line": 26, "column": 2 },
            "end": { "line": 29, "column": 3 }
          },
          { "start": {}, "end": {} }
        ],
        "line": 26
      },
      "2": {
        "loc": {
          "start": { "line": 37, "column": 2 },
          "end": { "line": 59, "column": 3 }
        },
        "type": "if",
        "locations": [
          {
            "start": { "line": 37, "column": 2 },
            "end": { "line": 59, "column": 3 }
          },
          {
            "start": { "line": 52, "column": 9 },
            "end": { "line": 59, "column": 3 }
          }
        ],
        "line": 37
      },
      "3": {
        "loc": {
          "start": { "line": 40, "column": 8 },
          "end": { "line": 49, "column": 9 }
        },
        "type": "if",
        "locations": [
          {
            "start": { "line": 40, "column": 8 },
            "end": { "line": 49, "column": 9 }
          },
          {
            "start": { "line": 46, "column": 15 },
            "end": { "line": 49, "column": 9 }
          }
        ],
        "line": 40
      },
      "4": {
        "loc": {
          "start": { "line": 68, "column": 2 },
          "end": { "line": 68, "column": 41 }
        },
        "type": "if",
        "locations": [
          {
            "start": { "line": 68, "column": 2 },
            "end": { "line": 68, "column": 41 }
          },
          { "start": {}, "end": {} }
        ],
        "line": 68
      },
      "5": {
        "loc": {
          "start": { "line": 85, "column": 2 },
          "end": { "line": 87, "column": 3 }
        },
        "type": "if",
        "locations": [
          {
            "start": { "line": 85, "column": 2 },
            "end": { "line": 87, "column": 3 }
          },
          { "start": {}, "end": {} }
        ],
        "line": 85
      },
      "6": {
        "loc": {
          "start": { "line": 85, "column": 6 },
          "end": { "line": 85, "column": 77 }
        },
        "type": "binary-expr",
        "locations": [
          {
            "start": { "line": 85, "column": 6 },
            "end": { "line": 85, "column": 12 }
          },
          {
            "start": { "line": 85, "column": 17 },
            "end": { "line": 85, "column": 37 }
          },
          {
            "start": { "line": 85, "column": 41 },
            "end": { "line": 85, "column": 76 }
          }
        ],
        "line": 85
      },
      "7": {
        "loc": {
          "start": { "line": 93, "column": 2 },
          "end": { "line": 103, "column": 3 }
        },
        "type": "if",
        "locations": [
          {
            "start": { "line": 93, "column": 2 },
            "end": { "line": 103, "column": 3 }
          },
          {
            "start": { "line": 100, "column": 7 },
            "end": { "line": 103, "column": 3 }
          }
        ],
        "line": 93
      },
      "8": {
        "loc": {
          "start": { "line": 94, "column": 4 },
          "end": { "line": 95, "column": 39 }
        },
        "type": "binary-expr",
        "locations": [
          {
            "start": { "line": 94, "column": 4 },
            "end": { "line": 94, "column": 44 }
          },
          {
            "start": { "line": 95, "column": 4 },
            "end": { "line": 95, "column": 39 }
          }
        ],
        "line": 94
      },
      "9": {
        "loc": {
          "start": { "line": 100, "column": 7 },
          "end": { "line": 103, "column": 3 }
        },
        "type": "if",
        "locations": [
          {
            "start": { "line": 100, "column": 7 },
            "end": { "line": 103, "column": 3 }
          },
          { "start": {}, "end": {} }
        ],
        "line": 100
      },
      "10": {
        "loc": {
          "start": { "line": 106, "column": 2 },
          "end": { "line": 106, "column": 31 }
        },
        "type": "if",
        "locations": [
          {
            "start": { "line": 106, "column": 2 },
            "end": { "line": 106, "column": 31 }
          },
          { "start": {}, "end": {} }
        ],
        "line": 106
      },
      "11": {
        "loc": {
          "start": { "line": 109, "column": 2 },
          "end": { "line": 115, "column": 3 }
        },
        "type": "if",
        "locations": [
          {
            "start": { "line": 109, "column": 2 },
            "end": { "line": 115, "column": 3 }
          },
          { "start": {}, "end": {} }
        ],
        "line": 109
      },
      "12": {
        "loc": {
          "start": { "line": 122, "column": 2 },
          "end": { "line": 124, "column": 3 }
        },
        "type": "if",
        "locations": [
          {
            "start": { "line": 122, "column": 2 },
            "end": { "line": 124, "column": 3 }
          },
          { "start": {}, "end": {} }
        ],
        "line": 122
      },
      "13": {
        "loc": {
          "start": { "line": 122, "column": 6 },
          "end": { "line": 122, "column": 72 }
        },
        "type": "binary-expr",
        "locations": [
          {
            "start": { "line": 122, "column": 6 },
            "end": { "line": 122, "column": 57 }
          },
          {
            "start": { "line": 122, "column": 61 },
            "end": { "line": 122, "column": 72 }
          }
        ],
        "line": 122
      },
      "14": {
        "loc": {
          "start": { "line": 136, "column": 2 },
          "end": { "line": 138, "column": 3 }
        },
        "type": "if",
        "locations": [
          {
            "start": { "line": 136, "column": 2 },
            "end": { "line": 138, "column": 3 }
          },
          { "start": {}, "end": {} }
        ],
        "line": 136
      },
      "15": {
        "loc": {
          "start": { "line": 147, "column": 2 },
          "end": { "line": 147, "column": 19 }
        },
        "type": "if",
        "locations": [
          {
            "start": { "line": 147, "column": 2 },
            "end": { "line": 147, "column": 19 }
          },
          { "start": {}, "end": {} }
        ],
        "line": 147
      },
      "16": {
        "loc": {
          "start": { "line": 156, "column": 4 },
          "end": { "line": 187, "column": 5 }
        },
        "type": "if",
        "locations": [
          {
            "start": { "line": 156, "column": 4 },
            "end": { "line": 187, "column": 5 }
          },
          {
            "start": { "line": 173, "column": 11 },
            "end": { "line": 187, "column": 5 }
          }
        ],
        "line": 156
      },
      "17": {
        "loc": {
          "start": { "line": 203, "column": 2 },
          "end": { "line": 205, "column": 3 }
        },
        "type": "if",
        "locations": [
          {
            "start": { "line": 203, "column": 2 },
            "end": { "line": 205, "column": 3 }
          },
          { "start": {}, "end": {} }
        ],
        "line": 203
      },
      "18": {
        "loc": {
          "start": { "line": 203, "column": 6 },
          "end": { "line": 203, "column": 42 }
        },
        "type": "binary-expr",
        "locations": [
          {
            "start": { "line": 203, "column": 6 },
            "end": { "line": 203, "column": 12 }
          },
          {
            "start": { "line": 203, "column": 16 },
            "end": { "line": 203, "column": 42 }
          }
        ],
        "line": 203
      },
      "19": {
        "loc": {
          "start": { "line": 232, "column": 2 },
          "end": { "line": 237, "column": 3 }
        },
        "type": "if",
        "locations": [
          {
            "start": { "line": 232, "column": 2 },
            "end": { "line": 237, "column": 3 }
          },
          { "start": {}, "end": {} }
        ],
        "line": 232
      },
      "20": {
        "loc": {
          "start": { "line": 234, "column": 4 },
          "end": { "line": 236, "column": 5 }
        },
        "type": "if",
        "locations": [
          {
            "start": { "line": 234, "column": 4 },
            "end": { "line": 236, "column": 5 }
          },
          { "start": {}, "end": {} }
        ],
        "line": 234
      }
    },
    "s": {
      "0": 0,
      "1": 0,
      "2": 0,
      "3": 0,
      "4": 0,
      "5": 0,
      "6": 0,
      "7": 0,
      "8": 0,
      "9": 0,
      "10": 0,
      "11": 0,
      "12": 0,
      "13": 0,
      "14": 0,
      "15": 0,
      "16": 0,
      "17": 0,
      "18": 0,
      "19": 0,
      "20": 0,
      "21": 0,
      "22": 0,
      "23": 0,
      "24": 0,
      "25": 0,
      "26": 0,
      "27": 0,
      "28": 0,
      "29": 0,
      "30": 0,
      "31": 0,
      "32": 0,
      "33": 0,
      "34": 0,
      "35": 0,
      "36": 0,
      "37": 0,
      "38": 0,
      "39": 0,
      "40": 0,
      "41": 0,
      "42": 0,
      "43": 0,
      "44": 0,
      "45": 0,
      "46": 0,
      "47": 0,
      "48": 0,
      "49": 0,
      "50": 0,
      "51": 0,
      "52": 0,
      "53": 0,
      "54": 0,
      "55": 0,
      "56": 0,
      "57": 0,
      "58": 0,
      "59": 0,
      "60": 0,
      "61": 0,
      "62": 0,
      "63": 0,
      "64": 0,
      "65": 0,
      "66": 0,
      "67": 0,
      "68": 0,
      "69": 0,
      "70": 0,
      "71": 0,
      "72": 0,
      "73": 0,
      "74": 0,
      "75": 0,
      "76": 0,
      "77": 0
    },
    "f": {
      "0": 0,
      "1": 0,
      "2": 0,
      "3": 0,
      "4": 0,
      "5": 0,
      "6": 0,
      "7": 0,
      "8": 0,
      "9": 0,
      "10": 0,
      "11": 0
    },
    "b": {
      "0": [0, 0],
      "1": [0, 0],
      "2": [0, 0],
      "3": [0, 0],
      "4": [0, 0],
      "5": [0, 0],
      "6": [0, 0, 0],
      "7": [0, 0],
      "8": [0, 0],
      "9": [0, 0],
      "10": [0, 0],
      "11": [0, 0],
      "12": [0, 0],
      "13": [0, 0],
      "14": [0, 0],
      "15": [0, 0],
      "16": [0, 0],
      "17": [0, 0],
      "18": [0, 0],
      "19": [0, 0],
      "20": [0, 0]
    }
  },
  "C:\\Users\\Luiz Idebook\\mapa-morro-digital\\mapa-morro-digital-test\\js\\geolocation\\tracking.js": {
    "path": "C:\\Users\\Luiz Idebook\\mapa-morro-digital\\mapa-morro-digital-test\\js\\geolocation\\tracking.js",
    "statementMap": {
      "0": {
        "start": { "line": 21, "column": 2 },
        "end": { "line": 86, "column": 5 }
      },
      "1": {
        "start": { "line": 23, "column": 4 },
        "end": { "line": 28, "column": 5 }
      },
      "2": {
        "start": { "line": 24, "column": 20 },
        "end": { "line": 24, "column": 78 }
      },
      "3": {
        "start": { "line": 25, "column": 6 },
        "end": { "line": 25, "column": 45 }
      },
      "4": {
        "start": { "line": 26, "column": 6 },
        "end": { "line": 26, "column": 20 }
      },
      "5": {
        "start": { "line": 27, "column": 6 },
        "end": { "line": 27, "column": 13 }
      },
      "6": {
        "start": { "line": 31, "column": 28 },
        "end": { "line": 34, "column": 5 }
      },
      "7": {
        "start": { "line": 37, "column": 4 },
        "end": { "line": 85, "column": 6 }
      },
      "8": {
        "start": { "line": 41, "column": 10 },
        "end": { "line": 41, "column": 25 }
      },
      "9": {
        "start": { "line": 44, "column": 8 },
        "end": { "line": 48, "column": 11 }
      },
      "10": {
        "start": { "line": 49, "column": 8 },
        "end": { "line": 49, "column": 51 }
      },
      "11": {
        "start": { "line": 50, "column": 8 },
        "end": { "line": 50, "column": 47 }
      },
      "12": {
        "start": { "line": 51, "column": 8 },
        "end": { "line": 51, "column": 73 }
      },
      "13": {
        "start": { "line": 54, "column": 8 },
        "end": { "line": 54, "column": 65 }
      },
      "14": {
        "start": { "line": 57, "column": 8 },
        "end": { "line": 57, "column": 49 }
      },
      "15": {
        "start": { "line": 60, "column": 8 },
        "end": { "line": 66, "column": 11 }
      },
      "16": {
        "start": { "line": 69, "column": 8 },
        "end": { "line": 76, "column": 11 }
      },
      "17": {
        "start": { "line": 80, "column": 8 },
        "end": { "line": 80, "column": 38 }
      },
      "18": {
        "start": { "line": 81, "column": 8 },
        "end": { "line": 81, "column": 22 }
      },
      "19": {
        "start": { "line": 95, "column": 2 },
        "end": { "line": 95, "column": 25 }
      },
      "20": {
        "start": { "line": 98, "column": 20 },
        "end": { "line": 163, "column": 3 }
      },
      "21": {
        "start": { "line": 101, "column": 64 },
        "end": { "line": 101, "column": 79 }
      },
      "22": {
        "start": { "line": 102, "column": 24 },
        "end": { "line": 102, "column": 42 }
      },
      "23": {
        "start": { "line": 105, "column": 27 },
        "end": { "line": 105, "column": 56 }
      },
      "24": {
        "start": { "line": 106, "column": 28 },
        "end": { "line": 106, "column": 72 }
      },
      "25": {
        "start": { "line": 109, "column": 21 },
        "end": { "line": 109, "column": 22 }
      },
      "26": {
        "start": { "line": 110, "column": 22 },
        "end": { "line": 110, "column": 23 }
      },
      "27": {
        "start": { "line": 112, "column": 6 },
        "end": { "line": 121, "column": 7 }
      },
      "28": {
        "start": { "line": 113, "column": 8 },
        "end": { "line": 118, "column": 10 }
      },
      "29": {
        "start": { "line": 120, "column": 8 },
        "end": { "line": 120, "column": 46 }
      },
      "30": {
        "start": { "line": 124, "column": 34 },
        "end": { "line": 124, "column": 38 }
      },
      "31": {
        "start": { "line": 125, "column": 27 },
        "end": { "line": 125, "column": 28 }
      },
      "32": {
        "start": { "line": 127, "column": 6 },
        "end": { "line": 129, "column": 7 }
      },
      "33": {
        "start": { "line": 128, "column": 8 },
        "end": { "line": 128, "column": 15 }
      },
      "34": {
        "start": { "line": 132, "column": 6 },
        "end": { "line": 136, "column": 9 }
      },
      "35": {
        "start": { "line": 137, "column": 6 },
        "end": { "line": 140, "column": 8 }
      },
      "36": {
        "start": { "line": 141, "column": 6 },
        "end": { "line": 141, "column": 45 }
      },
      "37": {
        "start": { "line": 142, "column": 6 },
        "end": { "line": 142, "column": 62 }
      },
      "38": {
        "start": { "line": 145, "column": 6 },
        "end": { "line": 145, "column": 63 }
      },
      "39": {
        "start": { "line": 148, "column": 6 },
        "end": { "line": 157, "column": 9 }
      },
      "40": {
        "start": { "line": 166, "column": 2 },
        "end": { "line": 166, "column": 44 }
      },
      "41": {
        "start": { "line": 169, "column": 2 },
        "end": { "line": 169, "column": 37 }
      },
      "42": {
        "start": { "line": 172, "column": 2 },
        "end": { "line": 172, "column": 58 }
      },
      "43": {
        "start": { "line": 174, "column": 2 },
        "end": { "line": 174, "column": 19 }
      },
      "44": {
        "start": { "line": 182, "column": 20 },
        "end": { "line": 182, "column": 50 }
      },
      "45": {
        "start": { "line": 184, "column": 2 },
        "end": { "line": 194, "column": 3 }
      },
      "46": {
        "start": { "line": 186, "column": 4 },
        "end": { "line": 186, "column": 48 }
      },
      "47": {
        "start": { "line": 189, "column": 4 },
        "end": { "line": 189, "column": 41 }
      },
      "48": {
        "start": { "line": 190, "column": 4 },
        "end": { "line": 190, "column": 34 }
      },
      "49": {
        "start": { "line": 193, "column": 4 },
        "end": { "line": 193, "column": 60 }
      },
      "50": {
        "start": { "line": 203, "column": 2 },
        "end": { "line": 274, "column": 5 }
      },
      "51": {
        "start": { "line": 205, "column": 4 },
        "end": { "line": 210, "column": 5 }
      },
      "52": {
        "start": { "line": 206, "column": 20 },
        "end": { "line": 206, "column": 78 }
      },
      "53": {
        "start": { "line": 207, "column": 6 },
        "end": { "line": 207, "column": 45 }
      },
      "54": {
        "start": { "line": 208, "column": 6 },
        "end": { "line": 208, "column": 20 }
      },
      "55": {
        "start": { "line": 209, "column": 6 },
        "end": { "line": 209, "column": 13 }
      },
      "56": {
        "start": { "line": 213, "column": 23 },
        "end": { "line": 216, "column": 5 }
      },
      "57": {
        "start": { "line": 219, "column": 4 },
        "end": { "line": 273, "column": 6 }
      },
      "58": {
        "start": { "line": 223, "column": 10 },
        "end": { "line": 223, "column": 25 }
      },
      "59": {
        "start": { "line": 226, "column": 25 },
        "end": { "line": 233, "column": 9 }
      },
      "60": {
        "start": { "line": 236, "column": 8 },
        "end": { "line": 245, "column": 9 }
      },
      "61": {
        "start": { "line": 237, "column": 10 },
        "end": { "line": 241, "column": 13 }
      },
      "62": {
        "start": { "line": 242, "column": 10 },
        "end": { "line": 242, "column": 53 }
      },
      "63": {
        "start": { "line": 243, "column": 10 },
        "end": { "line": 243, "column": 49 }
      },
      "64": {
        "start": { "line": 244, "column": 10 },
        "end": { "line": 244, "column": 75 }
      },
      "65": {
        "start": { "line": 248, "column": 8 },
        "end": { "line": 250, "column": 9 }
      },
      "66": {
        "start": { "line": 249, "column": 10 },
        "end": { "line": 249, "column": 67 }
      },
      "67": {
        "start": { "line": 253, "column": 8 },
        "end": { "line": 258, "column": 9 }
      },
      "68": {
        "start": { "line": 254, "column": 10 },
        "end": { "line": 257, "column": 13 }
      },
      "69": {
        "start": { "line": 261, "column": 8 },
        "end": { "line": 261, "column": 66 }
      },
      "70": {
        "start": { "line": 264, "column": 8 },
        "end": { "line": 264, "column": 26 }
      },
      "71": {
        "start": { "line": 268, "column": 8 },
        "end": { "line": 268, "column": 38 }
      },
      "72": {
        "start": { "line": 269, "column": 8 },
        "end": { "line": 269, "column": 22 }
      },
      "73": {
        "start": { "line": 282, "column": 2 },
        "end": { "line": 282, "column": 50 }
      },
      "74": {
        "start": { "line": 284, "column": 16 },
        "end": { "line": 284, "column": 54 }
      },
      "75": {
        "start": { "line": 287, "column": 2 },
        "end": { "line": 297, "column": 3 }
      },
      "76": {
        "start": { "line": 289, "column": 6 },
        "end": { "line": 289, "column": 41 }
      },
      "77": {
        "start": { "line": 290, "column": 6 },
        "end": { "line": 290, "column": 12 }
      },
      "78": {
        "start": { "line": 292, "column": 6 },
        "end": { "line": 292, "column": 39 }
      },
      "79": {
        "start": { "line": 293, "column": 6 },
        "end": { "line": 293, "column": 12 }
      },
      "80": {
        "start": { "line": 295, "column": 6 },
        "end": { "line": 295, "column": 35 }
      },
      "81": {
        "start": { "line": 296, "column": 6 },
        "end": { "line": 296, "column": 12 }
      },
      "82": {
        "start": { "line": 300, "column": 2 },
        "end": { "line": 300, "column": 21 }
      },
      "83": {
        "start": { "line": 303, "column": 2 },
        "end": { "line": 306, "column": 5 }
      },
      "84": {
        "start": { "line": 314, "column": 2 },
        "end": { "line": 314, "column": 49 }
      },
      "85": {
        "start": { "line": 323, "column": 2 },
        "end": { "line": 323, "column": 56 }
      },
      "86": {
        "start": { "line": 323, "column": 39 },
        "end": { "line": 323, "column": 56 }
      },
      "87": {
        "start": { "line": 325, "column": 19 },
        "end": { "line": 325, "column": 36 }
      },
      "88": {
        "start": { "line": 327, "column": 2 },
        "end": { "line": 327, "column": 36 }
      },
      "89": {
        "start": { "line": 327, "column": 22 },
        "end": { "line": 327, "column": 36 }
      },
      "90": {
        "start": { "line": 328, "column": 2 },
        "end": { "line": 328, "column": 38 }
      },
      "91": {
        "start": { "line": 328, "column": 22 },
        "end": { "line": 328, "column": 38 }
      },
      "92": {
        "start": { "line": 329, "column": 2 },
        "end": { "line": 329, "column": 15 }
      },
      "93": {
        "start": { "line": 339, "column": 2 },
        "end": { "line": 339, "column": 31 }
      },
      "94": {
        "start": { "line": 339, "column": 18 },
        "end": { "line": 339, "column": 31 }
      },
      "95": {
        "start": { "line": 341, "column": 14 },
        "end": { "line": 341, "column": 24 }
      },
      "96": {
        "start": { "line": 342, "column": 2 },
        "end": { "line": 342, "column": 35 }
      },
      "97": {
        "start": { "line": 350, "column": 19 },
        "end": { "line": 350, "column": 48 }
      },
      "98": {
        "start": { "line": 351, "column": 20 },
        "end": { "line": 351, "column": 64 }
      },
      "99": {
        "start": { "line": 352, "column": 18 },
        "end": { "line": 352, "column": 46 }
      },
      "100": {
        "start": { "line": 353, "column": 16 },
        "end": { "line": 353, "column": 42 }
      },
      "101": {
        "start": { "line": 355, "column": 2 },
        "end": { "line": 355, "column": 29 }
      },
      "102": {
        "start": { "line": 355, "column": 17 },
        "end": { "line": 355, "column": 29 }
      },
      "103": {
        "start": { "line": 357, "column": 2 },
        "end": { "line": 364, "column": 4 }
      },
      "104": {
        "start": { "line": 373, "column": 2 },
        "end": { "line": 392, "column": 5 }
      },
      "105": {
        "start": { "line": 374, "column": 4 },
        "end": { "line": 378, "column": 5 }
      },
      "106": {
        "start": { "line": 375, "column": 6 },
        "end": { "line": 375, "column": 45 }
      },
      "107": {
        "start": { "line": 376, "column": 6 },
        "end": { "line": 376, "column": 21 }
      },
      "108": {
        "start": { "line": 377, "column": 6 },
        "end": { "line": 377, "column": 13 }
      },
      "109": {
        "start": { "line": 380, "column": 4 },
        "end": { "line": 391, "column": 6 }
      },
      "110": {
        "start": { "line": 383, "column": 8 },
        "end": { "line": 383, "column": 22 }
      },
      "111": {
        "start": { "line": 387, "column": 8 },
        "end": { "line": 387, "column": 38 }
      },
      "112": {
        "start": { "line": 388, "column": 8 },
        "end": { "line": 388, "column": 23 }
      }
    },
    "fnMap": {
      "0": {
        "name": "initContinuousLocationTracking",
        "decl": {
          "start": { "line": 20, "column": 16 },
          "end": { "line": 20, "column": 46 }
        },
        "loc": {
          "start": { "line": 20, "column": 61 },
          "end": { "line": 87, "column": 1 }
        },
        "line": 20
      },
      "1": {
        "name": "(anonymous_1)",
        "decl": {
          "start": { "line": 21, "column": 21 },
          "end": { "line": 21, "column": 22 }
        },
        "loc": {
          "start": { "line": 21, "column": 42 },
          "end": { "line": 86, "column": 3 }
        },
        "line": 21
      },
      "2": {
        "name": "(anonymous_2)",
        "decl": {
          "start": { "line": 39, "column": 6 },
          "end": { "line": 39, "column": 7 }
        },
        "loc": {
          "start": { "line": 39, "column": 20 },
          "end": { "line": 77, "column": 7 }
        },
        "line": 39
      },
      "3": {
        "name": "(anonymous_3)",
        "decl": {
          "start": { "line": 79, "column": 6 },
          "end": { "line": 79, "column": 7 }
        },
        "loc": {
          "start": { "line": 79, "column": 17 },
          "end": { "line": 82, "column": 7 }
        },
        "line": 79
      },
      "4": {
        "name": "startContinuousTracking",
        "decl": {
          "start": { "line": 93, "column": 9 },
          "end": { "line": 93, "column": 32 }
        },
        "loc": {
          "start": { "line": 93, "column": 47 },
          "end": { "line": 175, "column": 1 }
        },
        "line": 93
      },
      "5": {
        "name": "(anonymous_5)",
        "decl": {
          "start": { "line": 100, "column": 4 },
          "end": { "line": 100, "column": 5 }
        },
        "loc": {
          "start": { "line": 100, "column": 18 },
          "end": { "line": 158, "column": 5 }
        },
        "line": 100
      },
      "6": {
        "name": "stopLocationTracking",
        "decl": {
          "start": { "line": 180, "column": 16 },
          "end": { "line": 180, "column": 36 }
        },
        "loc": {
          "start": { "line": 180, "column": 39 },
          "end": { "line": 195, "column": 1 }
        },
        "line": 180
      },
      "7": {
        "name": "getCurrentLocation",
        "decl": {
          "start": { "line": 202, "column": 16 },
          "end": { "line": 202, "column": 34 }
        },
        "loc": {
          "start": { "line": 202, "column": 49 },
          "end": { "line": 275, "column": 1 }
        },
        "line": 202
      },
      "8": {
        "name": "(anonymous_8)",
        "decl": {
          "start": { "line": 203, "column": 21 },
          "end": { "line": 203, "column": 22 }
        },
        "loc": {
          "start": { "line": 203, "column": 42 },
          "end": { "line": 274, "column": 3 }
        },
        "line": 203
      },
      "9": {
        "name": "(anonymous_9)",
        "decl": {
          "start": { "line": 221, "column": 6 },
          "end": { "line": 221, "column": 7 }
        },
        "loc": {
          "start": { "line": 221, "column": 20 },
          "end": { "line": 265, "column": 7 }
        },
        "line": 221
      },
      "10": {
        "name": "(anonymous_10)",
        "decl": {
          "start": { "line": 267, "column": 6 },
          "end": { "line": 267, "column": 7 }
        },
        "loc": {
          "start": { "line": 267, "column": 17 },
          "end": { "line": 270, "column": 7 }
        },
        "line": 267
      },
      "11": {
        "name": "handleGeolocationError",
        "decl": {
          "start": { "line": 281, "column": 9 },
          "end": { "line": 281, "column": 31 }
        },
        "loc": {
          "start": { "line": 281, "column": 39 },
          "end": { "line": 307, "column": 1 }
        },
        "line": 281
      },
      "12": {
        "name": "isTrackingActive",
        "decl": {
          "start": { "line": 313, "column": 16 },
          "end": { "line": 313, "column": 32 }
        },
        "loc": {
          "start": { "line": 313, "column": 35 },
          "end": { "line": 315, "column": 1 }
        },
        "line": 313
      },
      "13": {
        "name": "getLocationAccuracyLevel",
        "decl": {
          "start": { "line": 322, "column": 16 },
          "end": { "line": 322, "column": 40 }
        },
        "loc": {
          "start": { "line": 322, "column": 51 },
          "end": { "line": 330, "column": 1 }
        },
        "line": 322
      },
      "14": {
        "name": "isLocationRecent",
        "decl": {
          "start": { "line": 338, "column": 16 },
          "end": { "line": 338, "column": 32 }
        },
        "loc": {
          "start": { "line": 338, "column": 60 },
          "end": { "line": 343, "column": 1 }
        },
        "line": 338
      },
      "15": {
        "name": "getLastKnownLocation",
        "decl": {
          "start": { "line": 349, "column": 16 },
          "end": { "line": 349, "column": 36 }
        },
        "loc": {
          "start": { "line": 349, "column": 39 },
          "end": { "line": 365, "column": 1 }
        },
        "line": 349
      },
      "16": {
        "name": "requestLocationPermission",
        "decl": {
          "start": { "line": 372, "column": 16 },
          "end": { "line": 372, "column": 41 }
        },
        "loc": {
          "start": { "line": 372, "column": 44 },
          "end": { "line": 393, "column": 1 }
        },
        "line": 372
      },
      "17": {
        "name": "(anonymous_17)",
        "decl": {
          "start": { "line": 373, "column": 21 },
          "end": { "line": 373, "column": 22 }
        },
        "loc": {
          "start": { "line": 373, "column": 34 },
          "end": { "line": 392, "column": 3 }
        },
        "line": 373
      },
      "18": {
        "name": "(anonymous_18)",
        "decl": {
          "start": { "line": 381, "column": 6 },
          "end": { "line": 381, "column": 7 }
        },
        "loc": {
          "start": { "line": 381, "column": 12 },
          "end": { "line": 384, "column": 7 }
        },
        "line": 381
      },
      "19": {
        "name": "(anonymous_19)",
        "decl": {
          "start": { "line": 385, "column": 6 },
          "end": { "line": 385, "column": 7 }
        },
        "loc": {
          "start": { "line": 385, "column": 17 },
          "end": { "line": 389, "column": 7 }
        },
        "line": 385
      }
    },
    "branchMap": {
      "0": {
        "loc": {
          "start": { "line": 20, "column": 47 },
          "end": { "line": 20, "column": 59 }
        },
        "type": "default-arg",
        "locations": [
          {
            "start": { "line": 20, "column": 57 },
            "end": { "line": 20, "column": 59 }
          }
        ],
        "line": 20
      },
      "1": {
        "loc": {
          "start": { "line": 23, "column": 4 },
          "end": { "line": 28, "column": 5 }
        },
        "type": "if",
        "locations": [
          {
            "start": { "line": 23, "column": 4 },
            "end": { "line": 28, "column": 5 }
          },
          { "start": {}, "end": {} }
        ],
        "line": 23
      },
      "2": {
        "loc": {
          "start": { "line": 49, "column": 37 },
          "end": { "line": 49, "column": 49 }
        },
        "type": "binary-expr",
        "locations": [
          {
            "start": { "line": 49, "column": 37 },
            "end": { "line": 49, "column": 44 }
          },
          {
            "start": { "line": 49, "column": 48 },
            "end": { "line": 49, "column": 49 }
          }
        ],
        "line": 49
      },
      "3": {
        "loc": {
          "start": { "line": 50, "column": 35 },
          "end": { "line": 50, "column": 45 }
        },
        "type": "binary-expr",
        "locations": [
          {
            "start": { "line": 50, "column": 35 },
            "end": { "line": 50, "column": 40 }
          },
          {
            "start": { "line": 50, "column": 44 },
            "end": { "line": 50, "column": 45 }
          }
        ],
        "line": 50
      },
      "4": {
        "loc": {
          "start": { "line": 93, "column": 33 },
          "end": { "line": 93, "column": 45 }
        },
        "type": "default-arg",
        "locations": [
          {
            "start": { "line": 93, "column": 43 },
            "end": { "line": 93, "column": 45 }
          }
        ],
        "line": 93
      },
      "5": {
        "loc": {
          "start": { "line": 112, "column": 6 },
          "end": { "line": 121, "column": 7 }
        },
        "type": "if",
        "locations": [
          {
            "start": { "line": 112, "column": 6 },
            "end": { "line": 121, "column": 7 }
          },
          { "start": {}, "end": {} }
        ],
        "line": 112
      },
      "6": {
        "loc": {
          "start": { "line": 112, "column": 10 },
          "end": { "line": 112, "column": 39 }
        },
        "type": "binary-expr",
        "locations": [
          {
            "start": { "line": 112, "column": 10 },
            "end": { "line": 112, "column": 22 }
          },
          {
            "start": { "line": 112, "column": 26 },
            "end": { "line": 112, "column": 39 }
          }
        ],
        "line": 112
      },
      "7": {
        "loc": {
          "start": { "line": 127, "column": 6 },
          "end": { "line": 129, "column": 7 }
        },
        "type": "if",
        "locations": [
          {
            "start": { "line": 127, "column": 6 },
            "end": { "line": 129, "column": 7 }
          },
          { "start": {}, "end": {} }
        ],
        "line": 127
      },
      "8": {
        "loc": {
          "start": { "line": 127, "column": 10 },
          "end": { "line": 127, "column": 68 }
        },
        "type": "binary-expr",
        "locations": [
          {
            "start": { "line": 127, "column": 10 },
            "end": { "line": 127, "column": 41 }
          },
          {
            "start": { "line": 127, "column": 45 },
            "end": { "line": 127, "column": 68 }
          }
        ],
        "line": 127
      },
      "9": {
        "loc": {
          "start": { "line": 139, "column": 8 },
          "end": { "line": 139, "column": 52 }
        },
        "type": "binary-expr",
        "locations": [
          {
            "start": { "line": 139, "column": 8 },
            "end": { "line": 139, "column": 15 }
          },
          {
            "start": { "line": 139, "column": 19 },
            "end": { "line": 139, "column": 47 }
          },
          {
            "start": { "line": 139, "column": 51 },
            "end": { "line": 139, "column": 52 }
          }
        ],
        "line": 139
      },
      "10": {
        "loc": {
          "start": { "line": 141, "column": 33 },
          "end": { "line": 141, "column": 43 }
        },
        "type": "binary-expr",
        "locations": [
          {
            "start": { "line": 141, "column": 33 },
            "end": { "line": 141, "column": 38 }
          },
          {
            "start": { "line": 141, "column": 42 },
            "end": { "line": 141, "column": 43 }
          }
        ],
        "line": 141
      },
      "11": {
        "loc": {
          "start": { "line": 184, "column": 2 },
          "end": { "line": 194, "column": 3 }
        },
        "type": "if",
        "locations": [
          {
            "start": { "line": 184, "column": 2 },
            "end": { "line": 194, "column": 3 }
          },
          { "start": {}, "end": {} }
        ],
        "line": 184
      },
      "12": {
        "loc": {
          "start": { "line": 202, "column": 35 },
          "end": { "line": 202, "column": 47 }
        },
        "type": "default-arg",
        "locations": [
          {
            "start": { "line": 202, "column": 45 },
            "end": { "line": 202, "column": 47 }
          }
        ],
        "line": 202
      },
      "13": {
        "loc": {
          "start": { "line": 205, "column": 4 },
          "end": { "line": 210, "column": 5 }
        },
        "type": "if",
        "locations": [
          {
            "start": { "line": 205, "column": 4 },
            "end": { "line": 210, "column": 5 }
          },
          { "start": {}, "end": {} }
        ],
        "line": 205
      },
      "14": {
        "loc": {
          "start": { "line": 230, "column": 19 },
          "end": { "line": 230, "column": 31 }
        },
        "type": "binary-expr",
        "locations": [
          {
            "start": { "line": 230, "column": 19 },
            "end": { "line": 230, "column": 26 }
          },
          {
            "start": { "line": 230, "column": 30 },
            "end": { "line": 230, "column": 31 }
          }
        ],
        "line": 230
      },
      "15": {
        "loc": {
          "start": { "line": 231, "column": 17 },
          "end": { "line": 231, "column": 27 }
        },
        "type": "binary-expr",
        "locations": [
          {
            "start": { "line": 231, "column": 17 },
            "end": { "line": 231, "column": 22 }
          },
          {
            "start": { "line": 231, "column": 26 },
            "end": { "line": 231, "column": 27 }
          }
        ],
        "line": 231
      },
      "16": {
        "loc": {
          "start": { "line": 236, "column": 8 },
          "end": { "line": 245, "column": 9 }
        },
        "type": "if",
        "locations": [
          {
            "start": { "line": 236, "column": 8 },
            "end": { "line": 245, "column": 9 }
          },
          { "start": {}, "end": {} }
        ],
        "line": 236
      },
      "17": {
        "loc": {
          "start": { "line": 242, "column": 39 },
          "end": { "line": 242, "column": 51 }
        },
        "type": "binary-expr",
        "locations": [
          {
            "start": { "line": 242, "column": 39 },
            "end": { "line": 242, "column": 46 }
          },
          {
            "start": { "line": 242, "column": 50 },
            "end": { "line": 242, "column": 51 }
          }
        ],
        "line": 242
      },
      "18": {
        "loc": {
          "start": { "line": 243, "column": 37 },
          "end": { "line": 243, "column": 47 }
        },
        "type": "binary-expr",
        "locations": [
          {
            "start": { "line": 243, "column": 37 },
            "end": { "line": 243, "column": 42 }
          },
          {
            "start": { "line": 243, "column": 46 },
            "end": { "line": 243, "column": 47 }
          }
        ],
        "line": 243
      },
      "19": {
        "loc": {
          "start": { "line": 248, "column": 8 },
          "end": { "line": 250, "column": 9 }
        },
        "type": "if",
        "locations": [
          {
            "start": { "line": 248, "column": 8 },
            "end": { "line": 250, "column": 9 }
          },
          { "start": {}, "end": {} }
        ],
        "line": 248
      },
      "20": {
        "loc": {
          "start": { "line": 253, "column": 8 },
          "end": { "line": 258, "column": 9 }
        },
        "type": "if",
        "locations": [
          {
            "start": { "line": 253, "column": 8 },
            "end": { "line": 258, "column": 9 }
          },
          { "start": {}, "end": {} }
        ],
        "line": 253
      },
      "21": {
        "loc": {
          "start": { "line": 256, "column": 28 },
          "end": { "line": 256, "column": 55 }
        },
        "type": "binary-expr",
        "locations": [
          {
            "start": { "line": 256, "column": 28 },
            "end": { "line": 256, "column": 50 }
          },
          {
            "start": { "line": 256, "column": 54 },
            "end": { "line": 256, "column": 55 }
          }
        ],
        "line": 256
      },
      "22": {
        "loc": {
          "start": { "line": 287, "column": 2 },
          "end": { "line": 297, "column": 3 }
        },
        "type": "switch",
        "locations": [
          {
            "start": { "line": 288, "column": 4 },
            "end": { "line": 290, "column": 12 }
          },
          {
            "start": { "line": 291, "column": 4 },
            "end": { "line": 293, "column": 12 }
          },
          {
            "start": { "line": 294, "column": 4 },
            "end": { "line": 296, "column": 12 }
          }
        ],
        "line": 287
      },
      "23": {
        "loc": {
          "start": { "line": 305, "column": 13 },
          "end": { "line": 305, "column": 48 }
        },
        "type": "binary-expr",
        "locations": [
          {
            "start": { "line": 305, "column": 13 },
            "end": { "line": 305, "column": 26 }
          },
          {
            "start": { "line": 305, "column": 30 },
            "end": { "line": 305, "column": 48 }
          }
        ],
        "line": 305
      },
      "24": {
        "loc": {
          "start": { "line": 323, "column": 2 },
          "end": { "line": 323, "column": 56 }
        },
        "type": "if",
        "locations": [
          {
            "start": { "line": 323, "column": 2 },
            "end": { "line": 323, "column": 56 }
          },
          { "start": {}, "end": {} }
        ],
        "line": 323
      },
      "25": {
        "loc": {
          "start": { "line": 323, "column": 6 },
          "end": { "line": 323, "column": 37 }
        },
        "type": "binary-expr",
        "locations": [
          {
            "start": { "line": 323, "column": 6 },
            "end": { "line": 323, "column": 15 }
          },
          {
            "start": { "line": 323, "column": 19 },
            "end": { "line": 323, "column": 37 }
          }
        ],
        "line": 323
      },
      "26": {
        "loc": {
          "start": { "line": 327, "column": 2 },
          "end": { "line": 327, "column": 36 }
        },
        "type": "if",
        "locations": [
          {
            "start": { "line": 327, "column": 2 },
            "end": { "line": 327, "column": 36 }
          },
          { "start": {}, "end": {} }
        ],
        "line": 327
      },
      "27": {
        "loc": {
          "start": { "line": 328, "column": 2 },
          "end": { "line": 328, "column": 38 }
        },
        "type": "if",
        "locations": [
          {
            "start": { "line": 328, "column": 2 },
            "end": { "line": 328, "column": 38 }
          },
          { "start": {}, "end": {} }
        ],
        "line": 328
      },
      "28": {
        "loc": {
          "start": { "line": 338, "column": 44 },
          "end": { "line": 338, "column": 58 }
        },
        "type": "default-arg",
        "locations": [
          {
            "start": { "line": 338, "column": 53 },
            "end": { "line": 338, "column": 58 }
          }
        ],
        "line": 338
      },
      "29": {
        "loc": {
          "start": { "line": 339, "column": 2 },
          "end": { "line": 339, "column": 31 }
        },
        "type": "if",
        "locations": [
          {
            "start": { "line": 339, "column": 2 },
            "end": { "line": 339, "column": 31 }
          },
          { "start": {}, "end": {} }
        ],
        "line": 339
      },
      "30": {
        "loc": {
          "start": { "line": 355, "column": 2 },
          "end": { "line": 355, "column": 29 }
        },
        "type": "if",
        "locations": [
          {
            "start": { "line": 355, "column": 2 },
            "end": { "line": 355, "column": 29 }
[...]
      },
      "53": {
        "start": { "line": 203, "column": 2 },
        "end": { "line": 205, "column": 4 }
      },
      "54": {
        "start": { "line": 214, "column": 17 },
        "end": { "line": 214, "column": 53 }
      },
      "55": {
        "start": { "line": 215, "column": 17 },
        "end": { "line": 215, "column": 19 }
      },
      "56": {
        "start": { "line": 217, "column": 2 },
        "end": { "line": 219, "column": 3 }
      },
      "57": {
        "start": { "line": 218, "column": 4 },
        "end": { "line": 218, "column": 24 }
      },
      "58": {
        "start": { "line": 221, "column": 2 },
        "end": { "line": 221, "column": 16 }
      }
    },
    "fnMap": {
      "0": {
        "name": "debounce",
        "decl": {
          "start": { "line": 14, "column": 16 },
          "end": { "line": 14, "column": 24 }
        },
        "loc": {
          "start": { "line": 14, "column": 56 },
          "end": { "line": 32, "column": 1 }
        },
        "line": 14
      },
      "1": {
        "name": "executedFunction",
        "decl": {
          "start": { "line": 17, "column": 18 },
          "end": { "line": 17, "column": 34 }
        },
        "loc": {
          "start": { "line": 17, "column": 44 },
          "end": { "line": 31, "column": 3 }
        },
        "line": 17
      },
      "2": {
        "name": "(anonymous_2)",
        "decl": {
          "start": { "line": 20, "column": 18 },
          "end": { "line": 20, "column": 19 }
        },
        "loc": {
          "start": { "line": 20, "column": 30 },
          "end": { "line": 23, "column": 5 }
        },
        "line": 20
      },
      "3": {
        "name": "throttle",
        "decl": {
          "start": { "line": 40, "column": 16 },
          "end": { "line": 40, "column": 24 }
        },
        "loc": {
          "start": { "line": 40, "column": 38 },
          "end": { "line": 66, "column": 1 }
        },
        "line": 40
      },
      "4": {
        "name": "(anonymous_4)",
        "decl": {
          "start": { "line": 45, "column": 9 },
          "end": { "line": 45, "column": 10 }
        },
        "loc": {
          "start": { "line": 45, "column": 28 },
          "end": { "line": 65, "column": 3 }
        },
        "line": 45
      },
      "5": {
        "name": "(anonymous_5)",
        "decl": {
          "start": { "line": 56, "column": 8 },
          "end": { "line": 56, "column": 9 }
        },
        "loc": {
          "start": { "line": 56, "column": 20 },
          "end": { "line": 61, "column": 9 }
        },
        "line": 56
      },
      "6": {
        "name": "generateId",
        "decl": {
          "start": { "line": 73, "column": 16 },
          "end": { "line": 73, "column": 26 }
        },
        "loc": {
          "start": { "line": 73, "column": 40 },
          "end": { "line": 75, "column": 1 }
        },
        "line": 73
      },
      "7": {
        "name": "smoothValue",
        "decl": {
          "start": { "line": 85, "column": 16 },
          "end": { "line": 85, "column": 27 }
        },
        "loc": {
          "start": { "line": 85, "column": 65 },
          "end": { "line": 90, "column": 1 }
        },
        "line": 85
      },
      "8": {
        "name": "smoothCoordinate",
        "decl": {
          "start": { "line": 99, "column": 16 },
          "end": { "line": 99, "column": 32 }
        },
        "loc": {
          "start": { "line": 99, "column": 70 },
          "end": { "line": 108, "column": 1 }
        },
        "line": 99
      },
      "9": {
        "name": "movingAverage",
        "decl": {
          "start": { "line": 116, "column": 16 },
          "end": { "line": 116, "column": 29 }
        },
        "loc": {
          "start": { "line": 116, "column": 54 },
          "end": { "line": 122, "column": 1 }
        },
        "line": 116
      },
      "10": {
        "name": "(anonymous_10)",
        "decl": {
          "start": { "line": 120, "column": 28 },
          "end": { "line": 120, "column": 29 }
        },
        "loc": {
          "start": { "line": 120, "column": 42 },
          "end": { "line": 120, "column": 51 }
        },
        "line": 120
      },
      "11": {
        "name": "formatDateTime",
        "decl": {
          "start": { "line": 131, "column": 16 },
          "end": { "line": 131, "column": 30 }
        },
        "loc": {
          "start": { "line": 131, "column": 73 },
          "end": { "line": 144, "column": 1 }
        },
        "line": 131
      },
      "12": {
        "name": "validateObject",
        "decl": {
          "start": { "line": 152, "column": 16 },
          "end": { "line": 152, "column": 30 }
        },
        "loc": {
          "start": { "line": 152, "column": 51 },
          "end": { "line": 166, "column": 1 }
        },
        "line": 152
      },
      "13": {
        "name": "(anonymous_13)",
        "decl": {
          "start": { "line": 155, "column": 29 },
          "end": { "line": 155, "column": 30 }
        },
        "loc": {
          "start": { "line": 155, "column": 39 },
          "end": { "line": 165, "column": 3 }
        },
        "line": 155
      },
      "14": {
        "name": "escapeHTML",
        "decl": {
          "start": { "line": 173, "column": 16 },
          "end": { "line": 173, "column": 26 }
        },
        "loc": {
          "start": { "line": 173, "column": 33 },
          "end": { "line": 177, "column": 1 }
        },
        "line": 173
      },
      "15": {
        "name": "isOffline",
        "decl": {
          "start": { "line": 183, "column": 16 },
          "end": { "line": 183, "column": 25 }
        },
        "loc": {
          "start": { "line": 183, "column": 28 },
          "end": { "line": 185, "column": 1 }
        },
        "line": 183
      },
      "16": {
        "name": "isPWA",
        "decl": {
          "start": { "line": 191, "column": 16 },
          "end": { "line": 191, "column": 21 }
        },
        "loc": {
          "start": { "line": 191, "column": 24 },
          "end": { "line": 196, "column": 1 }
        },
        "line": 191
      },
      "17": {
        "name": "isMobile",
        "decl": {
          "start": { "line": 202, "column": 16 },
          "end": { "line": 202, "column": 24 }
        },
        "loc": {
          "start": { "line": 202, "column": 27 },
          "end": { "line": 206, "column": 1 }
        },
        "line": 202
      },
      "18": {
        "name": "getQueryParams",
        "decl": {
          "start": { "line": 213, "column": 16 },
          "end": { "line": 213, "column": 30 }
        },
        "loc": {
          "start": { "line": 213, "column": 36 },
          "end": { "line": 222, "column": 1 }
        },
        "line": 213
      }
    },
    "branchMap": {
      "0": {
        "loc": {
          "start": { "line": 14, "column": 37 },
          "end": { "line": 14, "column": 54 }
        },
        "type": "default-arg",
        "locations": [
          {
            "start": { "line": 14, "column": 49 },
            "end": { "line": 14, "column": 54 }
          }
        ],
        "line": 14
      },
      "1": {
        "loc": {
          "start": { "line": 22, "column": 6 },
          "end": { "line": 22, "column": 48 }
        },
        "type": "if",
        "locations": [
          {
            "start": { "line": 22, "column": 6 },
            "end": { "line": 22, "column": 48 }
          },
          { "start": {}, "end": {} }
        ],
        "line": 22
      },
      "2": {
        "loc": {
          "start": { "line": 25, "column": 20 },
          "end": { "line": 25, "column": 41 }
        },
        "type": "binary-expr",
        "locations": [
          {
            "start": { "line": 25, "column": 20 },
            "end": { "line": 25, "column": 29 }
          },
          {
            "start": { "line": 25, "column": 33 },
            "end": { "line": 25, "column": 41 }
          }
        ],
        "line": 25
      },
      "3": {
        "loc": {
          "start": { "line": 30, "column": 4 },
          "end": { "line": 30, "column": 43 }
        },
        "type": "if",
        "locations": [
          {
            "start": { "line": 30, "column": 4 },
            "end": { "line": 30, "column": 43 }
          },
          { "start": {}, "end": {} }
        ],
        "line": 30
      },
      "4": {
        "loc": {
          "start": { "line": 48, "column": 4 },
          "end": { "line": 64, "column": 5 }
        },
        "type": "if",
        "locations": [
          {
            "start": { "line": 48, "column": 4 },
            "end": { "line": 64, "column": 5 }
          },
          {
            "start": { "line": 52, "column": 11 },
            "end": { "line": 64, "column": 5 }
          }
        ],
        "line": 48
      },
      "5": {
        "loc": {
          "start": { "line": 57, "column": 10 },
          "end": { "line": 60, "column": 11 }
        },
        "type": "if",
        "locations": [
          {
            "start": { "line": 57, "column": 10 },
            "end": { "line": 60, "column": 11 }
          },
          { "start": {}, "end": {} }
        ],
        "line": 57
      },
      "6": {
        "loc": {
          "start": { "line": 73, "column": 27 },
          "end": { "line": 73, "column": 38 }
        },
        "type": "default-arg",
        "locations": [
          {
            "start": { "line": 73, "column": 36 },
            "end": { "line": 73, "column": 38 }
          }
        ],
        "line": 73
      },
      "7": {
        "loc": {
          "start": { "line": 85, "column": 52 },
          "end": { "line": 85, "column": 63 }
        },
        "type": "default-arg",
        "locations": [
          {
            "start": { "line": 85, "column": 60 },
            "end": { "line": 85, "column": 63 }
          }
        ],
        "line": 85
      },
      "8": {
        "loc": {
          "start": { "line": 86, "column": 2 },
          "end": { "line": 88, "column": 3 }
        },
        "type": "if",
        "locations": [
          {
            "start": { "line": 86, "column": 2 },
            "end": { "line": 88, "column": 3 }
          },
          { "start": {}, "end": {} }
        ],
        "line": 86
      },
      "9": {
        "loc": {
          "start": { "line": 86, "column": 6 },
          "end": { "line": 86, "column": 57 }
        },
        "type": "binary-expr",
        "locations": [
          {
            "start": { "line": 86, "column": 6 },
            "end": { "line": 86, "column": 27 }
          },
          {
            "start": { "line": 86, "column": 31 },
            "end": { "line": 86, "column": 57 }
          }
        ],
        "line": 86
      },
      "10": {
        "loc": {
          "start": { "line": 99, "column": 57 },
          "end": { "line": 99, "column": 68 }
        },
        "type": "default-arg",
        "locations": [
          {
            "start": { "line": 99, "column": 65 },
            "end": { "line": 99, "column": 68 }
          }
        ],
        "line": 99
      },
      "11": {
        "loc": {
          "start": { "line": 100, "column": 2 },
          "end": { "line": 102, "column": 3 }
        },
        "type": "if",
        "locations": [
          {
            "start": { "line": 100, "column": 2 },
            "end": { "line": 102, "column": 3 }
          },
          { "start": {}, "end": {} }
        ],
        "line": 100
      },
      "12": {
        "loc": {
          "start": { "line": 100, "column": 6 },
          "end": { "line": 100, "column": 32 }
        },
        "type": "binary-expr",
        "locations": [
          {
            "start": { "line": 100, "column": 6 },
            "end": { "line": 100, "column": 19 }
          },
          {
            "start": { "line": 100, "column": 23 },
            "end": { "line": 100, "column": 32 }
          }
        ],
        "line": 100
      },
      "13": {
        "loc": {
          "start": { "line": 116, "column": 38 },
          "end": { "line": 116, "column": 52 }
        },
        "type": "default-arg",
        "locations": [
          {
            "start": { "line": 116, "column": 51 },
            "end": { "line": 116, "column": 52 }
          }
        ],
        "line": 116
      },
      "14": {
        "loc": {
          "start": { "line": 117, "column": 2 },
          "end": { "line": 117, "column": 47 }
        },
        "type": "if",
        "locations": [
          {
            "start": { "line": 117, "column": 2 },
            "end": { "line": 117, "column": 47 }
          },
          { "start": {}, "end": {} }
        ],
        "line": 117
      },
      "15": {
        "loc": {
          "start": { "line": 117, "column": 6 },
          "end": { "line": 117, "column": 36 }
        },
        "type": "binary-expr",
        "locations": [
          {
            "start": { "line": 117, "column": 6 },
            "end": { "line": 117, "column": 13 }
          },
          {
            "start": { "line": 117, "column": 17 },
            "end": { "line": 117, "column": 36 }
          }
        ],
        "line": 117
      },
      "16": {
        "loc": {
          "start": { "line": 131, "column": 37 },
          "end": { "line": 131, "column": 53 }
        },
        "type": "default-arg",
        "locations": [
          {
            "start": { "line": 131, "column": 46 },
            "end": { "line": 131, "column": 53 }
          }
        ],
        "line": 131
      },
      "17": {
        "loc": {
          "start": { "line": 131, "column": 55 },
          "end": { "line": 131, "column": 71 }
        },
        "type": "default-arg",
        "locations": [
          {
            "start": { "line": 131, "column": 64 },
            "end": { "line": 131, "column": 71 }
          }
        ],
        "line": 131
      },
      "18": {
        "loc": {
          "start": { "line": 132, "column": 18 },
          "end": { "line": 132, "column": 62 }
        },
        "type": "cond-expr",
        "locations": [
          {
            "start": { "line": 132, "column": 41 },
            "end": { "line": 132, "column": 45 }
          },
          {
            "start": { "line": 132, "column": 48 },
            "end": { "line": 132, "column": 62 }
          }
        ],
        "line": 132
      },
      "19": {
        "loc": {
          "start": { "line": 142, "column": 4 },
          "end": { "line": 142, "column": 36 }
        },
        "type": "binary-expr",
        "locations": [
          {
            "start": { "line": 142, "column": 4 },
            "end": { "line": 142, "column": 19 }
          },
          {
            "start": { "line": 142, "column": 23 },
            "end": { "line": 142, "column": 36 }
          }
        ],
        "line": 142
      },
      "20": {
        "loc": {
          "start": { "line": 153, "column": 2 },
          "end": { "line": 153, "column": 52 }
        },
        "type": "if",
        "locations": [
          {
            "start": { "line": 153, "column": 2 },
            "end": { "line": 153, "column": 52 }
          },
          { "start": {}, "end": {} }
        ],
        "line": 153
      },
      "21": {
        "loc": {
          "start": { "line": 153, "column": 6 },
          "end": { "line": 153, "column": 37 }
        },
        "type": "binary-expr",
        "locations": [
          {
            "start": { "line": 153, "column": 6 },
            "end": { "line": 153, "column": 10 }
          },
          {
            "start": { "line": 153, "column": 14 },
            "end": { "line": 153, "column": 37 }
          }
        ],
        "line": 153
      },
      "22": {
        "loc": {
          "start": { "line": 160, "column": 6 },
          "end": { "line": 160, "column": 62 }
        },
        "type": "if",
        "locations": [
          {
            "start": { "line": 160, "column": 6 },
            "end": { "line": 160, "column": 62 }
          },
          { "start": {}, "end": {} }
        ],
        "line": 160
      },
      "23": {
        "loc": {
          "start": { "line": 160, "column": 10 },
          "end": { "line": 160, "column": 47 }
        },
        "type": "binary-expr",
        "locations": [
          {
            "start": { "line": 160, "column": 10 },
            "end": { "line": 160, "column": 29 }
          },
          {
            "start": { "line": 160, "column": 33 },
            "end": { "line": 160, "column": 47 }
          }
        ],
        "line": 160
      },
      "24": {
        "loc": {
          "start": { "line": 164, "column": 11 },
          "end": { "line": 164, "column": 48 }
        },
        "type": "binary-expr",
        "locations": [
          {
            "start": { "line": 164, "column": 11 },
            "end": { "line": 164, "column": 30 }
          },
          {
            "start": { "line": 164, "column": 34 },
            "end": { "line": 164, "column": 48 }
          }
        ],
        "line": 164
      },
      "25": {
        "loc": {
          "start": { "line": 193, "column": 4 },
          "end": { "line": 194, "column": 40 }
        },
        "type": "binary-expr",
        "locations": [
          {
            "start": { "line": 193, "column": 4 },
            "end": { "line": 193, "column": 59 }
          },
          {
            "start": { "line": 194, "column": 4 },
            "end": { "line": 194, "column": 40 }
          }
        ],
        "line": 193
      },
      "26": {
        "loc": {
          "start": { "line": 214, "column": 25 },
          "end": { "line": 214, "column": 52 }
        },
        "type": "binary-expr",
        "locations": [
          {
            "start": { "line": 214, "column": 25 },
            "end": { "line": 214, "column": 28 }
          },
          {
            "start": { "line": 214, "column": 32 },
            "end": { "line": 214, "column": 52 }
          }
        ],
        "line": 214
      }
    },
    "s": {
      "0": 0,
      "1": 0,
      "2": 0,
      "3": 0,
      "4": 0,
      "5": 0,
      "6": 0,
      "7": 0,
      "8": 0,
      "9": 0,
      "10": 0,
      "11": 0,
      "12": 0,
      "13": 0,
      "14": 0,
      "15": 0,
      "16": 0,
      "17": 0,
      "18": 0,
      "19": 0,
      "20": 0,
      "21": 0,
      "22": 0,
      "23": 0,
      "24": 0,
      "25": 0,
      "26": 0,
      "27": 0,
      "28": 0,
      "29": 0,
      "30": 0,
      "31": 0,
      "32": 0,
      "33": 0,
      "34": 0,
      "35": 0,
      "36": 0,
      "37": 0,
      "38": 0,
      "39": 0,
      "40": 0,
      "41": 0,
      "42": 0,
      "43": 0,
      "44": 0,
      "45": 0,
      "46": 0,
      "47": 0,
      "48": 0,
      "49": 0,
      "50": 0,
      "51": 0,
      "52": 0,
      "53": 0,
      "54": 0,
      "55": 0,
      "56": 0,
      "57": 0,
      "58": 0
    },
    "f": {
      "0": 0,
      "1": 0,
      "2": 0,
      "3": 0,
      "4": 0,
      "5": 0,
      "6": 0,
      "7": 0,
      "8": 0,
      "9": 0,
      "10": 0,
      "11": 0,
      "12": 0,
      "13": 0,
      "14": 0,
      "15": 0,
      "16": 0,
      "17": 0,
      "18": 0
    },
    "b": {
      "0": [0],
      "1": [0, 0],
      "2": [0, 0],
      "3": [0, 0],
      "4": [0, 0],
      "5": [0, 0],
      "6": [0],
      "7": [0],
      "8": [0, 0],
      "9": [0, 0],
      "10": [0],
      "11": [0, 0],
      "12": [0, 0],
      "13": [0],
      "14": [0, 0],
      "15": [0, 0],
      "16": [0],
      "17": [0],
      "18": [0, 0],
      "19": [0, 0],
      "20": [0, 0],
      "21": [0, 0],
      "22": [0, 0],
      "23": [0, 0],
      "24": [0, 0],
      "25": [0, 0],
      "26": [0, 0]
    },
    "_coverageSchema": "1a1c01bbd47fc00a2c39e90264f33305004495a9",
    "hash": "d74a813d619c13fb1eec94bd2dd7735d41bcb470"
  }
}
