{"C:\\Users\\Luiz Idebook\\mapa-morro-digital\\mapa-morro-digital-test\\js\\core\\config.js": {"path":"C:\\Users\\Luiz Idebook\\mapa-morro-digital\\mapa-morro-digital-test\\js\\core\\config.js","statementMap":{"0":{"start":{"line":3,"column":17},"end":{"line":3,"column":50}},"1":{"start":{"line":4,"column":2},"end":{"line":4,"column":45}},"2":{"start":{"line":4,"column":14},"end":{"line":4,"column":45}},"3":{"start":{"line":5,"column":2},"end":{"line":13,"column":3}},"4":{"start":{"line":6,"column":4},"end":{"line":6,"column":56}},"5":{"start":{"line":6,"column":29},"end":{"line":6,"column":54}},"6":{"start":{"line":7,"column":4},"end":{"line":7,"column":46}},"7":{"start":{"line":7,"column":16},"end":{"line":7,"column":46}},"8":{"start":{"line":8,"column":4},"end":{"line":8,"column":52}},"9":{"start":{"line":9,"column":4},"end":{"line":9,"column":51}},"10":{"start":{"line":9,"column":40},"end":{"line":9,"column":51}},"11":{"start":{"line":11,"column":4},"end":{"line":11,"column":46}},"12":{"start":{"line":11,"column":16},"end":{"line":11,"column":46}},"13":{"start":{"line":12,"column":4},"end":{"line":12,"column":56}},"14":{"start":{"line":19,"column":16},"end":{"line":19,"column":56}},"15":{"start":{"line":20,"column":2},"end":{"line":20,"column":21}},"16":{"start":{"line":20,"column":14},"end":{"line":20,"column":21}},"17":{"start":{"line":21,"column":2},"end":{"line":21,"column":32}},"18":{"start":{"line":22,"column":2},"end":{"line":24,"column":5}},"19":{"start":{"line":23,"column":4},"end":{"line":23,"column":37}},"20":{"start":{"line":25,"column":2},"end":{"line":25,"column":50}},"21":{"start":{"line":30,"column":2},"end":{"line":45,"column":3}},"22":{"start":{"line":31,"column":31},"end":{"line":31,"column":55}},"23":{"start":{"line":32,"column":28},"end":{"line":32,"column":32}},"24":{"start":{"line":34,"column":4},"end":{"line":39,"column":5}},"25":{"start":{"line":35,"column":6},"end":{"line":37,"column":8}},"26":{"start":{"line":38,"column":6},"end":{"line":38,"column":29}},"27":{"start":{"line":41,"column":4},"end":{"line":41,"column":52}},"28":{"start":{"line":42,"column":4},"end":{"line":42,"column":49}},"29":{"start":{"line":44,"column":4},"end":{"line":44,"column":54}},"30":{"start":{"line":50,"column":30},"end":{"line":50,"column":70}},"31":{"start":{"line":51,"column":28},"end":{"line":51,"column":29}},"32":{"start":{"line":53,"column":2},"end":{"line":70,"column":5}},"33":{"start":{"line":54,"column":16},"end":{"line":54,"column":49}},"34":{"start":{"line":55,"column":22},"end":{"line":55,"column":47}},"35":{"start":{"line":57,"column":4},"end":{"line":61,"column":5}},"36":{"start":{"line":58,"column":6},"end":{"line":58,"column":28}},"37":{"start":{"line":59,"column":6},"end":{"line":59,"column":68}},"38":{"start":{"line":60,"column":6},"end":{"line":60,"column":24}},"39":{"start":{"line":63,"column":4},"end":{"line":69,"column":5}},"40":{"start":{"line":64,"column":6},"end":{"line":64,"column":40}},"41":{"start":{"line":65,"column":11},"end":{"line":69,"column":5}},"42":{"start":{"line":66,"column":6},"end":{"line":66,"column":34}},"43":{"start":{"line":68,"column":6},"end":{"line":68,"column":40}},"44":{"start":{"line":72,"column":2},"end":{"line":76,"column":3}},"45":{"start":{"line":73,"column":4},"end":{"line":73,"column":72}},"46":{"start":{"line":75,"column":4},"end":{"line":75,"column":74}}},"fnMap":{"0":{"name":"loadResources","decl":{"start":{"line":2,"column":16},"end":{"line":2,"column":29}},"loc":{"start":{"line":2,"column":40},"end":{"line":14,"column":1}},"line":2},"1":{"name":"(anonymous_1)","decl":{"start":{"line":6,"column":16},"end":{"line":6,"column":17}},"loc":{"start":{"line":6,"column":29},"end":{"line":6,"column":54}},"line":6},"2":{"name":"showWelcomeMessage","decl":{"start":{"line":18,"column":16},"end":{"line":18,"column":34}},"loc":{"start":{"line":18,"column":37},"end":{"line":26,"column":1}},"line":18},"3":{"name":"(anonymous_3)","decl":{"start":{"line":22,"column":49},"end":{"line":22,"column":50}},"loc":{"start":{"line":22,"column":58},"end":{"line":24,"column":3}},"line":22},"4":{"name":"setLanguage","decl":{"start":{"line":29,"column":16},"end":{"line":29,"column":27}},"loc":{"start":{"line":29,"column":34},"end":{"line":46,"column":1}},"line":29},"5":{"name":"updateInterfaceLanguage","decl":{"start":{"line":49,"column":16},"end":{"line":49,"column":39}},"loc":{"start":{"line":49,"column":46},"end":{"line":77,"column":1}},"line":49},"6":{"name":"(anonymous_6)","decl":{"start":{"line":53,"column":30},"end":{"line":53,"column":31}},"loc":{"start":{"line":53,"column":43},"end":{"line":70,"column":3}},"line":53}},"branchMap":{"0":{"loc":{"start":{"line":4,"column":2},"end":{"line":4,"column":45}},"type":"if","locations":[{"start":{"line":4,"column":2},"end":{"line":4,"column":45}},{"start":{},"end":{}}],"line":4},"1":{"loc":{"start":{"line":7,"column":4},"end":{"line":7,"column":46}},"type":"if","locations":[{"start":{"line":7,"column":4},"end":{"line":7,"column":46}},{"start":{},"end":{}}],"line":7},"2":{"loc":{"start":{"line":9,"column":4},"end":{"line":9,"column":51}},"type":"if","locations":[{"start":{"line":9,"column":4},"end":{"line":9,"column":51}},{"start":{},"end":{}}],"line":9},"3":{"loc":{"start":{"line":11,"column":4},"end":{"line":11,"column":46}},"type":"if","locations":[{"start":{"line":11,"column":4},"end":{"line":11,"column":46}},{"start":{},"end":{}}],"line":11},"4":{"loc":{"start":{"line":20,"column":2},"end":{"line":20,"column":21}},"type":"if","locations":[{"start":{"line":20,"column":2},"end":{"line":20,"column":21}},{"start":{},"end":{}}],"line":20},"5":{"loc":{"start":{"line":34,"column":4},"end":{"line":39,"column":5}},"type":"if","locations":[{"start":{"line":34,"column":4},"end":{"line":39,"column":5}},{"start":{},"end":{}}],"line":34},"6":{"loc":{"start":{"line":57,"column":4},"end":{"line":61,"column":5}},"type":"if","locations":[{"start":{"line":57,"column":4},"end":{"line":61,"column":5}},{"start":{},"end":{}}],"line":57},"7":{"loc":{"start":{"line":57,"column":8},"end":{"line":57,"column":52}},"type":"binary-expr","locations":[{"start":{"line":57,"column":8},"end":{"line":57,"column":20}},{"start":{"line":57,"column":24},"end":{"line":57,"column":52}}],"line":57},"8":{"loc":{"start":{"line":63,"column":4},"end":{"line":69,"column":5}},"type":"if","locations":[{"start":{"line":63,"column":4},"end":{"line":69,"column":5}},{"start":{"line":65,"column":11},"end":{"line":69,"column":5}}],"line":63},"9":{"loc":{"start":{"line":63,"column":8},"end":{"line":63,"column":69}},"type":"binary-expr","locations":[{"start":{"line":63,"column":8},"end":{"line":63,"column":35}},{"start":{"line":63,"column":39},"end":{"line":63,"column":69}}],"line":63},"10":{"loc":{"start":{"line":65,"column":11},"end":{"line":69,"column":5}},"type":"if","locations":[{"start":{"line":65,"column":11},"end":{"line":69,"column":5}},{"start":{"line":67,"column":11},"end":{"line":69,"column":5}}],"line":65},"11":{"loc":{"start":{"line":72,"column":2},"end":{"line":76,"column":3}},"type":"if","locations":[{"start":{"line":72,"column":2},"end":{"line":76,"column":3}},{"start":{"line":74,"column":9},"end":{"line":76,"column":3}}],"line":72}},"s":{"0":1,"1":1,"2":1,"3":1,"4":1,"5":1,"6":1,"7":1,"8":1,"9":1,"10":1,"11":0,"12":0,"13":0,"14":1,"15":1,"16":0,"17":1,"18":1,"19":2,"20":1,"21":1,"22":1,"23":1,"24":1,"25":0,"26":0,"27":1,"28":1,"29":0,"30":2,"31":2,"32":2,"33":3,"34":3,"35":3,"36":1,"37":1,"38":1,"39":3,"40":1,"41":2,"42":0,"43":2,"44":2,"45":1,"46":1},"f":{"0":1,"1":1,"2":1,"3":2,"4":1,"5":2,"6":3},"b":{"0":[1,0],"1":[1,0],"2":[1,0],"3":[0,0],"4":[0,1],"5":[0,1],"6":[1,2],"7":[3,3],"8":[1,2],"9":[3,2],"10":[0,2],"11":[1,1]},"_coverageSchema":"1a1c01bbd47fc00a2c39e90264f33305004495a9","hash":"6733e6d619abbdf257d0fff74322eba3f76c37c7"}
,"C:\\Users\\Luiz Idebook\\mapa-morro-digital\\mapa-morro-digital-test\\js\\core\\constants.js": {"path":"C:\\Users\\Luiz Idebook\\mapa-morro-digital\\mapa-morro-digital-test\\js\\core\\constants.js","statementMap":{"0":{"start":{"line":3,"column":2},"end":{"line":3,"column":60}},"1":{"start":{"line":4,"column":29},"end":{"line":4,"column":73}},"2":{"start":{"line":5,"column":32},"end":{"line":5,"column":73}},"3":{"start":{"line":8,"column":23},"end":{"line":31,"column":1}},"4":{"start":{"line":34,"column":38},"end":{"line":34,"column":69}},"5":{"start":{"line":35,"column":38},"end":{"line":35,"column":40}}},"fnMap":{},"branchMap":{},"s":{"0":1,"1":1,"2":1,"3":1,"4":1,"5":1},"f":{},"b":{},"_coverageSchema":"1a1c01bbd47fc00a2c39e90264f33305004495a9","hash":"69f16677d71cb51945a2639308b18c70bde4841e"}
,"C:\\Users\\Luiz Idebook\\mapa-morro-digital\\mapa-morro-digital-test\\js\\core\\state.js": {"path":"C:\\Users\\Luiz Idebook\\mapa-morro-digital\\mapa-morro-digital-test\\js\\core\\state.js","statementMap":{"0":{"start":{"line":2,"column":31},"end":{"line":23,"column":1}},"1":{"start":{"line":26,"column":30},"end":{"line":26,"column":34}},"2":{"start":{"line":27,"column":33},"end":{"line":27,"column":35}},"3":{"start":{"line":28,"column":26},"end":{"line":28,"column":30}},"4":{"start":{"line":29,"column":21},"end":{"line":29,"column":23}},"5":{"start":{"line":30,"column":26},"end":{"line":30,"column":30}},"6":{"start":{"line":31,"column":24},"end":{"line":31,"column":28}},"7":{"start":{"line":32,"column":31},"end":{"line":32,"column":35}},"8":{"start":{"line":33,"column":28},"end":{"line":33,"column":32}},"9":{"start":{"line":34,"column":29},"end":{"line":34,"column":33}},"10":{"start":{"line":35,"column":25},"end":{"line":35,"column":29}},"11":{"start":{"line":36,"column":30},"end":{"line":36,"column":35}},"12":{"start":{"line":37,"column":27},"end":{"line":37,"column":29}},"13":{"start":{"line":38,"column":26},"end":{"line":38,"column":28}},"14":{"start":{"line":39,"column":23},"end":{"line":39,"column":25}},"15":{"start":{"line":40,"column":28},"end":{"line":40,"column":32}},"16":{"start":{"line":41,"column":38},"end":{"line":41,"column":42}},"17":{"start":{"line":42,"column":20},"end":{"line":42,"column":22}},"18":{"start":{"line":43,"column":27},"end":{"line":43,"column":31}},"19":{"start":{"line":44,"column":28},"end":{"line":44,"column":32}},"20":{"start":{"line":45,"column":29},"end":{"line":45,"column":43}},"21":{"start":{"line":46,"column":32},"end":{"line":46,"column":36}},"22":{"start":{"line":47,"column":33},"end":{"line":47,"column":37}},"23":{"start":{"line":48,"column":30},"end":{"line":48,"column":34}},"24":{"start":{"line":49,"column":32},"end":{"line":49,"column":37}},"25":{"start":{"line":50,"column":32},"end":{"line":50,"column":37}},"26":{"start":{"line":51,"column":31},"end":{"line":51,"column":33}},"27":{"start":{"line":52,"column":31},"end":{"line":52,"column":35}},"28":{"start":{"line":53,"column":28},"end":{"line":53,"column":32}},"29":{"start":{"line":54,"column":39},"end":{"line":54,"column":44}},"30":{"start":{"line":55,"column":26},"end":{"line":55,"column":28}},"31":{"start":{"line":56,"column":35},"end":{"line":56,"column":36}},"32":{"start":{"line":57,"column":31},"end":{"line":57,"column":32}},"33":{"start":{"line":58,"column":30},"end":{"line":58,"column":31}},"34":{"start":{"line":59,"column":27},"end":{"line":59,"column":31}},"35":{"start":{"line":60,"column":28},"end":{"line":60,"column":33}},"36":{"start":{"line":61,"column":21},"end":{"line":61,"column":25}},"37":{"start":{"line":62,"column":26},"end":{"line":62,"column":30}},"38":{"start":{"line":67,"column":2},"end":{"line":67,"column":78}},"39":{"start":{"line":69,"column":2},"end":{"line":69,"column":35}},"40":{"start":{"line":70,"column":2},"end":{"line":70,"column":35}},"41":{"start":{"line":71,"column":2},"end":{"line":71,"column":33}},"42":{"start":{"line":72,"column":2},"end":{"line":72,"column":39}},"43":{"start":{"line":73,"column":2},"end":{"line":73,"column":36}},"44":{"start":{"line":74,"column":2},"end":{"line":74,"column":45}},"45":{"start":{"line":76,"column":2},"end":{"line":79,"column":3}},"46":{"start":{"line":77,"column":4},"end":{"line":77,"column":55}},"47":{"start":{"line":78,"column":4},"end":{"line":78,"column":45}},"48":{"start":{"line":80,"column":2},"end":{"line":80,"column":75}},"49":{"start":{"line":87,"column":2},"end":{"line":90,"column":3}},"50":{"start":{"line":88,"column":4},"end":{"line":88,"column":60}},"51":{"start":{"line":89,"column":4},"end":{"line":89,"column":11}},"52":{"start":{"line":91,"column":2},"end":{"line":91,"column":60}},"53":{"start":{"line":92,"column":2},"end":{"line":92,"column":60}},"54":{"start":{"line":93,"column":2},"end":{"line":93,"column":38}},"55":{"start":{"line":100,"column":16},"end":{"line":100,"column":50}},"56":{"start":{"line":101,"column":2},"end":{"line":107,"column":3}},"57":{"start":{"line":102,"column":21},"end":{"line":102,"column":38}},"58":{"start":{"line":103,"column":4},"end":{"line":103,"column":30}},"59":{"start":{"line":104,"column":4},"end":{"line":104,"column":64}},"60":{"start":{"line":106,"column":4},"end":{"line":106,"column":74}},"61":{"start":{"line":132,"column":2},"end":{"line":135,"column":3}},"62":{"start":{"line":133,"column":4},"end":{"line":133,"column":49}},"63":{"start":{"line":134,"column":4},"end":{"line":134,"column":11}},"64":{"start":{"line":137,"column":2},"end":{"line":137,"column":44}},"65":{"start":{"line":140,"column":2},"end":{"line":143,"column":3}},"66":{"start":{"line":141,"column":4},"end":{"line":141,"column":52}},"67":{"start":{"line":142,"column":4},"end":{"line":142,"column":28}},"68":{"start":{"line":146,"column":2},"end":{"line":148,"column":3}},"69":{"start":{"line":147,"column":4},"end":{"line":147,"column":57}},"70":{"start":{"line":151,"column":2},"end":{"line":153,"column":3}},"71":{"start":{"line":152,"column":4},"end":{"line":152,"column":48}},"72":{"start":{"line":155,"column":2},"end":{"line":160,"column":7}},"73":{"start":{"line":158,"column":6},"end":{"line":158,"column":77}},"74":{"start":{"line":159,"column":6},"end":{"line":159,"column":72}},"75":{"start":{"line":162,"column":2},"end":{"line":167,"column":7}},"76":{"start":{"line":165,"column":6},"end":{"line":165,"column":29}},"77":{"start":{"line":166,"column":6},"end":{"line":166,"column":72}},"78":{"start":{"line":174,"column":2},"end":{"line":177,"column":3}},"79":{"start":{"line":175,"column":4},"end":{"line":175,"column":73}},"80":{"start":{"line":176,"column":4},"end":{"line":176,"column":11}},"81":{"start":{"line":178,"column":2},"end":{"line":178,"column":43}},"82":{"start":{"line":179,"column":2},"end":{"line":179,"column":76}}},"fnMap":{"0":{"name":"initNavigationState","decl":{"start":{"line":66,"column":16},"end":{"line":66,"column":35}},"loc":{"start":{"line":66,"column":38},"end":{"line":81,"column":1}},"line":66},"1":{"name":"saveNavigationState","decl":{"start":{"line":86,"column":16},"end":{"line":86,"column":35}},"loc":{"start":{"line":86,"column":43},"end":{"line":94,"column":1}},"line":86},"2":{"name":"restoreNavigationState","decl":{"start":{"line":99,"column":16},"end":{"line":99,"column":38}},"loc":{"start":{"line":99,"column":41},"end":{"line":108,"column":1}},"line":99},"3":{"name":"restoreState","decl":{"start":{"line":131,"column":16},"end":{"line":131,"column":28}},"loc":{"start":{"line":131,"column":36},"end":{"line":168,"column":1}},"line":131},"4":{"name":"(anonymous_4)","decl":{"start":{"line":157,"column":31},"end":{"line":157,"column":32}},"loc":{"start":{"line":157,"column":37},"end":{"line":160,"column":5}},"line":157},"5":{"name":"(anonymous_5)","decl":{"start":{"line":164,"column":31},"end":{"line":164,"column":32}},"loc":{"start":{"line":164,"column":37},"end":{"line":167,"column":5}},"line":164},"6":{"name":"updateNavigationState","decl":{"start":{"line":173,"column":16},"end":{"line":173,"column":37}},"loc":{"start":{"line":173,"column":48},"end":{"line":180,"column":1}},"line":173}},"branchMap":{"0":{"loc":{"start":{"line":76,"column":2},"end":{"line":79,"column":3}},"type":"if","locations":[{"start":{"line":76,"column":2},"end":{"line":79,"column":3}},{"start":{},"end":{}}],"line":76},"1":{"loc":{"start":{"line":87,"column":2},"end":{"line":90,"column":3}},"type":"if","locations":[{"start":{"line":87,"column":2},"end":{"line":90,"column":3}},{"start":{},"end":{}}],"line":87},"2":{"loc":{"start":{"line":101,"column":2},"end":{"line":107,"column":3}},"type":"if","locations":[{"start":{"line":101,"column":2},"end":{"line":107,"column":3}},{"start":{"line":105,"column":9},"end":{"line":107,"column":3}}],"line":101},"3":{"loc":{"start":{"line":132,"column":2},"end":{"line":135,"column":3}},"type":"if","locations":[{"start":{"line":132,"column":2},"end":{"line":135,"column":3}},{"start":{},"end":{}}],"line":132},"4":{"loc":{"start":{"line":140,"column":2},"end":{"line":143,"column":3}},"type":"if","locations":[{"start":{"line":140,"column":2},"end":{"line":143,"column":3}},{"start":{},"end":{}}],"line":140},"5":{"loc":{"start":{"line":146,"column":2},"end":{"line":148,"column":3}},"type":"if","locations":[{"start":{"line":146,"column":2},"end":{"line":148,"column":3}},{"start":{},"end":{}}],"line":146},"6":{"loc":{"start":{"line":151,"column":2},"end":{"line":153,"column":3}},"type":"if","locations":[{"start":{"line":151,"column":2},"end":{"line":153,"column":3}},{"start":{},"end":{}}],"line":151},"7":{"loc":{"start":{"line":174,"column":2},"end":{"line":177,"column":3}},"type":"if","locations":[{"start":{"line":174,"column":2},"end":{"line":177,"column":3}},{"start":{},"end":{}}],"line":174},"8":{"loc":{"start":{"line":174,"column":6},"end":{"line":174,"column":47}},"type":"binary-expr","locations":[{"start":{"line":174,"column":6},"end":{"line":174,"column":15}},{"start":{"line":174,"column":19},"end":{"line":174,"column":47}}],"line":174}},"s":{"0":1,"1":1,"2":1,"3":1,"4":1,"5":1,"6":1,"7":1,"8":1,"9":1,"10":1,"11":1,"12":1,"13":1,"14":1,"15":1,"16":1,"17":1,"18":1,"19":1,"20":1,"21":1,"22":1,"23":1,"24":1,"25":1,"26":1,"27":1,"28":1,"29":1,"30":1,"31":1,"32":1,"33":1,"34":1,"35":1,"36":1,"37":1,"38":0,"39":0,"40":0,"41":0,"42":0,"43":0,"44":0,"45":0,"46":0,"47":0,"48":0,"49":0,"50":0,"51":0,"52":0,"53":0,"54":0,"55":0,"56":0,"57":0,"58":0,"59":0,"60":0,"61":0,"62":0,"63":0,"64":0,"65":0,"66":0,"67":0,"68":0,"69":0,"70":0,"71":0,"72":0,"73":0,"74":0,"75":0,"76":0,"77":0,"78":0,"79":0,"80":0,"81":0,"82":0},"f":{"0":0,"1":0,"2":0,"3":0,"4":0,"5":0,"6":0},"b":{"0":[0,0],"1":[0,0],"2":[0,0],"3":[0,0],"4":[0,0],"5":[0,0],"6":[0,0],"7":[0,0],"8":[0,0]},"_coverageSchema":"1a1c01bbd47fc00a2c39e90264f33305004495a9","hash":"37ba5a6596ae6a247a4fd930b2ac9b67ae80bb28"}
,"C:\\Users\\Luiz Idebook\\mapa-morro-digital\\mapa-morro-digital-test\\js\\data\\cache.js": {"path":"C:\\Users\\Luiz Idebook\\mapa-morro-digital\\mapa-morro-digital-test\\js\\data\\cache.js","statementMap":{"0":{"start":{"line":7,"column":2},"end":{"line":10,"column":3}},"1":{"start":{"line":8,"column":4},"end":{"line":8,"column":54}},"2":{"start":{"line":9,"column":4},"end":{"line":9,"column":11}},"3":{"start":{"line":11,"column":2},"end":{"line":26,"column":3}},"4":{"start":{"line":12,"column":17},"end":{"line":16,"column":5}},"5":{"start":{"line":17,"column":4},"end":{"line":17,"column":62}},"6":{"start":{"line":18,"column":4},"end":{"line":18,"column":78}},"7":{"start":{"line":19,"column":4},"end":{"line":19,"column":73}},"8":{"start":{"line":21,"column":4},"end":{"line":21,"column":73}},"9":{"start":{"line":22,"column":4},"end":{"line":25,"column":6}},"10":{"start":{"line":32,"column":2},"end":{"line":35,"column":3}},"11":{"start":{"line":33,"column":4},"end":{"line":33,"column":54}},"12":{"start":{"line":34,"column":4},"end":{"line":34,"column":16}},"13":{"start":{"line":36,"column":2},"end":{"line":53,"column":3}},"14":{"start":{"line":37,"column":20},"end":{"line":37,"column":55}},"15":{"start":{"line":38,"column":4},"end":{"line":41,"column":5}},"16":{"start":{"line":39,"column":6},"end":{"line":39,"column":72}},"17":{"start":{"line":40,"column":6},"end":{"line":40,"column":18}},"18":{"start":{"line":42,"column":17},"end":{"line":42,"column":36}},"19":{"start":{"line":43,"column":4},"end":{"line":43,"column":71}},"20":{"start":{"line":44,"column":4},"end":{"line":44,"column":69}},"21":{"start":{"line":45,"column":4},"end":{"line":45,"column":16}},"22":{"start":{"line":47,"column":4},"end":{"line":47,"column":79}},"23":{"start":{"line":48,"column":4},"end":{"line":51,"column":6}},"24":{"start":{"line":52,"column":4},"end":{"line":52,"column":16}},"25":{"start":{"line":78,"column":15},"end":{"line":78,"column":40}},"26":{"start":{"line":79,"column":2},"end":{"line":84,"column":3}},"27":{"start":{"line":80,"column":4},"end":{"line":80,"column":28}},"28":{"start":{"line":82,"column":4},"end":{"line":82,"column":71}},"29":{"start":{"line":83,"column":4},"end":{"line":83,"column":16}},"30":{"start":{"line":91,"column":2},"end":{"line":91,"column":51}},"31":{"start":{"line":98,"column":2},"end":{"line":102,"column":3}},"32":{"start":{"line":99,"column":4},"end":{"line":99,"column":33}},"33":{"start":{"line":101,"column":4},"end":{"line":101,"column":75}},"34":{"start":{"line":109,"column":2},"end":{"line":118,"column":5}},"35":{"start":{"line":110,"column":4},"end":{"line":117,"column":5}},"36":{"start":{"line":111,"column":6},"end":{"line":111,"column":63}},"37":{"start":{"line":112,"column":6},"end":{"line":112,"column":79}},"38":{"start":{"line":113,"column":6},"end":{"line":113,"column":16}},"39":{"start":{"line":115,"column":6},"end":{"line":115,"column":63}},"40":{"start":{"line":116,"column":6},"end":{"line":116,"column":60}},"41":{"start":{"line":125,"column":21},"end":{"line":125,"column":65}},"42":{"start":{"line":126,"column":18},"end":{"line":126,"column":40}},"43":{"start":{"line":127,"column":2},"end":{"line":127,"column":22}},"44":{"start":{"line":128,"column":2},"end":{"line":128,"column":64}},"45":{"start":{"line":129,"column":2},"end":{"line":129,"column":57}},"46":{"start":{"line":136,"column":27},"end":{"line":136,"column":72}},"47":{"start":{"line":137,"column":27},"end":{"line":137,"column":55}},"48":{"start":{"line":138,"column":2},"end":{"line":138,"column":31}},"49":{"start":{"line":139,"column":2},"end":{"line":139,"column":74}},"50":{"start":{"line":140,"column":2},"end":{"line":140,"column":65}},"51":{"start":{"line":147,"column":22},"end":{"line":147,"column":65}},"52":{"start":{"line":148,"column":2},"end":{"line":153,"column":3}},"53":{"start":{"line":149,"column":4},"end":{"line":149,"column":35}},"54":{"start":{"line":151,"column":4},"end":{"line":151,"column":58}},"55":{"start":{"line":152,"column":4},"end":{"line":152,"column":14}},"56":{"start":{"line":161,"column":18},"end":{"line":161,"column":58}},"57":{"start":{"line":162,"column":2},"end":{"line":162,"column":26}},"58":{"start":{"line":164,"column":27},"end":{"line":164,"column":78}},"59":{"start":{"line":165,"column":2},"end":{"line":173,"column":3}},"60":{"start":{"line":166,"column":4},"end":{"line":166,"column":36}},"61":{"start":{"line":167,"column":4},"end":{"line":172,"column":7}},"62":{"start":{"line":168,"column":26},"end":{"line":168,"column":55}},"63":{"start":{"line":169,"column":6},"end":{"line":169,"column":45}},"64":{"start":{"line":170,"column":6},"end":{"line":170,"column":38}},"65":{"start":{"line":171,"column":6},"end":{"line":171,"column":48}}},"fnMap":{"0":{"name":"cacheRouteData","decl":{"start":{"line":6,"column":16},"end":{"line":6,"column":30}},"loc":{"start":{"line":6,"column":64},"end":{"line":27,"column":1}},"line":6},"1":{"name":"loadRouteFromCache","decl":{"start":{"line":31,"column":16},"end":{"line":31,"column":34}},"loc":{"start":{"line":31,"column":37},"end":{"line":54,"column":1}},"line":31},"2":{"name":"getLocalStorageItem","decl":{"start":{"line":77,"column":16},"end":{"line":77,"column":35}},"loc":{"start":{"line":77,"column":41},"end":{"line":85,"column":1}},"line":77},"3":{"name":"setLocalStorageItem","decl":{"start":{"line":90,"column":16},"end":{"line":90,"column":35}},"loc":{"start":{"line":90,"column":48},"end":{"line":92,"column":1}},"line":90},"4":{"name":"removeLocalStorageItem","decl":{"start":{"line":97,"column":16},"end":{"line":97,"column":38}},"loc":{"start":{"line":97,"column":44},"end":{"line":103,"column":1}},"line":97},"5":{"name":"saveDestinationToCache","decl":{"start":{"line":108,"column":16},"end":{"line":108,"column":38}},"loc":{"start":{"line":108,"column":52},"end":{"line":119,"column":1}},"line":108},"6":{"name":"(anonymous_6)","decl":{"start":{"line":109,"column":21},"end":{"line":109,"column":22}},"loc":{"start":{"line":109,"column":42},"end":{"line":118,"column":3}},"line":109},"7":{"name":"saveRouteToHistory","decl":{"start":{"line":124,"column":16},"end":{"line":124,"column":34}},"loc":{"start":{"line":124,"column":42},"end":{"line":130,"column":1}},"line":124},"8":{"name":"saveSearchQueryToHistory","decl":{"start":{"line":135,"column":16},"end":{"line":135,"column":40}},"loc":{"start":{"line":135,"column":48},"end":{"line":141,"column":1}},"line":135},"9":{"name":"loadOfflineInstructions","decl":{"start":{"line":146,"column":16},"end":{"line":146,"column":39}},"loc":{"start":{"line":146,"column":42},"end":{"line":154,"column":1}},"line":146},"10":{"name":"loadSearchHistory","decl":{"start":{"line":160,"column":16},"end":{"line":160,"column":33}},"loc":{"start":{"line":160,"column":36},"end":{"line":174,"column":1}},"line":160},"11":{"name":"(anonymous_11)","decl":{"start":{"line":167,"column":20},"end":{"line":167,"column":21}},"loc":{"start":{"line":167,"column":31},"end":{"line":172,"column":5}},"line":167}},"branchMap":{"0":{"loc":{"start":{"line":7,"column":2},"end":{"line":10,"column":3}},"type":"if","locations":[{"start":{"line":7,"column":2},"end":{"line":10,"column":3}},{"start":{},"end":{}}],"line":7},"1":{"loc":{"start":{"line":32,"column":2},"end":{"line":35,"column":3}},"type":"if","locations":[{"start":{"line":32,"column":2},"end":{"line":35,"column":3}},{"start":{},"end":{}}],"line":32},"2":{"loc":{"start":{"line":38,"column":4},"end":{"line":41,"column":5}},"type":"if","locations":[{"start":{"line":38,"column":4},"end":{"line":41,"column":5}},{"start":{},"end":{}}],"line":38},"3":{"loc":{"start":{"line":125,"column":21},"end":{"line":125,"column":65}},"type":"binary-expr","locations":[{"start":{"line":125,"column":21},"end":{"line":125,"column":57}},{"start":{"line":125,"column":61},"end":{"line":125,"column":65}}],"line":125},"4":{"loc":{"start":{"line":136,"column":27},"end":{"line":136,"column":72}},"type":"binary-expr","locations":[{"start":{"line":136,"column":27},"end":{"line":136,"column":64}},{"start":{"line":136,"column":68},"end":{"line":136,"column":72}}],"line":136},"5":{"loc":{"start":{"line":148,"column":2},"end":{"line":153,"column":3}},"type":"if","locations":[{"start":{"line":148,"column":2},"end":{"line":153,"column":3}},{"start":{"line":150,"column":9},"end":{"line":153,"column":3}}],"line":148},"6":{"loc":{"start":{"line":165,"column":2},"end":{"line":173,"column":3}},"type":"if","locations":[{"start":{"line":165,"column":2},"end":{"line":173,"column":3}},{"start":{},"end":{}}],"line":165}},"s":{"0":0,"1":0,"2":0,"3":0,"4":0,"5":0,"6":0,"7":0,"8":0,"9":0,"10":0,"11":0,"12":0,"13":0,"14":0,"15":0,"16":0,"17":0,"18":0,"19":0,"20":0,"21":0,"22":0,"23":0,"24":0,"25":0,"26":0,"27":0,"28":0,"29":0,"30":0,"31":0,"32":0,"33":0,"34":0,"35":0,"36":0,"37":0,"38":0,"39":0,"40":0,"41":0,"42":0,"43":0,"44":0,"45":0,"46":0,"47":0,"48":0,"49":0,"50":0,"51":0,"52":0,"53":0,"54":0,"55":0,"56":0,"57":0,"58":0,"59":0,"60":0,"61":0,"62":0,"63":0,"64":0,"65":0},"f":{"0":0,"1":0,"2":0,"3":0,"4":0,"5":0,"6":0,"7":0,"8":0,"9":0,"10":0,"11":0},"b":{"0":[0,0],"1":[0,0],"2":[0,0],"3":[0,0],"4":[0,0],"5":[0,0],"6":[0,0]}}
,"C:\\Users\\Luiz Idebook\\mapa-morro-digital\\mapa-morro-digital-test\\js\\i18n\\language.js": {"path":"C:\\Users\\Luiz Idebook\\mapa-morro-digital\\mapa-morro-digital-test\\js\\i18n\\language.js","statementMap":{"0":{"start":{"line":5,"column":17},"end":{"line":5,"column":50}},"1":{"start":{"line":6,"column":2},"end":{"line":6,"column":45}},"2":{"start":{"line":6,"column":14},"end":{"line":6,"column":45}},"3":{"start":{"line":7,"column":2},"end":{"line":15,"column":3}},"4":{"start":{"line":8,"column":4},"end":{"line":8,"column":62}},"5":{"start":{"line":8,"column":35},"end":{"line":8,"column":60}},"6":{"start":{"line":9,"column":4},"end":{"line":9,"column":46}},"7":{"start":{"line":9,"column":16},"end":{"line":9,"column":46}},"8":{"start":{"line":10,"column":4},"end":{"line":10,"column":52}},"9":{"start":{"line":11,"column":4},"end":{"line":11,"column":51}},"10":{"start":{"line":11,"column":40},"end":{"line":11,"column":51}},"11":{"start":{"line":13,"column":4},"end":{"line":13,"column":46}},"12":{"start":{"line":13,"column":16},"end":{"line":13,"column":46}},"13":{"start":{"line":14,"column":4},"end":{"line":14,"column":56}},"14":{"start":{"line":19,"column":2},"end":{"line":45,"column":3}},"15":{"start":{"line":20,"column":31},"end":{"line":20,"column":55}},"16":{"start":{"line":21,"column":28},"end":{"line":21,"column":32}},"17":{"start":{"line":23,"column":4},"end":{"line":31,"column":5}},"18":{"start":{"line":24,"column":6},"end":{"line":29,"column":8}},"19":{"start":{"line":30,"column":6},"end":{"line":30,"column":29}},"20":{"start":{"line":33,"column":4},"end":{"line":33,"column":52}},"21":{"start":{"line":34,"column":4},"end":{"line":34,"column":28}},"22":{"start":{"line":36,"column":25},"end":{"line":36,"column":65}},"23":{"start":{"line":37,"column":4},"end":{"line":39,"column":5}},"24":{"start":{"line":38,"column":6},"end":{"line":38,"column":42}},"25":{"start":{"line":41,"column":4},"end":{"line":41,"column":49}},"26":{"start":{"line":43,"column":4},"end":{"line":43,"column":73}},"27":{"start":{"line":44,"column":4},"end":{"line":44,"column":78}},"28":{"start":{"line":50,"column":30},"end":{"line":50,"column":70}},"29":{"start":{"line":51,"column":28},"end":{"line":51,"column":29}},"30":{"start":{"line":53,"column":2},"end":{"line":70,"column":5}},"31":{"start":{"line":54,"column":16},"end":{"line":54,"column":49}},"32":{"start":{"line":55,"column":22},"end":{"line":55,"column":47}},"33":{"start":{"line":57,"column":4},"end":{"line":61,"column":5}},"34":{"start":{"line":58,"column":6},"end":{"line":58,"column":28}},"35":{"start":{"line":59,"column":6},"end":{"line":59,"column":68}},"36":{"start":{"line":60,"column":6},"end":{"line":60,"column":24}},"37":{"start":{"line":63,"column":4},"end":{"line":69,"column":5}},"38":{"start":{"line":64,"column":6},"end":{"line":64,"column":40}},"39":{"start":{"line":65,"column":11},"end":{"line":69,"column":5}},"40":{"start":{"line":66,"column":6},"end":{"line":66,"column":34}},"41":{"start":{"line":68,"column":6},"end":{"line":68,"column":40}},"42":{"start":{"line":72,"column":2},"end":{"line":76,"column":3}},"43":{"start":{"line":73,"column":4},"end":{"line":73,"column":72}},"44":{"start":{"line":75,"column":4},"end":{"line":75,"column":74}},"45":{"start":{"line":83,"column":21},"end":{"line":94,"column":3}},"46":{"start":{"line":95,"column":2},"end":{"line":95,"column":44}},"47":{"start":{"line":95,"column":25},"end":{"line":95,"column":44}},"48":{"start":{"line":96,"column":2},"end":{"line":96,"column":54}},"49":{"start":{"line":103,"column":19},"end":{"line":103,"column":59}},"50":{"start":{"line":104,"column":21},"end":{"line":104,"column":22}},"51":{"start":{"line":105,"column":2},"end":{"line":121,"column":5}},"52":{"start":{"line":106,"column":16},"end":{"line":106,"column":44}},"53":{"start":{"line":107,"column":24},"end":{"line":107,"column":49}},"54":{"start":{"line":108,"column":4},"end":{"line":113,"column":5}},"55":{"start":{"line":109,"column":6},"end":{"line":109,"column":21}},"56":{"start":{"line":110,"column":6},"end":{"line":112,"column":8}},"57":{"start":{"line":114,"column":4},"end":{"line":120,"column":5}},"58":{"start":{"line":115,"column":6},"end":{"line":115,"column":35}},"59":{"start":{"line":116,"column":11},"end":{"line":120,"column":5}},"60":{"start":{"line":117,"column":6},"end":{"line":117,"column":29}},"61":{"start":{"line":119,"column":6},"end":{"line":119,"column":35}},"62":{"start":{"line":122,"column":2},"end":{"line":126,"column":3}},"63":{"start":{"line":123,"column":4},"end":{"line":123,"column":78}},"64":{"start":{"line":125,"column":4},"end":{"line":125,"column":75}},"65":{"start":{"line":133,"column":19},"end":{"line":133,"column":59}},"66":{"start":{"line":134,"column":22},"end":{"line":134,"column":24}},"67":{"start":{"line":135,"column":2},"end":{"line":141,"column":5}},"68":{"start":{"line":136,"column":16},"end":{"line":136,"column":44}},"69":{"start":{"line":137,"column":24},"end":{"line":137,"column":49}},"70":{"start":{"line":138,"column":4},"end":{"line":140,"column":5}},"71":{"start":{"line":139,"column":6},"end":{"line":139,"column":28}},"72":{"start":{"line":142,"column":2},"end":{"line":151,"column":3}},"73":{"start":{"line":143,"column":4},"end":{"line":146,"column":6}},"74":{"start":{"line":148,"column":4},"end":{"line":150,"column":6}},"75":{"start":{"line":158,"column":2},"end":{"line":158,"column":29}},"76":{"start":{"line":159,"column":2},"end":{"line":159,"column":32}},"77":{"start":{"line":160,"column":2},"end":{"line":160,"column":57}},"78":{"start":{"line":167,"column":2},"end":{"line":170,"column":3}},"79":{"start":{"line":168,"column":4},"end":{"line":168,"column":66}},"80":{"start":{"line":169,"column":4},"end":{"line":169,"column":15}},"81":{"start":{"line":171,"column":2},"end":{"line":171,"column":37}},"82":{"start":{"line":174,"column":25},"end":{"line":1012,"column":1}}},"fnMap":{"0":{"name":"loadResources","decl":{"start":{"line":4,"column":22},"end":{"line":4,"column":35}},"loc":{"start":{"line":4,"column":46},"end":{"line":16,"column":1}},"line":4},"1":{"name":"(anonymous_1)","decl":{"start":{"line":8,"column":22},"end":{"line":8,"column":23}},"loc":{"start":{"line":8,"column":35},"end":{"line":8,"column":60}},"line":8},"2":{"name":"setLanguage","decl":{"start":{"line":18,"column":16},"end":{"line":18,"column":27}},"loc":{"start":{"line":18,"column":34},"end":{"line":46,"column":1}},"line":18},"3":{"name":"updateInterfaceLanguage","decl":{"start":{"line":49,"column":16},"end":{"line":49,"column":39}},"loc":{"start":{"line":49,"column":46},"end":{"line":77,"column":1}},"line":49},"4":{"name":"(anonymous_4)","decl":{"start":{"line":53,"column":30},"end":{"line":53,"column":31}},"loc":{"start":{"line":53,"column":43},"end":{"line":70,"column":3}},"line":53},"5":{"name":"translateInstruction","decl":{"start":{"line":82,"column":16},"end":{"line":82,"column":36}},"loc":{"start":{"line":82,"column":63},"end":{"line":97,"column":1}},"line":82},"6":{"name":"translatePageContent","decl":{"start":{"line":102,"column":16},"end":{"line":102,"column":36}},"loc":{"start":{"line":102,"column":43},"end":{"line":127,"column":1}},"line":102},"7":{"name":"(anonymous_7)","decl":{"start":{"line":105,"column":19},"end":{"line":105,"column":20}},"loc":{"start":{"line":105,"column":27},"end":{"line":121,"column":3}},"line":105},"8":{"name":"validateTranslations","decl":{"start":{"line":132,"column":16},"end":{"line":132,"column":36}},"loc":{"start":{"line":132,"column":43},"end":{"line":152,"column":1}},"line":132},"9":{"name":"(anonymous_9)","decl":{"start":{"line":135,"column":19},"end":{"line":135,"column":20}},"loc":{"start":{"line":135,"column":27},"end":{"line":141,"column":3}},"line":135},"10":{"name":"applyLanguage","decl":{"start":{"line":157,"column":16},"end":{"line":157,"column":29}},"loc":{"start":{"line":157,"column":36},"end":{"line":161,"column":1}},"line":157},"11":{"name":"getGeneralText","decl":{"start":{"line":166,"column":16},"end":{"line":166,"column":30}},"loc":{"start":{"line":166,"column":49},"end":{"line":172,"column":1}},"line":166}},"branchMap":{"0":{"loc":{"start":{"line":6,"column":2},"end":{"line":6,"column":45}},"type":"if","locations":[{"start":{"line":6,"column":2},"end":{"line":6,"column":45}},{"start":{},"end":{}}],"line":6},"1":{"loc":{"start":{"line":9,"column":4},"end":{"line":9,"column":46}},"type":"if","locations":[{"start":{"line":9,"column":4},"end":{"line":9,"column":46}},{"start":{},"end":{}}],"line":9},"2":{"loc":{"start":{"line":11,"column":4},"end":{"line":11,"column":51}},"type":"if","locations":[{"start":{"line":11,"column":4},"end":{"line":11,"column":51}},{"start":{},"end":{}}],"line":11},"3":{"loc":{"start":{"line":13,"column":4},"end":{"line":13,"column":46}},"type":"if","locations":[{"start":{"line":13,"column":4},"end":{"line":13,"column":46}},{"start":{},"end":{}}],"line":13},"4":{"loc":{"start":{"line":23,"column":4},"end":{"line":31,"column":5}},"type":"if","locations":[{"start":{"line":23,"column":4},"end":{"line":31,"column":5}},{"start":{},"end":{}}],"line":23},"5":{"loc":{"start":{"line":37,"column":4},"end":{"line":39,"column":5}},"type":"if","locations":[{"start":{"line":37,"column":4},"end":{"line":39,"column":5}},{"start":{},"end":{}}],"line":37},"6":{"loc":{"start":{"line":57,"column":4},"end":{"line":61,"column":5}},"type":"if","locations":[{"start":{"line":57,"column":4},"end":{"line":61,"column":5}},{"start":{},"end":{}}],"line":57},"7":{"loc":{"start":{"line":57,"column":8},"end":{"line":57,"column":52}},"type":"binary-expr","locations":[{"start":{"line":57,"column":8},"end":{"line":57,"column":20}},{"start":{"line":57,"column":24},"end":{"line":57,"column":52}}],"line":57},"8":{"loc":{"start":{"line":63,"column":4},"end":{"line":69,"column":5}},"type":"if","locations":[{"start":{"line":63,"column":4},"end":{"line":69,"column":5}},{"start":{"line":65,"column":11},"end":{"line":69,"column":5}}],"line":63},"9":{"loc":{"start":{"line":63,"column":8},"end":{"line":63,"column":69}},"type":"binary-expr","locations":[{"start":{"line":63,"column":8},"end":{"line":63,"column":35}},{"start":{"line":63,"column":39},"end":{"line":63,"column":69}}],"line":63},"10":{"loc":{"start":{"line":65,"column":11},"end":{"line":69,"column":5}},"type":"if","locations":[{"start":{"line":65,"column":11},"end":{"line":69,"column":5}},{"start":{"line":67,"column":11},"end":{"line":69,"column":5}}],"line":65},"11":{"loc":{"start":{"line":72,"column":2},"end":{"line":76,"column":3}},"type":"if","locations":[{"start":{"line":72,"column":2},"end":{"line":76,"column":3}},{"start":{"line":74,"column":9},"end":{"line":76,"column":3}}],"line":72},"12":{"loc":{"start":{"line":82,"column":50},"end":{"line":82,"column":61}},"type":"default-arg","locations":[{"start":{"line":82,"column":57},"end":{"line":82,"column":61}}],"line":82},"13":{"loc":{"start":{"line":95,"column":2},"end":{"line":95,"column":44}},"type":"if","locations":[{"start":{"line":95,"column":2},"end":{"line":95,"column":44}},{"start":{},"end":{}}],"line":95},"14":{"loc":{"start":{"line":96,"column":9},"end":{"line":96,"column":53}},"type":"binary-expr","locations":[{"start":{"line":96,"column":9},"end":{"line":96,"column":38}},{"start":{"line":96,"column":42},"end":{"line":96,"column":53}}],"line":96},"15":{"loc":{"start":{"line":108,"column":4},"end":{"line":113,"column":5}},"type":"if","locations":[{"start":{"line":108,"column":4},"end":{"line":113,"column":5}},{"start":{},"end":{}}],"line":108},"16":{"loc":{"start":{"line":114,"column":4},"end":{"line":120,"column":5}},"type":"if","locations":[{"start":{"line":114,"column":4},"end":{"line":120,"column":5}},{"start":{"line":116,"column":11},"end":{"line":120,"column":5}}],"line":114},"17":{"loc":{"start":{"line":114,"column":8},"end":{"line":114,"column":59}},"type":"binary-expr","locations":[{"start":{"line":114,"column":8},"end":{"line":114,"column":30}},{"start":{"line":114,"column":34},"end":{"line":114,"column":59}}],"line":114},"18":{"loc":{"start":{"line":116,"column":11},"end":{"line":120,"column":5}},"type":"if","locations":[{"start":{"line":116,"column":11},"end":{"line":120,"column":5}},{"start":{"line":118,"column":11},"end":{"line":120,"column":5}}],"line":116},"19":{"loc":{"start":{"line":122,"column":2},"end":{"line":126,"column":3}},"type":"if","locations":[{"start":{"line":122,"column":2},"end":{"line":126,"column":3}},{"start":{"line":124,"column":9},"end":{"line":126,"column":3}}],"line":122},"20":{"loc":{"start":{"line":138,"column":4},"end":{"line":140,"column":5}},"type":"if","locations":[{"start":{"line":138,"column":4},"end":{"line":140,"column":5}},{"start":{},"end":{}}],"line":138},"21":{"loc":{"start":{"line":142,"column":2},"end":{"line":151,"column":3}},"type":"if","locations":[{"start":{"line":142,"column":2},"end":{"line":151,"column":3}},{"start":{"line":147,"column":9},"end":{"line":151,"column":3}}],"line":142},"22":{"loc":{"start":{"line":166,"column":36},"end":{"line":166,"column":47}},"type":"default-arg","locations":[{"start":{"line":166,"column":43},"end":{"line":166,"column":47}}],"line":166},"23":{"loc":{"start":{"line":167,"column":2},"end":{"line":170,"column":3}},"type":"if","locations":[{"start":{"line":167,"column":2},"end":{"line":170,"column":3}},{"start":{},"end":{}}],"line":167},"24":{"loc":{"start":{"line":167,"column":6},"end":{"line":167,"column":61}},"type":"binary-expr","locations":[{"start":{"line":167,"column":6},"end":{"line":167,"column":29}},{"start":{"line":167,"column":33},"end":{"line":167,"column":61}}],"line":167}},"s":{"0":0,"1":0,"2":0,"3":0,"4":0,"5":0,"6":0,"7":0,"8":0,"9":0,"10":0,"11":0,"12":0,"13":0,"14":0,"15":0,"16":0,"17":0,"18":0,"19":0,"20":0,"21":0,"22":0,"23":0,"24":0,"25":0,"26":0,"27":0,"28":0,"29":0,"30":0,"31":0,"32":0,"33":0,"34":0,"35":0,"36":0,"37":0,"38":0,"39":0,"40":0,"41":0,"42":0,"43":0,"44":0,"45":0,"46":0,"47":0,"48":0,"49":0,"50":0,"51":0,"52":0,"53":0,"54":0,"55":0,"56":0,"57":0,"58":0,"59":0,"60":0,"61":0,"62":0,"63":0,"64":0,"65":0,"66":0,"67":0,"68":0,"69":0,"70":0,"71":0,"72":0,"73":0,"74":0,"75":0,"76":0,"77":0,"78":0,"79":0,"80":0,"81":0,"82":0},"f":{"0":0,"1":0,"2":0,"3":0,"4":0,"5":0,"6":0,"7":0,"8":0,"9":0,"10":0,"11":0},"b":{"0":[0,0],"1":[0,0],"2":[0,0],"3":[0,0],"4":[0,0],"5":[0,0],"6":[0,0],"7":[0,0],"8":[0,0],"9":[0,0],"10":[0,0],"11":[0,0],"12":[0],"13":[0,0],"14":[0,0],"15":[0,0],"16":[0,0],"17":[0,0],"18":[0,0],"19":[0,0],"20":[0,0],"21":[0,0],"22":[0],"23":[0,0],"24":[0,0]}}
,"C:\\Users\\Luiz Idebook\\mapa-morro-digital\\mapa-morro-digital-test\\js\\map\\map-core.js": {"path":"C:\\Users\\Luiz Idebook\\mapa-morro-digital\\mapa-morro-digital-test\\js\\map\\map-core.js","statementMap":{"0":{"start":{"line":9,"column":2},"end":{"line":12,"column":3}},"1":{"start":{"line":10,"column":4},"end":{"line":10,"column":42}},"2":{"start":{"line":11,"column":4},"end":{"line":11,"column":11}},"3":{"start":{"line":13,"column":2},"end":{"line":13,"column":39}},"4":{"start":{"line":16,"column":21},"end":{"line":28,"column":3}},"5":{"start":{"line":31,"column":2},"end":{"line":36,"column":37}},"6":{"start":{"line":39,"column":2},"end":{"line":39,"column":42}},"7":{"start":{"line":41,"column":2},"end":{"line":46,"column":3}},"8":{"start":{"line":42,"column":4},"end":{"line":42,"column":32}},"9":{"start":{"line":44,"column":4},"end":{"line":44,"column":79}},"10":{"start":{"line":54,"column":2},"end":{"line":56,"column":5}},"11":{"start":{"line":63,"column":22},"end":{"line":67,"column":3}},"12":{"start":{"line":69,"column":2},"end":{"line":72,"column":3}},"13":{"start":{"line":70,"column":4},"end":{"line":70,"column":78}},"14":{"start":{"line":71,"column":4},"end":{"line":71,"column":74}},"15":{"start":{"line":81,"column":2},"end":{"line":81,"column":30}},"16":{"start":{"line":82,"column":17},"end":{"line":85,"column":16}},"17":{"start":{"line":86,"column":2},"end":{"line":86,"column":23}},"18":{"start":{"line":106,"column":2},"end":{"line":115,"column":3}},"19":{"start":{"line":107,"column":19},"end":{"line":107,"column":67}},"20":{"start":{"line":108,"column":24},"end":{"line":110,"column":28}},"21":{"start":{"line":111,"column":25},"end":{"line":111,"column":65}},"22":{"start":{"line":113,"column":4},"end":{"line":113,"column":44}},"23":{"start":{"line":114,"column":4},"end":{"line":114,"column":66}},"24":{"start":{"line":123,"column":2},"end":{"line":130,"column":3}},"25":{"start":{"line":124,"column":4},"end":{"line":128,"column":7}},"26":{"start":{"line":125,"column":6},"end":{"line":127,"column":7}},"27":{"start":{"line":126,"column":8},"end":{"line":126,"column":39}},"28":{"start":{"line":129,"column":4},"end":{"line":129,"column":49}},"29":{"start":{"line":137,"column":2},"end":{"line":144,"column":3}},"30":{"start":{"line":138,"column":4},"end":{"line":142,"column":7}},"31":{"start":{"line":139,"column":6},"end":{"line":141,"column":7}},"32":{"start":{"line":140,"column":8},"end":{"line":140,"column":39}},"33":{"start":{"line":143,"column":4},"end":{"line":143,"column":61}},"34":{"start":{"line":152,"column":2},"end":{"line":152,"column":65}},"35":{"start":{"line":160,"column":2},"end":{"line":160,"column":58}},"36":{"start":{"line":168,"column":2},"end":{"line":171,"column":3}},"37":{"start":{"line":169,"column":4},"end":{"line":169,"column":34}},"38":{"start":{"line":170,"column":4},"end":{"line":170,"column":60}},"39":{"start":{"line":181,"column":2},"end":{"line":184,"column":3}},"40":{"start":{"line":182,"column":4},"end":{"line":182,"column":42}},"41":{"start":{"line":183,"column":4},"end":{"line":183,"column":68}},"42":{"start":{"line":192,"column":2},"end":{"line":192,"column":57}}},"fnMap":{"0":{"name":"initializeMap","decl":{"start":{"line":8,"column":16},"end":{"line":8,"column":29}},"loc":{"start":{"line":8,"column":32},"end":{"line":47,"column":1}},"line":8},"1":{"name":"getTileLayer","decl":{"start":{"line":53,"column":16},"end":{"line":53,"column":28}},"loc":{"start":{"line":53,"column":31},"end":{"line":57,"column":1}},"line":53},"2":{"name":"resetMapView","decl":{"start":{"line":62,"column":16},"end":{"line":62,"column":28}},"loc":{"start":{"line":62,"column":31},"end":{"line":73,"column":1}},"line":62},"3":{"name":"adjustMapWithLocationUser","decl":{"start":{"line":80,"column":16},"end":{"line":80,"column":41}},"loc":{"start":{"line":80,"column":52},"end":{"line":87,"column":1}},"line":80},"4":{"name":"adjustMapWithLocation","decl":{"start":{"line":98,"column":16},"end":{"line":98,"column":37}},"loc":{"start":{"line":105,"column":2},"end":{"line":116,"column":1}},"line":105},"5":{"name":"clearMarkers","decl":{"start":{"line":122,"column":16},"end":{"line":122,"column":28}},"loc":{"start":{"line":122,"column":39},"end":{"line":131,"column":1}},"line":122},"6":{"name":"(anonymous_6)","decl":{"start":{"line":124,"column":26},"end":{"line":124,"column":27}},"loc":{"start":{"line":124,"column":37},"end":{"line":128,"column":5}},"line":124},"7":{"name":"clearMapLayers","decl":{"start":{"line":136,"column":16},"end":{"line":136,"column":30}},"loc":{"start":{"line":136,"column":33},"end":{"line":145,"column":1}},"line":136},"8":{"name":"(anonymous_8)","decl":{"start":{"line":138,"column":26},"end":{"line":138,"column":27}},"loc":{"start":{"line":138,"column":37},"end":{"line":142,"column":5}},"line":138},"9":{"name":"restoreFeatureUI","decl":{"start":{"line":151,"column":16},"end":{"line":151,"column":32}},"loc":{"start":{"line":151,"column":42},"end":{"line":153,"column":1}},"line":151},"10":{"name":"visualizeRouteOnPreview","decl":{"start":{"line":159,"column":16},"end":{"line":159,"column":39}},"loc":{"start":{"line":159,"column":47},"end":{"line":161,"column":1}},"line":159},"11":{"name":"zoomToSelectedArea","decl":{"start":{"line":167,"column":16},"end":{"line":167,"column":34}},"loc":{"start":{"line":167,"column":43},"end":{"line":172,"column":1}},"line":167},"12":{"name":"centerMapOnUser","decl":{"start":{"line":180,"column":16},"end":{"line":180,"column":31}},"loc":{"start":{"line":180,"column":53},"end":{"line":185,"column":1}},"line":180},"13":{"name":"addArrowToMap","decl":{"start":{"line":191,"column":16},"end":{"line":191,"column":29}},"loc":{"start":{"line":191,"column":42},"end":{"line":193,"column":1}},"line":191}},"branchMap":{"0":{"loc":{"start":{"line":9,"column":2},"end":{"line":12,"column":3}},"type":"if","locations":[{"start":{"line":9,"column":2},"end":{"line":12,"column":3}},{"start":{},"end":{}}],"line":9},"1":{"loc":{"start":{"line":41,"column":2},"end":{"line":46,"column":3}},"type":"if","locations":[{"start":{"line":41,"column":2},"end":{"line":46,"column":3}},{"start":{"line":43,"column":9},"end":{"line":46,"column":3}}],"line":41},"2":{"loc":{"start":{"line":69,"column":2},"end":{"line":72,"column":3}},"type":"if","locations":[{"start":{"line":69,"column":2},"end":{"line":72,"column":3}},{"start":{},"end":{}}],"line":69},"3":{"loc":{"start":{"line":103,"column":2},"end":{"line":103,"column":11}},"type":"default-arg","locations":[{"start":{"line":103,"column":9},"end":{"line":103,"column":11}}],"line":103},"4":{"loc":{"start":{"line":104,"column":2},"end":{"line":104,"column":20}},"type":"default-arg","locations":[{"start":{"line":104,"column":19},"end":{"line":104,"column":20}}],"line":104},"5":{"loc":{"start":{"line":106,"column":2},"end":{"line":115,"column":3}},"type":"if","locations":[{"start":{"line":106,"column":2},"end":{"line":115,"column":3}},{"start":{},"end":{}}],"line":106},"6":{"loc":{"start":{"line":123,"column":2},"end":{"line":130,"column":3}},"type":"if","locations":[{"start":{"line":123,"column":2},"end":{"line":130,"column":3}},{"start":{},"end":{}}],"line":123},"7":{"loc":{"start":{"line":125,"column":6},"end":{"line":127,"column":7}},"type":"if","locations":[{"start":{"line":125,"column":6},"end":{"line":127,"column":7}},{"start":{},"end":{}}],"line":125},"8":{"loc":{"start":{"line":125,"column":10},"end":{"line":125,"column":69}},"type":"binary-expr","locations":[{"start":{"line":125,"column":10},"end":{"line":125,"column":35}},{"start":{"line":125,"column":40},"end":{"line":125,"column":49}},{"start":{"line":125,"column":53},"end":{"line":125,"column":68}}],"line":125},"9":{"loc":{"start":{"line":137,"column":2},"end":{"line":144,"column":3}},"type":"if","locations":[{"start":{"line":137,"column":2},"end":{"line":144,"column":3}},{"start":{},"end":{}}],"line":137},"10":{"loc":{"start":{"line":139,"column":6},"end":{"line":141,"column":7}},"type":"if","locations":[{"start":{"line":139,"column":6},"end":{"line":141,"column":7}},{"start":{},"end":{}}],"line":139},"11":{"loc":{"start":{"line":168,"column":2},"end":{"line":171,"column":3}},"type":"if","locations":[{"start":{"line":168,"column":2},"end":{"line":171,"column":3}},{"start":{},"end":{}}],"line":168},"12":{"loc":{"start":{"line":180,"column":42},"end":{"line":180,"column":51}},"type":"default-arg","locations":[{"start":{"line":180,"column":49},"end":{"line":180,"column":51}}],"line":180},"13":{"loc":{"start":{"line":181,"column":2},"end":{"line":184,"column":3}},"type":"if","locations":[{"start":{"line":181,"column":2},"end":{"line":184,"column":3}},{"start":{},"end":{}}],"line":181}},"s":{"0":0,"1":0,"2":0,"3":0,"4":0,"5":0,"6":0,"7":0,"8":0,"9":0,"10":0,"11":0,"12":0,"13":0,"14":0,"15":0,"16":0,"17":0,"18":0,"19":0,"20":0,"21":0,"22":0,"23":0,"24":0,"25":0,"26":0,"27":0,"28":0,"29":0,"30":0,"31":0,"32":0,"33":0,"34":0,"35":0,"36":0,"37":0,"38":0,"39":0,"40":0,"41":0,"42":0},"f":{"0":0,"1":0,"2":0,"3":0,"4":0,"5":0,"6":0,"7":0,"8":0,"9":0,"10":0,"11":0,"12":0,"13":0},"b":{"0":[0,0],"1":[0,0],"2":[0,0],"3":[0],"4":[0],"5":[0,0],"6":[0,0],"7":[0,0],"8":[0,0,0],"9":[0,0],"10":[0,0],"11":[0,0],"12":[0],"13":[0,0]}}
,"C:\\Users\\Luiz Idebook\\mapa-morro-digital\\mapa-morro-digital-test\\js\\map\\map-markers.js": {"path":"C:\\Users\\Luiz Idebook\\mapa-morro-digital\\mapa-morro-digital-test\\js\\map\\map-markers.js","statementMap":{"0":{"start":{"line":9,"column":16},"end":{"line":72,"column":3}},"1":{"start":{"line":73,"column":18},"end":{"line":73,"column":58}},"2":{"start":{"line":74,"column":2},"end":{"line":74,"column":25}},"3":{"start":{"line":75,"column":2},"end":{"line":100,"column":5}},"4":{"start":{"line":76,"column":16},"end":{"line":76,"column":48}},"5":{"start":{"line":77,"column":4},"end":{"line":77,"column":35}},"6":{"start":{"line":78,"column":4},"end":{"line":78,"column":32}},"7":{"start":{"line":79,"column":4},"end":{"line":79,"column":43}},"8":{"start":{"line":80,"column":4},"end":{"line":80,"column":43}},"9":{"start":{"line":81,"column":4},"end":{"line":81,"column":45}},"10":{"start":{"line":82,"column":4},"end":{"line":82,"column":59}},"11":{"start":{"line":83,"column":4},"end":{"line":83,"column":46}},"12":{"start":{"line":84,"column":4},"end":{"line":84,"column":52}},"13":{"start":{"line":85,"column":4},"end":{"line":94,"column":6}},"14":{"start":{"line":86,"column":6},"end":{"line":93,"column":8}},"15":{"start":{"line":95,"column":4},"end":{"line":95,"column":29}},"16":{"start":{"line":96,"column":19},"end":{"line":98,"column":62}},"17":{"start":{"line":99,"column":4},"end":{"line":99,"column":25}},"18":{"start":{"line":101,"column":2},"end":{"line":101,"column":58}},"19":{"start":{"line":108,"column":2},"end":{"line":112,"column":5}},"20":{"start":{"line":109,"column":4},"end":{"line":111,"column":5}},"21":{"start":{"line":110,"column":6},"end":{"line":110,"column":56}},"22":{"start":{"line":119,"column":25},"end":{"line":150,"column":3}},"23":{"start":{"line":151,"column":18},"end":{"line":151,"column":62}},"24":{"start":{"line":152,"column":2},"end":{"line":155,"column":3}},"25":{"start":{"line":153,"column":4},"end":{"line":153,"column":63}},"26":{"start":{"line":154,"column":4},"end":{"line":154,"column":11}},"27":{"start":{"line":156,"column":2},"end":{"line":156,"column":25}},"28":{"start":{"line":157,"column":2},"end":{"line":182,"column":5}},"29":{"start":{"line":158,"column":16},"end":{"line":158,"column":48}},"30":{"start":{"line":159,"column":4},"end":{"line":159,"column":35}},"31":{"start":{"line":160,"column":4},"end":{"line":160,"column":32}},"32":{"start":{"line":161,"column":4},"end":{"line":161,"column":43}},"33":{"start":{"line":162,"column":4},"end":{"line":162,"column":43}},"34":{"start":{"line":163,"column":4},"end":{"line":163,"column":45}},"35":{"start":{"line":164,"column":4},"end":{"line":164,"column":59}},"36":{"start":{"line":165,"column":4},"end":{"line":165,"column":47}},"37":{"start":{"line":166,"column":4},"end":{"line":166,"column":52}},"38":{"start":{"line":167,"column":4},"end":{"line":176,"column":6}},"39":{"start":{"line":168,"column":6},"end":{"line":175,"column":8}},"40":{"start":{"line":177,"column":4},"end":{"line":177,"column":29}},"41":{"start":{"line":178,"column":19},"end":{"line":180,"column":62}},"42":{"start":{"line":181,"column":4},"end":{"line":181,"column":25}},"43":{"start":{"line":183,"column":2},"end":{"line":183,"column":59}},"44":{"start":{"line":190,"column":22},"end":{"line":215,"column":3}},"45":{"start":{"line":216,"column":18},"end":{"line":216,"column":64}},"46":{"start":{"line":217,"column":2},"end":{"line":217,"column":25}},"47":{"start":{"line":218,"column":2},"end":{"line":243,"column":5}},"48":{"start":{"line":219,"column":16},"end":{"line":219,"column":48}},"49":{"start":{"line":220,"column":4},"end":{"line":220,"column":35}},"50":{"start":{"line":221,"column":4},"end":{"line":221,"column":37}},"51":{"start":{"line":222,"column":4},"end":{"line":222,"column":48}},"52":{"start":{"line":223,"column":4},"end":{"line":223,"column":48}},"53":{"start":{"line":224,"column":4},"end":{"line":224,"column":50}},"54":{"start":{"line":225,"column":4},"end":{"line":225,"column":64}},"55":{"start":{"line":226,"column":4},"end":{"line":226,"column":52}},"56":{"start":{"line":227,"column":4},"end":{"line":227,"column":57}},"57":{"start":{"line":228,"column":4},"end":{"line":237,"column":6}},"58":{"start":{"line":229,"column":6},"end":{"line":236,"column":8}},"59":{"start":{"line":238,"column":4},"end":{"line":238,"column":29}},"60":{"start":{"line":239,"column":19},"end":{"line":241,"column":72}},"61":{"start":{"line":242,"column":4},"end":{"line":242,"column":25}},"62":{"start":{"line":244,"column":2},"end":{"line":244,"column":60}},"63":{"start":{"line":251,"column":2},"end":{"line":255,"column":5}},"64":{"start":{"line":252,"column":4},"end":{"line":254,"column":5}},"65":{"start":{"line":253,"column":6},"end":{"line":253,"column":55}},"66":{"start":{"line":262,"column":18},"end":{"line":262,"column":52}},"67":{"start":{"line":263,"column":2},"end":{"line":263,"column":25}},"68":{"start":{"line":264,"column":2},"end":{"line":289,"column":5}},"69":{"start":{"line":265,"column":16},"end":{"line":265,"column":48}},"70":{"start":{"line":266,"column":4},"end":{"line":266,"column":50}},"71":{"start":{"line":267,"column":4},"end":{"line":267,"column":32}},"72":{"start":{"line":268,"column":4},"end":{"line":268,"column":43}},"73":{"start":{"line":269,"column":4},"end":{"line":269,"column":43}},"74":{"start":{"line":270,"column":4},"end":{"line":270,"column":45}},"75":{"start":{"line":271,"column":4},"end":{"line":271,"column":59}},"76":{"start":{"line":272,"column":4},"end":{"line":272,"column":46}},"77":{"start":{"line":273,"column":4},"end":{"line":273,"column":52}},"78":{"start":{"line":274,"column":4},"end":{"line":283,"column":6}},"79":{"start":{"line":275,"column":6},"end":{"line":282,"column":8}},"80":{"start":{"line":284,"column":4},"end":{"line":284,"column":29}},"81":{"start":{"line":285,"column":19},"end":{"line":287,"column":62}},"82":{"start":{"line":288,"column":4},"end":{"line":288,"column":25}},"83":{"start":{"line":290,"column":2},"end":{"line":290,"column":62}},"84":{"start":{"line":297,"column":2},"end":{"line":301,"column":5}},"85":{"start":{"line":298,"column":4},"end":{"line":300,"column":5}},"86":{"start":{"line":299,"column":6},"end":{"line":299,"column":58}},"87":{"start":{"line":308,"column":2},"end":{"line":312,"column":5}},"88":{"start":{"line":309,"column":4},"end":{"line":311,"column":5}},"89":{"start":{"line":310,"column":6},"end":{"line":310,"column":66}},"90":{"start":{"line":319,"column":2},"end":{"line":323,"column":5}},"91":{"start":{"line":320,"column":4},"end":{"line":322,"column":5}},"92":{"start":{"line":321,"column":6},"end":{"line":321,"column":53}},"93":{"start":{"line":330,"column":15},"end":{"line":367,"column":3}},"94":{"start":{"line":368,"column":18},"end":{"line":368,"column":57}},"95":{"start":{"line":369,"column":2},"end":{"line":369,"column":25}},"96":{"start":{"line":370,"column":2},"end":{"line":395,"column":5}},"97":{"start":{"line":371,"column":16},"end":{"line":371,"column":48}},"98":{"start":{"line":372,"column":4},"end":{"line":372,"column":35}},"99":{"start":{"line":373,"column":4},"end":{"line":373,"column":31}},"100":{"start":{"line":374,"column":4},"end":{"line":374,"column":42}},"101":{"start":{"line":375,"column":4},"end":{"line":375,"column":42}},"102":{"start":{"line":376,"column":4},"end":{"line":376,"column":44}},"103":{"start":{"line":377,"column":4},"end":{"line":377,"column":58}},"104":{"start":{"line":378,"column":4},"end":{"line":378,"column":46}},"105":{"start":{"line":379,"column":4},"end":{"line":379,"column":51}},"106":{"start":{"line":380,"column":4},"end":{"line":389,"column":6}},"107":{"start":{"line":381,"column":6},"end":{"line":388,"column":8}},"108":{"start":{"line":390,"column":4},"end":{"line":390,"column":29}},"109":{"start":{"line":391,"column":19},"end":{"line":393,"column":60}},"110":{"start":{"line":394,"column":4},"end":{"line":394,"column":25}},"111":{"start":{"line":396,"column":2},"end":{"line":396,"column":55}},"112":{"start":{"line":404,"column":2},"end":{"line":409,"column":5}},"113":{"start":{"line":405,"column":4},"end":{"line":407,"column":5}},"114":{"start":{"line":406,"column":6},"end":{"line":406,"column":72}},"115":{"start":{"line":408,"column":4},"end":{"line":408,"column":21}},"116":{"start":{"line":417,"column":16},"end":{"line":444,"column":3}},"117":{"start":{"line":446,"column":2},"end":{"line":446,"column":57}}},"fnMap":{"0":{"name":"displayCustomAbout","decl":{"start":{"line":8,"column":16},"end":{"line":8,"column":34}},"loc":{"start":{"line":8,"column":37},"end":{"line":102,"column":1}},"line":8},"1":{"name":"(anonymous_1)","decl":{"start":{"line":75,"column":16},"end":{"line":75,"column":17}},"loc":{"start":{"line":75,"column":26},"end":{"line":100,"column":3}},"line":75},"2":{"name":"(anonymous_2)","decl":{"start":{"line":85,"column":18},"end":{"line":85,"column":19}},"loc":{"start":{"line":85,"column":24},"end":{"line":94,"column":5}},"line":85},"3":{"name":"displayCustomBeaches","decl":{"start":{"line":107,"column":16},"end":{"line":107,"column":36}},"loc":{"start":{"line":107,"column":39},"end":{"line":113,"column":1}},"line":107},"4":{"name":"(anonymous_4)","decl":{"start":{"line":108,"column":48},"end":{"line":108,"column":49}},"loc":{"start":{"line":108,"column":58},"end":{"line":112,"column":3}},"line":108},"5":{"name":"displayCustomEducation","decl":{"start":{"line":118,"column":16},"end":{"line":118,"column":38}},"loc":{"start":{"line":118,"column":41},"end":{"line":184,"column":1}},"line":118},"6":{"name":"(anonymous_6)","decl":{"start":{"line":157,"column":25},"end":{"line":157,"column":26}},"loc":{"start":{"line":157,"column":35},"end":{"line":182,"column":3}},"line":157},"7":{"name":"(anonymous_7)","decl":{"start":{"line":167,"column":18},"end":{"line":167,"column":19}},"loc":{"start":{"line":167,"column":24},"end":{"line":176,"column":5}},"line":167},"8":{"name":"displayCustomEmergencies","decl":{"start":{"line":189,"column":16},"end":{"line":189,"column":40}},"loc":{"start":{"line":189,"column":43},"end":{"line":245,"column":1}},"line":189},"9":{"name":"(anonymous_9)","decl":{"start":{"line":218,"column":22},"end":{"line":218,"column":23}},"loc":{"start":{"line":218,"column":37},"end":{"line":243,"column":3}},"line":218},"10":{"name":"(anonymous_10)","decl":{"start":{"line":228,"column":18},"end":{"line":228,"column":19}},"loc":{"start":{"line":228,"column":24},"end":{"line":237,"column":5}},"line":228},"11":{"name":"displayCustomInns","decl":{"start":{"line":250,"column":16},"end":{"line":250,"column":33}},"loc":{"start":{"line":250,"column":36},"end":{"line":256,"column":1}},"line":250},"12":{"name":"(anonymous_12)","decl":{"start":{"line":251,"column":45},"end":{"line":251,"column":46}},"loc":{"start":{"line":251,"column":55},"end":{"line":255,"column":3}},"line":251},"13":{"name":"displayCustomItems","decl":{"start":{"line":261,"column":16},"end":{"line":261,"column":34}},"loc":{"start":{"line":261,"column":62},"end":{"line":291,"column":1}},"line":261},"14":{"name":"(anonymous_14)","decl":{"start":{"line":264,"column":16},"end":{"line":264,"column":17}},"loc":{"start":{"line":264,"column":26},"end":{"line":289,"column":3}},"line":264},"15":{"name":"(anonymous_15)","decl":{"start":{"line":274,"column":18},"end":{"line":274,"column":19}},"loc":{"start":{"line":274,"column":24},"end":{"line":283,"column":5}},"line":274},"16":{"name":"displayCustomNightlife","decl":{"start":{"line":296,"column":16},"end":{"line":296,"column":38}},"loc":{"start":{"line":296,"column":41},"end":{"line":302,"column":1}},"line":296},"17":{"name":"(anonymous_17)","decl":{"start":{"line":297,"column":50},"end":{"line":297,"column":51}},"loc":{"start":{"line":297,"column":60},"end":{"line":301,"column":3}},"line":297},"18":{"name":"displayCustomRestaurants","decl":{"start":{"line":307,"column":16},"end":{"line":307,"column":40}},"loc":{"start":{"line":307,"column":43},"end":{"line":313,"column":1}},"line":307},"19":{"name":"(anonymous_19)","decl":{"start":{"line":308,"column":52},"end":{"line":308,"column":53}},"loc":{"start":{"line":308,"column":62},"end":{"line":312,"column":3}},"line":308},"20":{"name":"displayCustomShops","decl":{"start":{"line":318,"column":16},"end":{"line":318,"column":34}},"loc":{"start":{"line":318,"column":37},"end":{"line":324,"column":1}},"line":318},"21":{"name":"(anonymous_21)","decl":{"start":{"line":319,"column":46},"end":{"line":319,"column":47}},"loc":{"start":{"line":319,"column":56},"end":{"line":323,"column":3}},"line":319},"22":{"name":"displayCustomTips","decl":{"start":{"line":329,"column":16},"end":{"line":329,"column":33}},"loc":{"start":{"line":329,"column":36},"end":{"line":397,"column":1}},"line":329},"23":{"name":"(anonymous_23)","decl":{"start":{"line":370,"column":15},"end":{"line":370,"column":16}},"loc":{"start":{"line":370,"column":24},"end":{"line":395,"column":3}},"line":370},"24":{"name":"(anonymous_24)","decl":{"start":{"line":380,"column":18},"end":{"line":380,"column":19}},"loc":{"start":{"line":380,"column":24},"end":{"line":389,"column":5}},"line":380},"25":{"name":"displayCustomTouristSpots","decl":{"start":{"line":403,"column":16},"end":{"line":403,"column":41}},"loc":{"start":{"line":403,"column":44},"end":{"line":410,"column":1}},"line":403},"26":{"name":"(anonymous_26)","decl":{"start":{"line":404,"column":53},"end":{"line":404,"column":54}},"loc":{"start":{"line":404,"column":63},"end":{"line":409,"column":3}},"line":404},"27":{"name":"displayCustomTours","decl":{"start":{"line":416,"column":16},"end":{"line":416,"column":34}},"loc":{"start":{"line":416,"column":37},"end":{"line":447,"column":1}},"line":416}},"branchMap":{"0":{"loc":{"start":{"line":109,"column":4},"end":{"line":111,"column":5}},"type":"if","locations":[{"start":{"line":109,"column":4},"end":{"line":111,"column":5}},{"start":{},"end":{}}],"line":109},"1":{"loc":{"start":{"line":152,"column":2},"end":{"line":155,"column":3}},"type":"if","locations":[{"start":{"line":152,"column":2},"end":{"line":155,"column":3}},{"start":{},"end":{}}],"line":152},"2":{"loc":{"start":{"line":252,"column":4},"end":{"line":254,"column":5}},"type":"if","locations":[{"start":{"line":252,"column":4},"end":{"line":254,"column":5}},{"start":{},"end":{}}],"line":252},"3":{"loc":{"start":{"line":298,"column":4},"end":{"line":300,"column":5}},"type":"if","locations":[{"start":{"line":298,"column":4},"end":{"line":300,"column":5}},{"start":{},"end":{}}],"line":298},"4":{"loc":{"start":{"line":309,"column":4},"end":{"line":311,"column":5}},"type":"if","locations":[{"start":{"line":309,"column":4},"end":{"line":311,"column":5}},{"start":{},"end":{}}],"line":309},"5":{"loc":{"start":{"line":320,"column":4},"end":{"line":322,"column":5}},"type":"if","locations":[{"start":{"line":320,"column":4},"end":{"line":322,"column":5}},{"start":{},"end":{}}],"line":320},"6":{"loc":{"start":{"line":405,"column":4},"end":{"line":407,"column":5}},"type":"if","locations":[{"start":{"line":405,"column":4},"end":{"line":407,"column":5}},{"start":{},"end":{}}],"line":405}},"s":{"0":0,"1":0,"2":0,"3":0,"4":0,"5":0,"6":0,"7":0,"8":0,"9":0,"10":0,"11":0,"12":0,"13":0,"14":0,"15":0,"16":0,"17":0,"18":0,"19":0,"20":0,"21":0,"22":0,"23":0,"24":0,"25":0,"26":0,"27":0,"28":0,"29":0,"30":0,"31":0,"32":0,"33":0,"34":0,"35":0,"36":0,"37":0,"38":0,"39":0,"40":0,"41":0,"42":0,"43":0,"44":0,"45":0,"46":0,"47":0,"48":0,"49":0,"50":0,"51":0,"52":0,"53":0,"54":0,"55":0,"56":0,"57":0,"58":0,"59":0,"60":0,"61":0,"62":0,"63":0,"64":0,"65":0,"66":0,"67":0,"68":0,"69":0,"70":0,"71":0,"72":0,"73":0,"74":0,"75":0,"76":0,"77":0,"78":0,"79":0,"80":0,"81":0,"82":0,"83":0,"84":0,"85":0,"86":0,"87":0,"88":0,"89":0,"90":0,"91":0,"92":0,"93":0,"94":0,"95":0,"96":0,"97":0,"98":0,"99":0,"100":0,"101":0,"102":0,"103":0,"104":0,"105":0,"106":0,"107":0,"108":0,"109":0,"110":0,"111":0,"112":0,"113":0,"114":0,"115":0,"116":0,"117":0},"f":{"0":0,"1":0,"2":0,"3":0,"4":0,"5":0,"6":0,"7":0,"8":0,"9":0,"10":0,"11":0,"12":0,"13":0,"14":0,"15":0,"16":0,"17":0,"18":0,"19":0,"20":0,"21":0,"22":0,"23":0,"24":0,"25":0,"26":0,"27":0},"b":{"0":[0,0],"1":[0,0],"2":[0,0],"3":[0,0],"4":[0,0],"5":[0,0],"6":[0,0]}}
,"C:\\Users\\Luiz Idebook\\mapa-morro-digital\\mapa-morro-digital-test\\js\\navigation\\route.js": {"path":"C:\\Users\\Luiz Idebook\\mapa-morro-digital\\mapa-morro-digital-test\\js\\navigation\\route.js","statementMap":{"0":{"start":{"line":9,"column":2},"end":{"line":29,"column":3}},"1":{"start":{"line":10,"column":4},"end":{"line":10,"column":26}},"2":{"start":{"line":12,"column":25},"end":{"line":12,"column":51}},"3":{"start":{"line":13,"column":22},"end":{"line":13,"column":53}},"4":{"start":{"line":15,"column":4},"end":{"line":19,"column":5}},"5":{"start":{"line":16,"column":6},"end":{"line":16,"column":75}},"6":{"start":{"line":17,"column":6},"end":{"line":17,"column":45}},"7":{"start":{"line":18,"column":6},"end":{"line":18,"column":13}},"8":{"start":{"line":21,"column":4},"end":{"line":21,"column":33}},"9":{"start":{"line":22,"column":4},"end":{"line":22,"column":24}},"10":{"start":{"line":23,"column":4},"end":{"line":23,"column":28}},"11":{"start":{"line":24,"column":4},"end":{"line":24,"column":51}},"12":{"start":{"line":25,"column":4},"end":{"line":25,"column":20}},"13":{"start":{"line":27,"column":4},"end":{"line":27,"column":71}},"14":{"start":{"line":28,"column":4},"end":{"line":28,"column":73}},"15":{"start":{"line":36,"column":2},"end":{"line":63,"column":3}},"16":{"start":{"line":37,"column":4},"end":{"line":37,"column":26}},"17":{"start":{"line":38,"column":22},"end":{"line":43,"column":5}},"18":{"start":{"line":45,"column":4},"end":{"line":48,"column":5}},"19":{"start":{"line":46,"column":6},"end":{"line":46,"column":75}},"20":{"start":{"line":47,"column":6},"end":{"line":47,"column":18}},"21":{"start":{"line":50,"column":4},"end":{"line":54,"column":6}},"22":{"start":{"line":55,"column":4},"end":{"line":55,"column":21}},"23":{"start":{"line":57,"column":4},"end":{"line":57,"column":48}},"24":{"start":{"line":58,"column":4},"end":{"line":61,"column":6}},"25":{"start":{"line":62,"column":4},"end":{"line":62,"column":16}},"26":{"start":{"line":68,"column":2},"end":{"line":76,"column":3}},"27":{"start":{"line":73,"column":4},"end":{"line":73,"column":73}},"28":{"start":{"line":74,"column":4},"end":{"line":74,"column":60}},"29":{"start":{"line":75,"column":4},"end":{"line":75,"column":17}},"30":{"start":{"line":77,"column":2},"end":{"line":77,"column":14}},"31":{"start":{"line":103,"column":4},"end":{"line":104,"column":81}},"32":{"start":{"line":105,"column":2},"end":{"line":132,"column":3}},"33":{"start":{"line":106,"column":21},"end":{"line":106,"column":37}},"34":{"start":{"line":107,"column":4},"end":{"line":110,"column":5}},"35":{"start":{"line":108,"column":6},"end":{"line":108,"column":77}},"36":{"start":{"line":109,"column":6},"end":{"line":109,"column":18}},"37":{"start":{"line":111,"column":17},"end":{"line":111,"column":38}},"38":{"start":{"line":113,"column":19},"end":{"line":113,"column":56}},"39":{"start":{"line":114,"column":20},"end":{"line":114,"column":58}},"40":{"start":{"line":114,"column":47},"end":{"line":114,"column":57}},"41":{"start":{"line":116,"column":4},"end":{"line":118,"column":5}},"42":{"start":{"line":117,"column":6},"end":{"line":117,"column":43}},"43":{"start":{"line":120,"column":4},"end":{"line":124,"column":18}},"44":{"start":{"line":126,"column":4},"end":{"line":126,"column":74}},"45":{"start":{"line":127,"column":4},"end":{"line":127,"column":62}},"46":{"start":{"line":128,"column":4},"end":{"line":128,"column":16}},"47":{"start":{"line":130,"column":4},"end":{"line":130,"column":66}},"48":{"start":{"line":131,"column":4},"end":{"line":131,"column":16}},"49":{"start":{"line":145,"column":12},"end":{"line":145,"column":19}},"50":{"start":{"line":146,"column":16},"end":{"line":146,"column":29}},"51":{"start":{"line":147,"column":15},"end":{"line":147,"column":36}},"52":{"start":{"line":148,"column":15},"end":{"line":148,"column":36}},"53":{"start":{"line":150,"column":4},"end":{"line":151,"column":77}},"54":{"start":{"line":152,"column":12},"end":{"line":152,"column":58}},"55":{"start":{"line":153,"column":2},"end":{"line":153,"column":15}},"56":{"start":{"line":166,"column":2},"end":{"line":166,"column":64}},"57":{"start":{"line":166,"column":48},"end":{"line":166,"column":64}},"58":{"start":{"line":168,"column":20},"end":{"line":168,"column":28}},"59":{"start":{"line":169,"column":2},"end":{"line":176,"column":3}},"60":{"start":{"line":169,"column":15},"end":{"line":169,"column":16}},"61":{"start":{"line":170,"column":14},"end":{"line":170,"column":28}},"62":{"start":{"line":171,"column":14},"end":{"line":171,"column":32}},"63":{"start":{"line":172,"column":17},"end":{"line":172,"column":57}},"64":{"start":{"line":173,"column":4},"end":{"line":175,"column":5}},"65":{"start":{"line":174,"column":6},"end":{"line":174,"column":25}},"66":{"start":{"line":177,"column":2},"end":{"line":177,"column":21}},"67":{"start":{"line":192,"column":16},"end":{"line":192,"column":46}},"68":{"start":{"line":192,"column":25},"end":{"line":192,"column":46}},"69":{"start":{"line":195,"column":15},"end":{"line":195,"column":27}},"70":{"start":{"line":196,"column":11},"end":{"line":196,"column":23}},"71":{"start":{"line":197,"column":15},"end":{"line":197,"column":27}},"72":{"start":{"line":198,"column":11},"end":{"line":198,"column":23}},"73":{"start":{"line":199,"column":15},"end":{"line":199,"column":27}},"74":{"start":{"line":200,"column":11},"end":{"line":200,"column":23}},"75":{"start":{"line":203,"column":13},"end":{"line":203,"column":34}},"76":{"start":{"line":204,"column":9},"end":{"line":204,"column":13}},"77":{"start":{"line":205,"column":13},"end":{"line":205,"column":34}},"78":{"start":{"line":206,"column":9},"end":{"line":206,"column":13}},"79":{"start":{"line":207,"column":13},"end":{"line":207,"column":34}},"80":{"start":{"line":208,"column":9},"end":{"line":208,"column":13}},"81":{"start":{"line":210,"column":17},"end":{"line":210,"column":24}},"82":{"start":{"line":211,"column":17},"end":{"line":211,"column":24}},"83":{"start":{"line":212,"column":17},"end":{"line":212,"column":24}},"84":{"start":{"line":213,"column":17},"end":{"line":213,"column":24}},"85":{"start":{"line":215,"column":26},"end":{"line":215,"column":59}},"86":{"start":{"line":216,"column":10},"end":{"line":216,"column":11}},"87":{"start":{"line":217,"column":2},"end":{"line":220,"column":3}},"88":{"start":{"line":218,"column":4},"end":{"line":218,"column":62}},"89":{"start":{"line":219,"column":4},"end":{"line":219,"column":36}},"90":{"start":{"line":222,"column":16},"end":{"line":222,"column":31}},"91":{"start":{"line":223,"column":16},"end":{"line":223,"column":31}},"92":{"start":{"line":225,"column":17},"end":{"line":225,"column":27}},"93":{"start":{"line":226,"column":17},"end":{"line":226,"column":27}},"94":{"start":{"line":227,"column":22},"end":{"line":227,"column":66}},"95":{"start":{"line":230,"column":12},"end":{"line":230,"column":19}},"96":{"start":{"line":231,"column":2},"end":{"line":231,"column":25}},"97":{"start":{"line":241,"column":2},"end":{"line":247,"column":3}},"98":{"start":{"line":242,"column":4},"end":{"line":242,"column":41}},"99":{"start":{"line":243,"column":4},"end":{"line":243,"column":31}},"100":{"start":{"line":244,"column":4},"end":{"line":244,"column":62}},"101":{"start":{"line":246,"column":4},"end":{"line":246,"column":72}},"102":{"start":{"line":261,"column":20},"end":{"line":261,"column":28}},"103":{"start":{"line":262,"column":23},"end":{"line":262,"column":27}},"104":{"start":{"line":263,"column":18},"end":{"line":263,"column":20}},"105":{"start":{"line":264,"column":14},"end":{"line":264,"column":15}},"106":{"start":{"line":266,"column":2},"end":{"line":289,"column":3}},"107":{"start":{"line":266,"column":15},"end":{"line":266,"column":16}},"108":{"start":{"line":267,"column":14},"end":{"line":267,"column":33}},"109":{"start":{"line":268,"column":14},"end":{"line":268,"column":37}},"110":{"start":{"line":269,"column":15},"end":{"line":269,"column":28}},"111":{"start":{"line":270,"column":15},"end":{"line":270,"column":28}},"112":{"start":{"line":271,"column":18},"end":{"line":271,"column":35}},"113":{"start":{"line":273,"column":4},"end":{"line":273,"column":30}},"114":{"start":{"line":273,"column":21},"end":{"line":273,"column":30}},"115":{"start":{"line":276,"column":14},"end":{"line":276,"column":71}},"116":{"start":{"line":278,"column":21},"end":{"line":278,"column":48}},"117":{"start":{"line":279,"column":20},"end":{"line":279,"column":41}},"118":{"start":{"line":280,"column":20},"end":{"line":280,"column":41}},"119":{"start":{"line":282,"column":14},"end":{"line":282,"column":67}},"120":{"start":{"line":283,"column":4},"end":{"line":288,"column":5}},"121":{"start":{"line":284,"column":6},"end":{"line":284,"column":22}},"122":{"start":{"line":285,"column":6},"end":{"line":285,"column":54}},"123":{"start":{"line":286,"column":6},"end":{"line":286,"column":20}},"124":{"start":{"line":287,"column":6},"end":{"line":287,"column":23}},"125":{"start":{"line":291,"column":2},"end":{"line":295,"column":4}},"126":{"start":{"line":308,"column":16},"end":{"line":308,"column":29}},"127":{"start":{"line":309,"column":16},"end":{"line":309,"column":29}},"128":{"start":{"line":310,"column":15},"end":{"line":310,"column":36}},"129":{"start":{"line":311,"column":12},"end":{"line":311,"column":51}},"130":{"start":{"line":313,"column":4},"end":{"line":314,"column":68}},"131":{"start":{"line":315,"column":16},"end":{"line":315,"column":40}},"132":{"start":{"line":316,"column":2},"end":{"line":316,"column":31}},"133":{"start":{"line":324,"column":17},"end":{"line":324,"column":56}},"134":{"start":{"line":325,"column":2},"end":{"line":328,"column":3}},"135":{"start":{"line":326,"column":4},"end":{"line":326,"column":63}},"136":{"start":{"line":327,"column":4},"end":{"line":327,"column":11}},"137":{"start":{"line":330,"column":2},"end":{"line":330,"column":33}},"138":{"start":{"line":331,"column":2},"end":{"line":331,"column":80}},"139":{"start":{"line":334,"column":2},"end":{"line":350,"column":12}},"140":{"start":{"line":335,"column":4},"end":{"line":335,"column":32}},"141":{"start":{"line":338,"column":4},"end":{"line":342,"column":6}},"142":{"start":{"line":344,"column":4},"end":{"line":346,"column":6}},"143":{"start":{"line":349,"column":4},"end":{"line":349,"column":34}},"144":{"start":{"line":359,"column":2},"end":{"line":362,"column":3}},"145":{"start":{"line":360,"column":4},"end":{"line":360,"column":49}},"146":{"start":{"line":361,"column":4},"end":{"line":361,"column":42}},"147":{"start":{"line":364,"column":17},"end":{"line":364,"column":56}},"148":{"start":{"line":365,"column":2},"end":{"line":365,"column":44}},"149":{"start":{"line":365,"column":14},"end":{"line":365,"column":44}},"150":{"start":{"line":367,"column":2},"end":{"line":367,"column":55}},"151":{"start":{"line":385,"column":18},"end":{"line":385,"column":68}},"152":{"start":{"line":386,"column":15},"end":{"line":386,"column":17}},"153":{"start":{"line":388,"column":2},"end":{"line":400,"column":3}},"154":{"start":{"line":389,"column":22},"end":{"line":398,"column":5}},"155":{"start":{"line":399,"column":4},"end":{"line":399,"column":40}},"156":{"start":{"line":401,"column":2},"end":{"line":401,"column":16}},"157":{"start":{"line":409,"column":2},"end":{"line":413,"column":5}},"158":{"start":{"line":415,"column":2},"end":{"line":417,"column":5}},"159":{"start":{"line":416,"column":4},"end":{"line":416,"column":39}},"160":{"start":{"line":419,"column":2},"end":{"line":421,"column":5}},"161":{"start":{"line":420,"column":4},"end":{"line":420,"column":37}}},"fnMap":{"0":{"name":"startRouteCreation","decl":{"start":{"line":8,"column":15},"end":{"line":8,"column":33}},"loc":{"start":{"line":8,"column":36},"end":{"line":30,"column":1}},"line":8},"1":{"name":"createRoute","decl":{"start":{"line":35,"column":15},"end":{"line":35,"column":26}},"loc":{"start":{"line":35,"column":41},"end":{"line":64,"column":1}},"line":35},"2":{"name":"validateSelectedDestination","decl":{"start":{"line":67,"column":9},"end":{"line":67,"column":36}},"loc":{"start":{"line":67,"column":39},"end":{"line":78,"column":1}},"line":67},"3":{"name":"plotRouteOnMap","decl":{"start":{"line":95,"column":15},"end":{"line":95,"column":29}},"loc":{"start":{"line":
[...]
},"102":{"start":{"line":341,"column":25},"end":{"line":343,"column":5}},"103":{"start":{"line":344,"column":4},"end":{"line":347,"column":5}},"104":{"start":{"line":345,"column":6},"end":{"line":345,"column":48}},"105":{"start":{"line":346,"column":6},"end":{"line":346,"column":43}},"106":{"start":{"line":350,"column":4},"end":{"line":350,"column":31}}},"fnMap":{"0":{"name":"handleSubmenuButtonClick","decl":{"start":{"line":14,"column":16},"end":{"line":14,"column":40}},"loc":{"start":{"line":20,"column":2},"end":{"line":29,"column":1}},"line":20},"1":{"name":"handleSubmenuButtonsTouristSpots","decl":{"start":{"line":34,"column":16},"end":{"line":34,"column":48}},"loc":{"start":{"line":34,"column":78},"end":{"line":42,"column":1}},"line":34},"2":{"name":"handleSubmenuButtonsTours","decl":{"start":{"line":47,"column":16},"end":{"line":47,"column":41}},"loc":{"start":{"line":47,"column":71},"end":{"line":49,"column":1}},"line":47},"3":{"name":"handleSubmenuButtonsBeaches","decl":{"start":{"line":54,"column":16},"end":{"line":54,"column":43}},"loc":{"start":{"line":54,"column":73},"end":{"line":62,"column":1}},"line":54},"4":{"name":"handleSubmenuButtonsRestaurants","decl":{"start":{"line":67,"column":16},"end":{"line":67,"column":47}},"loc":{"start":{"line":67,"column":77},"end":{"line":75,"column":1}},"line":67},"5":{"name":"handleSubmenuButtonsShops","decl":{"start":{"line":80,"column":16},"end":{"line":80,"column":41}},"loc":{"start":{"line":80,"column":71},"end":{"line":88,"column":1}},"line":80},"6":{"name":"handleSubmenuButtonsEmergencies","decl":{"start":{"line":93,"column":16},"end":{"line":93,"column":47}},"loc":{"start":{"line":93,"column":77},"end":{"line":101,"column":1}},"line":93},"7":{"name":"handleSubmenuButtonsEducation","decl":{"start":{"line":106,"column":16},"end":{"line":106,"column":45}},"loc":{"start":{"line":106,"column":75},"end":{"line":114,"column":1}},"line":106},"8":{"name":"handleSubmenuButtonsInns","decl":{"start":{"line":119,"column":16},"end":{"line":119,"column":40}},"loc":{"start":{"line":119,"column":70},"end":{"line":121,"column":1}},"line":119},"9":{"name":"handleSubmenuButtonsTips","decl":{"start":{"line":126,"column":16},"end":{"line":126,"column":40}},"loc":{"start":{"line":126,"column":70},"end":{"line":128,"column":1}},"line":126},"10":{"name":"loadSubMenu","decl":{"start":{"line":131,"column":16},"end":{"line":131,"column":27}},"loc":{"start":{"line":131,"column":48},"end":{"line":184,"column":1}},"line":131},"11":{"name":"handleSubmenuButtons","decl":{"start":{"line":191,"column":16},"end":{"line":191,"column":36}},"loc":{"start":{"line":198,"column":2},"end":{"line":255,"column":1}},"line":198},"12":{"name":"(anonymous_12)","decl":{"start":{"line":209,"column":10},"end":{"line":209,"column":11}},"loc":{"start":{"line":209,"column":16},"end":{"line":213,"column":5}},"line":209},"13":{"name":"(anonymous_13)","decl":{"start":{"line":214,"column":11},"end":{"line":214,"column":12}},"loc":{"start":{"line":214,"column":22},"end":{"line":216,"column":5}},"line":214},"14":{"name":"setupSubmenuClickListeners","decl":{"start":{"line":262,"column":16},"end":{"line":262,"column":42}},"loc":{"start":{"line":262,"column":45},"end":{"line":272,"column":1}},"line":262},"15":{"name":"(anonymous_15)","decl":{"start":{"line":263,"column":63},"end":{"line":263,"column":64}},"loc":{"start":{"line":263,"column":72},"end":{"line":271,"column":3}},"line":263},"16":{"name":"(anonymous_16)","decl":{"start":{"line":264,"column":34},"end":{"line":264,"column":35}},"loc":{"start":{"line":264,"column":45},"end":{"line":270,"column":5}},"line":264},"17":{"name":"handleFeatureSelection","decl":{"start":{"line":278,"column":16},"end":{"line":278,"column":38}},"loc":{"start":{"line":278,"column":48},"end":{"line":352,"column":1}},"line":278},"18":{"name":"(anonymous_18)","decl":{"start":{"line":308,"column":54},"end":{"line":308,"column":55}},"loc":{"start":{"line":308,"column":67},"end":{"line":310,"column":3}},"line":308},"19":{"name":"(anonymous_19)","decl":{"start":{"line":321,"column":15},"end":{"line":321,"column":16}},"loc":{"start":{"line":321,"column":24},"end":{"line":321,"column":54}},"line":321},"20":{"name":"(anonymous_20)","decl":{"start":{"line":340,"column":15},"end":{"line":340,"column":16}},"loc":{"start":{"line":340,"column":24},"end":{"line":340,"column":53}},"line":340}},"branchMap":{"0":{"loc":{"start":{"line":134,"column":2},"end":{"line":137,"column":3}},"type":"if","locations":[{"start":{"line":134,"column":2},"end":{"line":137,"column":3}},{"start":{},"end":{}}],"line":134},"1":{"loc":{"start":{"line":145,"column":2},"end":{"line":183,"column":3}},"type":"switch","locations":[{"start":{"line":146,"column":4},"end":{"line":148,"column":12}},{"start":{"line":149,"column":4},"end":{"line":151,"column":12}},{"start":{"line":152,"column":4},"end":{"line":154,"column":12}},{"start":{"line":155,"column":4},"end":{"line":157,"column":12}},{"start":{"line":158,"column":4},"end":{"line":160,"column":12}},{"start":{"line":161,"column":4},"end":{"line":163,"column":12}},{"start":{"line":164,"column":4},"end":{"line":166,"column":12}},{"start":{"line":167,"column":4},"end":{"line":169,"column":12}},{"start":{"line":170,"column":4},"end":{"line":172,"column":12}},{"start":{"line":173,"column":4},"end":{"line":175,"column":12}},{"start":{"line":176,"column":4},"end":{"line":178,"column":12}},{"start":{"line":179,"column":4},"end":{"line":182,"column":12}}],"line":145},"2":{"loc":{"start":{"line":219,"column":2},"end":{"line":254,"column":3}},"type":"switch","locations":[{"start":{"line":220,"column":4},"end":{"line":222,"column":12}},{"start":{"line":223,"column":4},"end":{"line":225,"column":12}},{"start":{"line":226,"column":4},"end":{"line":228,"column":12}},{"start":{"line":229,"column":4},"end":{"line":231,"column":12}},{"start":{"line":232,"column":4},"end":{"line":234,"column":12}},{"start":{"line":235,"column":4},"end":{"line":237,"column":12}},{"start":{"line":238,"column":4},"end":{"line":240,"column":12}},{"start":{"line":241,"column":4},"end":{"line":243,"column":12}},{"start":{"line":244,"column":4},"end":{"line":246,"column":12}},{"start":{"line":247,"column":4},"end":{"line":249,"column":12}},{"start":{"line":251,"column":4},"end":{"line":253,"column":12}}],"line":219},"3":{"loc":{"start":{"line":299,"column":2},"end":{"line":303,"column":3}},"type":"if","locations":[{"start":{"line":299,"column":2},"end":{"line":303,"column":3}},{"start":{},"end":{}}],"line":299},"4":{"loc":{"start":{"line":316,"column":2},"end":{"line":351,"column":3}},"type":"if","locations":[{"start":{"line":316,"column":2},"end":{"line":351,"column":3}},{"start":{"line":323,"column":9},"end":{"line":351,"column":3}}],"line":316},"5":{"loc":{"start":{"line":328,"column":4},"end":{"line":334,"column":5}},"type":"if","locations":[{"start":{"line":328,"column":4},"end":{"line":334,"column":5}},{"start":{},"end":{}}],"line":328},"6":{"loc":{"start":{"line":329,"column":6},"end":{"line":330,"column":56}},"type":"binary-expr","locations":[{"start":{"line":329,"column":6},"end":{"line":329,"column":22}},{"start":{"line":330,"column":6},"end":{"line":330,"column":56}}],"line":329},"7":{"loc":{"start":{"line":344,"column":4},"end":{"line":347,"column":5}},"type":"if","locations":[{"start":{"line":344,"column":4},"end":{"line":347,"column":5}},{"start":{},"end":{}}],"line":344}},"s":{"0":0,"1":0,"2":0,"3":0,"4":0,"5":0,"6":0,"7":0,"8":0,"9":0,"10":0,"11":0,"12":0,"13":0,"14":0,"15":0,"16":0,"17":0,"18":0,"19":0,"20":0,"21":0,"22":0,"23":0,"24":0,"25":0,"26":0,"27":0,"28":0,"29":0,"30":0,"31":0,"32":0,"33":0,"34":0,"35":0,"36":0,"37":0,"38":0,"39":0,"40":0,"41":0,"42":0,"43":0,"44":0,"45":0,"46":0,"47":0,"48":0,"49":0,"50":0,"51":0,"52":0,"53":0,"54":0,"55":0,"56":0,"57":0,"58":0,"59":0,"60":0,"61":0,"62":0,"63":0,"64":0,"65":0,"66":0,"67":0,"68":0,"69":0,"70":0,"71":0,"72":0,"73":0,"74":0,"75":0,"76":0,"77":0,"78":0,"79":0,"80":0,"81":0,"82":0,"83":0,"84":0,"85":0,"86":0,"87":0,"88":0,"89":0,"90":0,"91":0,"92":0,"93":0,"94":0,"95":0,"96":0,"97":0,"98":0,"99":0,"100":0,"101":0,"102":0,"103":0,"104":0,"105":0,"106":0},"f":{"0":0,"1":0,"2":0,"3":0,"4":0,"5":0,"6":0,"7":0,"8":0,"9":0,"10":0,"11":0,"12":0,"13":0,"14":0,"15":0,"16":0,"17":0,"18":0,"19":0,"20":0},"b":{"0":[0,0],"1":[0,0,0,0,0,0,0,0,0,0,0,0],"2":[0,0,0,0,0,0,0,0,0,0,0],"3":[0,0],"4":[0,0],"5":[0,0],"6":[0,0],"7":[0,0]}}
,"C:\\Users\\Luiz Idebook\\mapa-morro-digital\\mapa-morro-digital-test\\js\\ui\\theme.js": {"path":"C:\\Users\\Luiz Idebook\\mapa-morro-digital\\mapa-morro-digital-test\\js\\ui\\theme.js","statementMap":{"0":{"start":{"line":6,"column":15},"end":{"line":6,"column":36}},"1":{"start":{"line":7,"column":15},"end":{"line":7,"column":28}},"2":{"start":{"line":8,"column":2},"end":{"line":20,"column":3}},"3":{"start":{"line":10,"column":4},"end":{"line":13,"column":5}},"4":{"start":{"line":11,"column":6},"end":{"line":11,"column":39}},"5":{"start":{"line":12,"column":6},"end":{"line":12,"column":71}},"6":{"start":{"line":16,"column":4},"end":{"line":19,"column":5}},"7":{"start":{"line":17,"column":6},"end":{"line":17,"column":42}},"8":{"start":{"line":18,"column":6},"end":{"line":18,"column":70}}},"fnMap":{"0":{"name":"autoAdjustTheme","decl":{"start":{"line":5,"column":16},"end":{"line":5,"column":31}},"loc":{"start":{"line":5,"column":34},"end":{"line":21,"column":1}},"line":5}},"branchMap":{"0":{"loc":{"start":{"line":8,"column":2},"end":{"line":20,"column":3}},"type":"if","locations":[{"start":{"line":8,"column":2},"end":{"line":20,"column":3}},{"start":{"line":14,"column":9},"end":{"line":20,"column":3}}],"line":8},"1":{"loc":{"start":{"line":8,"column":6},"end":{"line":8,"column":28}},"type":"binary-expr","locations":[{"start":{"line":8,"column":6},"end":{"line":8,"column":16}},{"start":{"line":8,"column":20},"end":{"line":8,"column":28}}],"line":8},"2":{"loc":{"start":{"line":10,"column":4},"end":{"line":13,"column":5}},"type":"if","locations":[{"start":{"line":10,"column":4},"end":{"line":13,"column":5}},{"start":{},"end":{}}],"line":10},"3":{"loc":{"start":{"line":16,"column":4},"end":{"line":19,"column":5}},"type":"if","locations":[{"start":{"line":16,"column":4},"end":{"line":19,"column":5}},{"start":{},"end":{}}],"line":16}},"s":{"0":0,"1":0,"2":0,"3":0,"4":0,"5":0,"6":0,"7":0,"8":0},"f":{"0":0},"b":{"0":[0,0],"1":[0,0],"2":[0,0],"3":[0,0]}}
,"C:\\Users\\Luiz Idebook\\mapa-morro-digital\\mapa-morro-digital-test\\js\\ui\\voice-control.js": {"path":"C:\\Users\\Luiz Idebook\\mapa-morro-digital\\mapa-morro-digital-test\\js\\ui\\voice-control.js","statementMap":{"0":{"start":{"line":6,"column":2},"end":{"line":12,"column":3}},"1":{"start":{"line":7,"column":4},"end":{"line":10,"column":6}},"2":{"start":{"line":11,"column":4},"end":{"line":11,"column":11}},"3":{"start":{"line":14,"column":22},"end":{"line":14,"column":51}},"4":{"start":{"line":15,"column":2},"end":{"line":15,"column":29}},"5":{"start":{"line":16,"column":2},"end":{"line":16,"column":33}},"6":{"start":{"line":17,"column":2},"end":{"line":17,"column":37}},"7":{"start":{"line":19,"column":2},"end":{"line":22,"column":4}},"8":{"start":{"line":20,"column":4},"end":{"line":20,"column":32}},"9":{"start":{"line":21,"column":4},"end":{"line":21,"column":51}},"10":{"start":{"line":24,"column":2},"end":{"line":28,"column":4}},"11":{"start":{"line":25,"column":23},"end":{"line":25,"column":60}},"12":{"start":{"line":26,"column":4},"end":{"line":26,"column":52}},"13":{"start":{"line":27,"column":4},"end":{"line":27,"column":33}},"14":{"start":{"line":30,"column":2},"end":{"line":36,"column":4}},"15":{"start":{"line":31,"column":4},"end":{"line":31,"column":65}},"16":{"start":{"line":32,"column":4},"end":{"line":35,"column":6}},"17":{"start":{"line":38,"column":2},"end":{"line":41,"column":4}},"18":{"start":{"line":39,"column":4},"end":{"line":39,"column":33}},"19":{"start":{"line":40,"column":4},"end":{"line":40,"column":53}},"20":{"start":{"line":43,"column":2},"end":{"line":43,"column":22}},"21":{"start":{"line":48,"column":25},"end":{"line":48,"column":67}},"22":{"start":{"line":49,"column":2},"end":{"line":52,"column":3}},"23":{"start":{"line":50,"column":4},"end":{"line":50,"column":53}},"24":{"start":{"line":51,"column":4},"end":{"line":51,"column":11}},"25":{"start":{"line":53,"column":2},"end":{"line":53,"column":61}},"26":{"start":{"line":54,"column":2},"end":{"line":56,"column":4}},"27":{"start":{"line":61,"column":2},"end":{"line":70,"column":3}},"28":{"start":{"line":62,"column":4},"end":{"line":62,"column":25}},"29":{"start":{"line":63,"column":4},"end":{"line":63,"column":48}},"30":{"start":{"line":64,"column":9},"end":{"line":70,"column":3}},"31":{"start":{"line":65,"column":4},"end":{"line":65,"column":20}},"32":{"start":{"line":66,"column":4},"end":{"line":66,"column":51}},"33":{"start":{"line":68,"column":4},"end":{"line":68,"column":60}},"34":{"start":{"line":69,"column":4},"end":{"line":69,"column":54}},"35":{"start":{"line":75,"column":2},"end":{"line":75,"column":36}},"36":{"start":{"line":76,"column":2},"end":{"line":76,"column":47}},"37":{"start":{"line":81,"column":2},"end":{"line":81,"column":29}},"38":{"start":{"line":82,"column":2},"end":{"line":82,"column":34}},"39":{"start":{"line":87,"column":2},"end":{"line":87,"column":46}},"40":{"start":{"line":93,"column":2},"end":{"line":96,"column":3}},"41":{"start":{"line":94,"column":4},"end":{"line":94,"column":73}},"42":{"start":{"line":95,"column":4},"end":{"line":95,"column":17}},"43":{"start":{"line":97,"column":2},"end":{"line":97,"column":56}},"44":{"start":{"line":98,"column":2},"end":{"line":98,"column":14}},"45":{"start":{"line":103,"column":2},"end":{"line":103,"column":42}},"46":{"start":{"line":109,"column":2},"end":{"line":109,"column":55}},"47":{"start":{"line":115,"column":2},"end":{"line":115,"column":54}},"48":{"start":{"line":116,"column":2},"end":{"line":116,"column":26}},"49":{"start":{"line":121,"column":2},"end":{"line":121,"column":50}},"50":{"start":{"line":127,"column":20},"end":{"line":127,"column":54}},"51":{"start":{"line":128,"column":2},"end":{"line":128,"column":27}},"52":{"start":{"line":129,"column":2},"end":{"line":129,"column":35}},"53":{"start":{"line":130,"column":2},"end":{"line":130,"column":50}},"54":{"start":{"line":135,"column":2},"end":{"line":135,"column":33}},"55":{"start":{"line":136,"column":2},"end":{"line":136,"column":48}}},"fnMap":{"0":{"name":"startVoiceRecognition","decl":{"start":{"line":5,"column":16},"end":{"line":5,"column":37}},"loc":{"start":{"line":5,"column":40},"end":{"line":44,"column":1}},"line":5},"1":{"name":"(anonymous_1)","decl":{"start":{"line":19,"column":24},"end":{"line":19,"column":25}},"loc":{"start":{"line":19,"column":30},"end":{"line":22,"column":3}},"line":19},"2":{"name":"(anonymous_2)","decl":{"start":{"line":24,"column":25},"end":{"line":24,"column":26}},"loc":{"start":{"line":24,"column":36},"end":{"line":28,"column":3}},"line":24},"3":{"name":"(anonymous_3)","decl":{"start":{"line":30,"column":24},"end":{"line":30,"column":25}},"loc":{"start":{"line":30,"column":35},"end":{"line":36,"column":3}},"line":30},"4":{"name":"(anonymous_4)","decl":{"start":{"line":38,"column":22},"end":{"line":38,"column":23}},"loc":{"start":{"line":38,"column":28},"end":{"line":41,"column":3}},"line":38},"5":{"name":"visualizeVoiceCapture","decl":{"start":{"line":47,"column":16},"end":{"line":47,"column":37}},"loc":{"start":{"line":47,"column":48},"end":{"line":57,"column":1}},"line":47},"6":{"name":"interpretCommand","decl":{"start":{"line":60,"column":16},"end":{"line":60,"column":32}},"loc":{"start":{"line":60,"column":42},"end":{"line":71,"column":1}},"line":60},"7":{"name":"confirmCommandFeedback","decl":{"start":{"line":74,"column":16},"end":{"line":74,"column":38}},"loc":{"start":{"line":74,"column":48},"end":{"line":77,"column":1}},"line":74},"8":{"name":"confirmAudioCommand","decl":{"start":{"line":80,"column":16},"end":{"line":80,"column":35}},"loc":{"start":{"line":80,"column":45},"end":{"line":83,"column":1}},"line":80},"9":{"name":"detectPOI","decl":{"start":{"line":86,"column":16},"end":{"line":86,"column":25}},"loc":{"start":{"line":86,"column":33},"end":{"line":89,"column":1}},"line":86},"10":{"name":"validatePOIResults","decl":{"start":{"line":92,"column":16},"end":{"line":92,"column":34}},"loc":{"start":{"line":92,"column":44},"end":{"line":99,"column":1}},"line":92},"11":{"name":"displayPOIInAR","decl":{"start":{"line":102,"column":16},"end":{"line":102,"column":30}},"loc":{"start":{"line":102,"column":36},"end":{"line":105,"column":1}},"line":102},"12":{"name":"integrateMultimodalRoute","decl":{"start":{"line":108,"column":16},"end":{"line":108,"column":40}},"loc":{"start":{"line":108,"column":49},"end":{"line":111,"column":1}},"line":108},"13":{"name":"retryVoiceRecognition","decl":{"start":{"line":114,"column":16},"end":{"line":114,"column":37}},"loc":{"start":{"line":114,"column":40},"end":{"line":117,"column":1}},"line":114},"14":{"name":"cancelVoiceRecognition","decl":{"start":{"line":120,"column":16},"end":{"line":120,"column":38}},"loc":{"start":{"line":120,"column":41},"end":{"line":123,"column":1}},"line":120},"15":{"name":"giveVoiceFeedback","decl":{"start":{"line":126,"column":16},"end":{"line":126,"column":33}},"loc":{"start":{"line":126,"column":40},"end":{"line":131,"column":1}},"line":126},"16":{"name":"speakInstruction","decl":{"start":{"line":134,"column":16},"end":{"line":134,"column":32}},"loc":{"start":{"line":134,"column":46},"end":{"line":137,"column":1}},"line":134}},"branchMap":{"0":{"loc":{"start":{"line":6,"column":2},"end":{"line":12,"column":3}},"type":"if","locations":[{"start":{"line":6,"column":2},"end":{"line":12,"column":3}},{"start":{},"end":{}}],"line":6},"1":{"loc":{"start":{"line":49,"column":2},"end":{"line":52,"column":3}},"type":"if","locations":[{"start":{"line":49,"column":2},"end":{"line":52,"column":3}},{"start":{},"end":{}}],"line":49},"2":{"loc":{"start":{"line":53,"column":33},"end":{"line":53,"column":60}},"type":"cond-expr","locations":[{"start":{"line":53,"column":44},"end":{"line":53,"column":51}},{"start":{"line":53,"column":54},"end":{"line":53,"column":60}}],"line":53},"3":{"loc":{"start":{"line":55,"column":39},"end":{"line":55,"column":69}},"type":"cond-expr","locations":[{"start":{"line":55,"column":50},"end":{"line":55,"column":57}},{"start":{"line":55,"column":60},"end":{"line":55,"column":69}}],"line":55},"4":{"loc":{"start":{"line":61,"column":2},"end":{"line":70,"column":3}},"type":"if","locations":[{"start":{"line":61,"column":2},"end":{"line":70,"column":3}},{"start":{"line":64,"column":9},"end":{"line":70,"column":3}}],"line":61},"5":{"loc":{"start":{"line":64,"column":9},"end":{"line":70,"column":3}},"type":"if","locations":[{"start":{"line":64,"column":9},"end":{"line":70,"column":3}},{"start":{"line":67,"column":9},"end":{"line":70,"column":3}}],"line":64},"6":{"loc":{"start":{"line":93,"column":2},"end":{"line":96,"column":3}},"type":"if","locations":[{"start":{"line":93,"column":2},"end":{"line":96,"column":3}},{"start":{},"end":{}}],"line":93},"7":{"loc":{"start":{"line":93,"column":6},"end":{"line":93,"column":38}},"type":"binary-expr","locations":[{"start":{"line":93,"column":6},"end":{"line":93,"column":14}},{"start":{"line":93,"column":18},"end":{"line":93,"column":38}}],"line":93}},"s":{"0":0,"1":0,"2":0,"3":0,"4":0,"5":0,"6":0,"7":0,"8":0,"9":0,"10":0,"11":0,"12":0,"13":0,"14":0,"15":0,"16":0,"17":0,"18":0,"19":0,"20":0,"21":0,"22":0,"23":0,"24":0,"25":0,"26":0,"27":0,"28":0,"29":0,"30":0,"31":0,"32":0,"33":0,"34":0,"35":0,"36":0,"37":0,"38":0,"39":0,"40":0,"41":0,"42":0,"43":0,"44":0,"45":0,"46":0,"47":0,"48":0,"49":0,"50":0,"51":0,"52":0,"53":0,"54":0,"55":0},"f":{"0":0,"1":0,"2":0,"3":0,"4":0,"5":0,"6":0,"7":0,"8":0,"9":0,"10":0,"11":0,"12":0,"13":0,"14":0,"15":0,"16":0},"b":{"0":[0,0],"1":[0,0],"2":[0,0],"3":[0,0],"4":[0,0],"5":[0,0],"6":[0,0],"7":[0,0]}}
}
