TN:
SF:js\core\config.js
FN:3,showWelcomeMessage
FN:7,(anonymous_1)
FN:14,setLanguage
FN:34,updateInterfaceLanguage
FN:38,(anonymous_4)
FNF:5
FNH:0
FNDA:0,showWelcomeMessage
FNDA:0,(anonymous_1)
FNDA:0,setLanguage
FNDA:0,updateInterfaceLanguage
FNDA:0,(anonymous_4)
DA:4,0
DA:5,0
DA:6,0
DA:7,0
DA:8,0
DA:10,0
DA:15,0
DA:16,0
DA:17,0
DA:19,0
DA:20,0
DA:23,0
DA:26,0
DA:27,0
DA:29,0
DA:35,0
DA:36,0
DA:38,0
DA:39,0
DA:40,0
DA:42,0
DA:43,0
DA:44,0
DA:45,0
DA:48,0
DA:49,0
DA:50,0
DA:51,0
DA:53,0
DA:57,0
DA:58,0
DA:60,0
LF:32
LH:0
BRDA:5,0,0,0
BRDA:5,0,1,0
BRDA:19,1,0,0
BRDA:19,1,1,0
BRDA:42,2,0,0
BRDA:42,2,1,0
BRDA:42,3,0,0
BRDA:42,3,1,0
BRDA:48,4,0,0
BRDA:48,4,1,0
BRDA:48,5,0,0
BRDA:48,5,1,0
BRDA:50,6,0,0
BRDA:50,6,1,0
BRDA:57,7,0,0
BRDA:57,7,1,0
BRF:16
BRH:0
end_of_record
TN:
SF:js\core\constants.js
FNF:0
FNH:0
DA:3,0
DA:4,0
DA:5,0
DA:8,0
DA:34,0
DA:35,0
LF:6
LH:0
BRF:0
BRH:0
end_of_record
TN:
SF:js\core\state.js
FN:66,initNavigationState
FN:86,saveNavigationState
FN:99,restoreNavigationState
FN:131,restoreState
FN:157,(anonymous_4)
FN:164,(anonymous_5)
FN:173,updateNavigationState
FNF:7
FNH:0
FNDA:0,initNavigationState
FNDA:0,saveNavigationState
FNDA:0,restoreNavigationState
FNDA:0,restoreState
FNDA:0,(anonymous_4)
FNDA:0,(anonymous_5)
FNDA:0,updateNavigationState
DA:2,0
DA:26,0
DA:27,0
DA:28,0
DA:29,0
DA:30,0
DA:31,0
DA:32,0
DA:33,0
DA:34,0
DA:35,0
DA:36,0
DA:37,0
DA:38,0
DA:39,0
DA:40,0
DA:41,0
DA:42,0
DA:43,0
DA:44,0
DA:45,0
DA:46,0
DA:47,0
DA:48,0
DA:49,0
DA:50,0
DA:51,0
DA:52,0
DA:53,0
DA:54,0
DA:55,0
DA:56,0
DA:57,0
DA:58,0
DA:59,0
DA:60,0
DA:61,0
DA:62,0
DA:67,0
DA:69,0
DA:70,0
DA:71,0
DA:72,0
DA:73,0
DA:74,0
DA:76,0
DA:77,0
DA:78,0
DA:80,0
DA:87,0
DA:88,0
DA:89,0
DA:91,0
DA:92,0
DA:93,0
DA:100,0
DA:101,0
DA:102,0
DA:103,0
DA:104,0
DA:106,0
DA:132,0
DA:133,0
DA:134,0
DA:137,0
DA:140,0
DA:141,0
DA:142,0
DA:146,0
DA:147,0
DA:151,0
DA:152,0
DA:155,0
DA:158,0
DA:159,0
DA:162,0
DA:165,0
DA:166,0
DA:174,0
DA:175,0
DA:176,0
DA:178,0
DA:179,0
LF:83
LH:0
BRDA:76,0,0,0
BRDA:76,0,1,0
BRDA:87,1,0,0
BRDA:87,1,1,0
BRDA:101,2,0,0
BRDA:101,2,1,0
BRDA:132,3,0,0
BRDA:132,3,1,0
BRDA:140,4,0,0
BRDA:140,4,1,0
BRDA:146,5,0,0
BRDA:146,5,1,0
BRDA:151,6,0,0
BRDA:151,6,1,0
BRDA:174,7,0,0
BRDA:174,7,1,0
BRDA:174,8,0,0
BRDA:174,8,1,0
BRF:18
BRH:0
end_of_record
TN:
SF:js\data\cache.js
FN:6,cacheRouteData
FN:31,loadRouteFromCache
FN:77,getLocalStorageItem
FN:90,setLocalStorageItem
FN:97,removeLocalStorageItem
FN:108,saveDestinationToCache
FN:109,(anonymous_6)
FN:124,saveRouteToHistory
FN:135,saveSearchQueryToHistory
FN:146,loadOfflineInstructions
FN:160,loadSearchHistory
FN:167,(anonymous_11)
FNF:12
FNH:0
FNDA:0,cacheRouteData
FNDA:0,loadRouteFromCache
FNDA:0,getLocalStorageItem
FNDA:0,setLocalStorageItem
FNDA:0,removeLocalStorageItem
FNDA:0,saveDestinationToCache
FNDA:0,(anonymous_6)
FNDA:0,saveRouteToHistory
FNDA:0,saveSearchQueryToHistory
FNDA:0,loadOfflineInstructions
FNDA:0,loadSearchHistory
FNDA:0,(anonymous_11)
DA:7,0
DA:8,0
DA:9,0
DA:11,0
DA:12,0
DA:17,0
DA:18,0
DA:19,0
DA:21,0
DA:22,0
DA:32,0
DA:33,0
DA:34,0
DA:36,0
DA:37,0
DA:38,0
DA:39,0
DA:40,0
DA:42,0
DA:43,0
DA:44,0
DA:45,0
DA:47,0
DA:48,0
DA:52,0
DA:78,0
DA:79,0
DA:80,0
DA:82,0
DA:83,0
DA:91,0
DA:98,0
DA:99,0
DA:101,0
DA:109,0
DA:110,0
DA:111,0
DA:112,0
DA:113,0
DA:115,0
DA:116,0
DA:125,0
DA:126,0
DA:127,0
DA:128,0
DA:129,0
DA:136,0
DA:137,0
DA:138,0
DA:139,0
DA:140,0
DA:147,0
DA:148,0
DA:149,0
DA:151,0
DA:152,0
DA:161,0
DA:162,0
DA:164,0
DA:165,0
DA:166,0
DA:167,0
DA:168,0
DA:169,0
DA:170,0
DA:171,0
LF:66
LH:0
BRDA:7,0,0,0
BRDA:7,0,1,0
BRDA:32,1,0,0
BRDA:32,1,1,0
BRDA:38,2,0,0
BRDA:38,2,1,0
BRDA:125,3,0,0
BRDA:125,3,1,0
BRDA:136,4,0,0
BRDA:136,4,1,0
BRDA:148,5,0,0
BRDA:148,5,1,0
BRDA:165,6,0,0
BRDA:165,6,1,0
BRF:14
BRH:0
end_of_record
TN:
SF:js\i18n\language.js
FN:4,loadResources
FN:8,(anonymous_1)
FN:18,setLanguage
FN:49,updateInterfaceLanguage
FN:53,(anonymous_4)
FN:82,translateInstruction
FN:102,translatePageContent
FN:105,(anonymous_7)
FN:132,validateTranslations
FN:135,(anonymous_9)
FN:157,applyLanguage
FN:166,getGeneralText
FNF:12
FNH:0
FNDA:0,loadResources
FNDA:0,(anonymous_1)
FNDA:0,setLanguage
FNDA:0,updateInterfaceLanguage
FNDA:0,(anonymous_4)
FNDA:0,translateInstruction
FNDA:0,translatePageContent
FNDA:0,(anonymous_7)
FNDA:0,validateTranslations
FNDA:0,(anonymous_9)
FNDA:0,applyLanguage
FNDA:0,getGeneralText
DA:5,0
DA:6,0
DA:7,0
DA:8,0
DA:9,0
DA:10,0
DA:11,0
DA:13,0
DA:14,0
DA:19,0
DA:20,0
DA:21,0
DA:23,0
DA:24,0
DA:30,0
DA:33,0
DA:34,0
DA:36,0
DA:37,0
DA:38,0
DA:41,0
DA:43,0
DA:44,0
DA:50,0
DA:51,0
DA:53,0
DA:54,0
DA:55,0
DA:57,0
DA:58,0
DA:59,0
DA:60,0
DA:63,0
DA:64,0
DA:65,0
DA:66,0
DA:68,0
DA:72,0
DA:73,0
DA:75,0
DA:83,0
DA:95,0
DA:96,0
DA:103,0
DA:104,0
DA:105,0
DA:106,0
DA:107,0
DA:108,0
DA:109,0
DA:110,0
DA:114,0
DA:115,0
DA:116,0
DA:117,0
DA:119,0
DA:122,0
DA:123,0
DA:125,0
DA:133,0
DA:134,0
DA:135,0
DA:136,0
DA:137,0
DA:138,0
DA:139,0
DA:142,0
DA:143,0
DA:148,0
DA:158,0
DA:159,0
DA:160,0
DA:167,0
DA:168,0
DA:169,0
DA:171,0
DA:174,0
LF:77
LH:0
BRDA:6,0,0,0
BRDA:6,0,1,0
BRDA:9,1,0,0
BRDA:9,1,1,0
BRDA:11,2,0,0
BRDA:11,2,1,0
BRDA:13,3,0,0
BRDA:13,3,1,0
BRDA:23,4,0,0
BRDA:23,4,1,0
BRDA:37,5,0,0
BRDA:37,5,1,0
BRDA:57,6,0,0
BRDA:57,6,1,0
BRDA:57,7,0,0
BRDA:57,7,1,0
BRDA:63,8,0,0
BRDA:63,8,1,0
BRDA:63,9,0,0
BRDA:63,9,1,0
BRDA:65,10,0,0
BRDA:65,10,1,0
BRDA:72,11,0,0
BRDA:72,11,1,0
BRDA:82,12,0,0
BRDA:95,13,0,0
BRDA:95,13,1,0
BRDA:96,14,0,0
BRDA:96,14,1,0
BRDA:108,15,0,0
BRDA:108,15,1,0
BRDA:114,16,0,0
BRDA:114,16,1,0
BRDA:114,17,0,0
BRDA:114,17,1,0
BRDA:116,18,0,0
BRDA:116,18,1,0
BRDA:122,19,0,0
BRDA:122,19,1,0
BRDA:138,20,0,0
BRDA:138,20,1,0
BRDA:142,21,0,0
BRDA:142,21,1,0
BRDA:166,22,0,0
BRDA:167,23,0,0
BRDA:167,23,1,0
BRDA:167,24,0,0
BRDA:167,24,1,0
BRF:48
BRH:0
end_of_record
TN:
SF:js\map\map-core.js
FN:8,initializeMap
FN:53,getTileLayer
FN:62,resetMapView
FN:80,adjustMapWithLocationUser
FN:98,adjustMapWithLocation
FN:122,clearMarkers
FN:124,(anonymous_6)
FN:136,clearMapLayers
FN:138,(anonymous_8)
FN:151,restoreFeatureUI
FN:159,visualizeRouteOnPreview
FN:167,zoomToSelectedArea
FN:180,centerMapOnUser
FN:191,addArrowToMap
FNF:14
FNH:0
FNDA:0,initializeMap
FNDA:0,getTileLayer
FNDA:0,resetMapView
FNDA:0,adjustMapWithLocationUser
FNDA:0,adjustMapWithLocation
FNDA:0,clearMarkers
FNDA:0,(anonymous_6)
FNDA:0,clearMapLayers
FNDA:0,(anonymous_8)
FNDA:0,restoreFeatureUI
FNDA:0,visualizeRouteOnPreview
FNDA:0,zoomToSelectedArea
FNDA:0,centerMapOnUser
FNDA:0,addArrowToMap
DA:9,0
DA:10,0
DA:11,0
DA:13,0
DA:16,0
DA:31,0
DA:39,0
DA:41,0
DA:42,0
DA:44,0
DA:54,0
DA:63,0
DA:69,0
DA:70,0
DA:71,0
DA:81,0
DA:82,0
DA:86,0
DA:106,0
DA:107,0
DA:108,0
DA:111,0
DA:113,0
DA:114,0
DA:123,0
DA:124,0
DA:125,0
DA:126,0
DA:129,0
DA:137,0
DA:138,0
DA:139,0
DA:140,0
DA:143,0
DA:152,0
DA:160,0
DA:168,0
DA:169,0
DA:170,0
DA:181,0
DA:182,0
DA:183,0
DA:192,0
LF:43
LH:0
BRDA:9,0,0,0
BRDA:9,0,1,0
BRDA:41,1,0,0
BRDA:41,1,1,0
BRDA:69,2,0,0
BRDA:69,2,1,0
BRDA:103,3,0,0
BRDA:104,4,0,0
BRDA:106,5,0,0
BRDA:106,5,1,0
BRDA:123,6,0,0
BRDA:123,6,1,0
BRDA:125,7,0,0
BRDA:125,7,1,0
BRDA:125,8,0,0
BRDA:125,8,1,0
BRDA:125,8,2,0
BRDA:137,9,0,0
BRDA:137,9,1,0
BRDA:139,10,0,0
BRDA:139,10,1,0
BRDA:168,11,0,0
BRDA:168,11,1,0
BRDA:180,12,0,0
BRDA:181,13,0,0
BRDA:181,13,1,0
BRF:26
BRH:0
end_of_record
TN:
SF:js\map\map-markers.js
FN:8,displayCustomAbout
FN:75,(anonymous_1)
FN:85,(anonymous_2)
FN:107,displayCustomBeaches
FN:108,(anonymous_4)
FN:118,displayCustomEducation
FN:157,(anonymous_6)
FN:167,(anonymous_7)
FN:189,displayCustomEmergencies
FN:218,(anonymous_9)
FN:228,(anonymous_10)
FN:250,displayCustomInns
FN:251,(anonymous_12)
FN:261,displayCustomItems
FN:264,(anonymous_14)
FN:274,(anonymous_15)
FN:296,displayCustomNightlife
FN:297,(anonymous_17)
FN:307,displayCustomRestaurants
FN:308,(anonymous_19)
FN:318,displayCustomShops
FN:319,(anonymous_21)
FN:329,displayCustomTips
FN:370,(anonymous_23)
FN:380,(anonymous_24)
FN:403,displayCustomTouristSpots
FN:404,(anonymous_26)
FN:416,displayCustomTours
FNF:28
FNH:0
FNDA:0,displayCustomAbout
FNDA:0,(anonymous_1)
FNDA:0,(anonymous_2)
FNDA:0,displayCustomBeaches
FNDA:0,(anonymous_4)
FNDA:0,displayCustomEducation
FNDA:0,(anonymous_6)
FNDA:0,(anonymous_7)
FNDA:0,displayCustomEmergencies
FNDA:0,(anonymous_9)
FNDA:0,(anonymous_10)
FNDA:0,displayCustomInns
FNDA:0,(anonymous_12)
FNDA:0,displayCustomItems
FNDA:0,(anonymous_14)
FNDA:0,(anonymous_15)
FNDA:0,displayCustomNightlife
FNDA:0,(anonymous_17)
FNDA:0,displayCustomRestaurants
FNDA:0,(anonymous_19)
FNDA:0,displayCustomShops
FNDA:0,(anonymous_21)
FNDA:0,displayCustomTips
FNDA:0,(anonymous_23)
FNDA:0,(anonymous_24)
FNDA:0,displayCustomTouristSpots
FNDA:0,(anonymous_26)
FNDA:0,displayCustomTours
DA:9,0
DA:73,0
DA:74,0
DA:75,0
DA:76,0
DA:77,0
DA:78,0
DA:79,0
DA:80,0
DA:81,0
DA:82,0
DA:83,0
DA:84,0
DA:85,0
DA:86,0
DA:95,0
DA:96,0
DA:99,0
DA:101,0
DA:108,0
DA:109,0
DA:110,0
DA:119,0
DA:151,0
DA:152,0
DA:153,0
DA:154,0
DA:156,0
DA:157,0
DA:158,0
DA:159,0
DA:160,0
DA:161,0
DA:162,0
DA:163,0
DA:164,0
DA:165,0
DA:166,0
DA:167,0
DA:168,0
DA:177,0
DA:178,0
DA:181,0
DA:183,0
DA:190,0
DA:216,0
DA:217,0
DA:218,0
DA:219,0
DA:220,0
DA:221,0
DA:222,0
DA:223,0
DA:224,0
DA:225,0
DA:226,0
DA:227,0
DA:228,0
DA:229,0
DA:238,0
DA:239,0
DA:242,0
DA:244,0
DA:251,0
DA:252,0
DA:253,0
DA:262,0
DA:263,0
DA:264,0
DA:265,0
DA:266,0
DA:267,0
DA:268,0
DA:269,0
DA:270,0
DA:271,0
DA:272,0
DA:273,0
DA:274,0
DA:275,0
DA:284,0
DA:285,0
DA:288,0
DA:290,0
DA:297,0
DA:298,0
DA:299,0
DA:308,0
DA:309,0
DA:310,0
DA:319,0
DA:320,0
DA:321,0
DA:330,0
DA:368,0
DA:369,0
DA:370,0
DA:371,0
DA:372,0
DA:373,0
DA:374,0
DA:375,0
DA:376,0
DA:377,0
DA:378,0
DA:379,0
DA:380,0
DA:381,0
DA:390,0
DA:391,0
DA:394,0
DA:396,0
DA:404,0
DA:405,0
DA:406,0
DA:408,0
DA:417,0
DA:446,0
LF:118
LH:0
BRDA:109,0,0,0
BRDA:109,0,1,0
BRDA:152,1,0,0
BRDA:152,1,1,0
BRDA:252,2,0,0
BRDA:252,2,1,0
BRDA:298,3,0,0
BRDA:298,3,1,0
BRDA:309,4,0,0
BRDA:309,4,1,0
BRDA:320,5,0,0
BRDA:320,5,1,0
BRDA:405,6,0,0
BRDA:405,6,1,0
BRF:14
BRH:0
end_of_record
TN:
SF:js\navigation\route.js
FN:8,startRouteCreation
FN:35,createRoute
FN:67,validateSelectedDestination
FN:95,plotRouteOnMap
FN:114,(anonymous_4)
FN:144,calculateDistance
FN:165,distanceToPolyline
FN:190,pointToSegmentDistance
FN:192,(anonymous_8)
FN:240,clearCurrentRoute
FN:260,getClosestPointOnRoute
FN:307,computeBearing
FN:323,showRouteLoadingIndicator
FN:334,(anonymous_13)
FN:357,hideRouteLoadingIndicator
FN:384,fetchMultipleRouteOptions
FN:408,applyRouteStyling
FN:415,(anonymous_17)
FN:419,(anonymous_18)
FNF:19
FNH:0
FNDA:0,startRouteCreation
FNDA:0,createRoute
FNDA:0,validateSelectedDestination
FNDA:0,plotRouteOnMap
FNDA:0,(anonymous_4)
FNDA:0,calculateDistance
FNDA:0,distanceToPolyline
FNDA:0,pointToSegmentDistance
FNDA:0,(anonymous_8)
FNDA:0,clearCurrentRoute
FNDA:0,getClosestPointOnRoute
FNDA:0,computeBearing
FNDA:0,showRouteLoadingIndicator
FNDA:0,(anonymous_13)
FNDA:0,hideRouteLoadingIndicator
FNDA:0,fetchMultipleRouteOptions
FNDA:0,applyRouteStyling
FNDA:0,(anonymous_17)
FNDA:0,(anonymous_18)
DA:9,0
DA:10,0
DA:12,0
DA:13,0
DA:15,0
DA:16,0
DA:17,0
DA:18,0
DA:21,0
DA:22,0
DA:23,0
DA:24,0
DA:25,0
DA:27,0
DA:28,0
DA:36,0
DA:37,0
DA:38,0
DA:45,0
DA:46,0
DA:47,0
DA:50,0
DA:55,0
DA:57,0
DA:58,0
DA:62,0
DA:68,0
DA:73,0
DA:74,0
DA:75,0
DA:77,0
DA:103,0
DA:105,0
DA:106,0
DA:107,0
DA:108,0
DA:109,0
DA:111,0
DA:113,0
DA:114,0
DA:116,0
DA:117,0
DA:120,0
DA:126,0
DA:127,0
DA:128,0
DA:130,0
DA:131,0
DA:145,0
DA:146,0
DA:147,0
DA:148,0
DA:150,0
DA:152,0
DA:153,0
DA:166,0
DA:168,0
DA:169,0
DA:170,0
DA:171,0
DA:172,0
DA:173,0
DA:174,0
DA:177,0
DA:192,0
DA:195,0
DA:196,0
DA:197,0
DA:198,0
DA:199,0
DA:200,0
DA:203,0
DA:204,0
DA:205,0
DA:206,0
DA:207,0
DA:208,0
DA:210,0
DA:211,0
DA:212,0
DA:213,0
DA:215,0
DA:216,0
DA:217,0
DA:218,0
DA:219,0
DA:222,0
DA:223,0
DA:225,0
DA:226,0
DA:227,0
DA:230,0
DA:231,0
DA:241,0
DA:242,0
DA:243,0
DA:244,0
DA:246,0
DA:261,0
DA:262,0
DA:263,0
DA:264,0
DA:266,0
DA:267,0
DA:268,0
DA:269,0
DA:270,0
DA:271,0
DA:273,0
DA:276,0
DA:278,0
DA:279,0
DA:280,0
DA:282,0
DA:283,0
DA:284,0
DA:285,0
DA:286,0
DA:287,0
DA:291,0
DA:308,0
DA:309,0
DA:310,0
DA:311,0
DA:313,0
DA:315,0
DA:316,0
DA:324,0
DA:325,0
DA:326,0
DA:327,0
DA:330,0
DA:331,0
DA:334,0
DA:335,0
DA:338,0
DA:344,0
DA:349,0
DA:359,0
DA:360,0
DA:361,0
DA:364,0
DA:365,0
DA:367,0
DA:385,0
DA:386,0
DA:388,0
DA:389,0
DA:399,0
DA:401,0
DA:409,0
DA:415,0
DA:416,0
DA:419,0
DA:420,0
LF:155
LH:0
BRDA:15,0,0,0
BRDA:15,0,1,0
BRDA:45,1,0,0
BRDA:45,1,1,0
BRDA:68,2,0,0
BRDA:68,2,1,0
BRDA:69,3,0,0
BRDA:69,3,1,0
BRDA:69,3,2,0
BRDA:100,4,0,0
BRDA:107,5,0,0
BRDA:107,5,1,0
BRDA:116,6,0,0
BRDA:116,6,1,0
BRDA:166,7,0,0
BRDA:166,7,1,0
BRDA:166,8,0,0
BRDA:166,8,1,0
BRDA:173,9,0,0
BRDA:173,9,1,0
BRDA:217,10,0,0
BRDA:217,10,1,0
BRDA:241,11,0,0
BRDA:241,11,1,0
BRDA:273,12,0,0
BRDA:273,12,1,0
BRDA:283,13,0,0
BRDA:283,13,1,0
BRDA:323,14,0,0
BRDA:325,15,0,0
BRDA:325,15,1,0
BRDA:339,16,0,0
BRDA:339,16,1,0
BRDA:359,17,0,0
BRDA:359,17,1,0
BRDA:365,18,0,0
BRDA:365,18,1,0
BRF:37
BRH:0
end_of_record
TN:
SF:js\tutorial\tutorial.js
FN:4,startTutorial
FN:14,endTutorial
FN:25,nextTutorialStep
FN:40,previousTutorialStep
FN:41,(anonymous_4)
FN:52,showTutorialStep
FN:53,(anonymous_6)
FN:80,(anonymous_7)
FN:92,(anonymous_8)
FN:116,(anonymous_9)
FN:125,storeAndProceed
FN:127,(anonymous_11)
FN:138,generateInterestSteps
FN:223,(anonymous_13)
FN:228,(anonymous_14)
FN:248,(anonymous_15)
FN:265,removeExistingHighlights
FN:266,(anonymous_17)
FN:267,(anonymous_18)
FNF:19
FNH:0
FNDA:0,startTutorial
FNDA:0,endTutorial
FNDA:0,nextTutorialStep
FNDA:0,previousTutorialStep
FNDA:0,(anonymous_4)
FNDA:0,showTutorialStep
FNDA:0,(anonymous_6)
FNDA:0,(anonymous_7)
FNDA:0,(anonymous_8)
FNDA:0,(anonymous_9)
FNDA:0,storeAndProceed
FNDA:0,(anonymous_11)
FNDA:0,generateInterestSteps
FNDA:0,(anonymous_13)
FNDA:0,(anonymous_14)
FNDA:0,(anonymous_15)
FNDA:0,removeExistingHighlights
FNDA:0,(anonymous_17)
FNDA:0,(anonymous_18)
DA:5,0
DA:6,0
DA:7,0
DA:8,0
DA:15,0
DA:16,0
DA:17,0
DA:18,0
DA:19,0
DA:26,0
DA:27,0
DA:28,0
DA:30,0
DA:32,0
DA:41,0
DA:42,0
DA:43,0
DA:44,0
DA:46,0
DA:53,0
DA:54,0
DA:55,0
DA:56,0
DA:59,0
DA:62,0
DA:63,0
DA:64,0
DA:65,0
DA:67,0
DA:71,0
DA:81,0
DA:93,0
DA:103,0
DA:104,0
DA:117,0
DA:126,0
DA:127,0
DA:128,0
DA:129,0
DA:130,0
DA:132,0
DA:139,0
DA:223,0
DA:229,0
DA:232,0
DA:233,0
DA:235,0
DA:237,0
DA:249,0
DA:250,0
DA:251,0
DA:253,0
DA:254,0
DA:259,0
DA:266,0
DA:267,0
DA:268,0
LF:57
LH:0
BRDA:26,0,0,0
BRDA:26,0,1,0
BRDA:42,1,0,0
BRDA:42,1,1,0
BRDA:54,2,0,0
BRDA:54,2,1,0
BRDA:67,3,0,0
BRDA:67,3,1,0
BRDA:128,4,0,0
BRDA:128,4,1,0
BRDA:232,5,0,0
BRDA:232,5,1,0
BRDA:250,6,0,0
BRDA:250,6,1,0
BRF:14
BRH:0
end_of_record
TN:
SF:js\ui\buttons.js
FN:5,hideAllButtons
FN:7,(anonymous_1)
FN:16,showControlButtonsTouristSpots
FN:31,showControlButtonsTour
FN:48,showControlButtonsBeaches
FN:65,showControlButtonsNightlife
FN:82,showControlButtonsRestaurants
FN:101,showControlButtonsShops
FN:118,showControlButtonsEmergencies
FN:135,showControlButtonsTips
FN:148,showControlButtonsInns
FN:165,showControlButtonsEducation
FN:176,showMenuButtons
FN:178,(anonymous_13)
FN:189,showButtons
FN:191,(anonymous_15)
FN:193,(anonymous_16)
FNF:17
FNH:0
FNDA:0,hideAllButtons
FNDA:0,(anonymous_1)
FNDA:0,showControlButtonsTouristSpots
FNDA:0,showControlButtonsTour
FNDA:0,showControlButtonsBeaches
FNDA:0,showControlButtonsNightlife
FNDA:0,showControlButtonsRestaurants
FNDA:0,showControlButtonsShops
FNDA:0,showControlButtonsEmergencies
FNDA:0,showControlButtonsTips
FNDA:0,showControlButtonsInns
FNDA:0,showControlButtonsEducation
FNDA:0,showMenuButtons
FNDA:0,(anonymous_13)
FNDA:0,showButtons
FNDA:0,(anonymous_15)
FNDA:0,(anonymous_16)
DA:6,0
DA:7,0
DA:8,0
DA:10,0
DA:17,0
DA:18,0
DA:19,0
DA:20,0
DA:21,0
DA:22,0
DA:23,0
DA:24,0
DA:25,0
DA:32,0
DA:33,0
DA:34,0
DA:35,0
DA:36,0
DA:37,0
DA:38,0
DA:39,0
DA:40,0
DA:41,0
DA:42,0
DA:49,0
DA:50,0
DA:51,0
DA:52,0
DA:53,0
DA:54,0
DA:55,0
DA:56,0
DA:57,0
DA:58,0
DA:59,0
DA:66,0
DA:67,0
DA:68,0
DA:69,0
DA:70,0
DA:71,0
DA:72,0
DA:73,0
DA:74,0
DA:75,0
DA:76,0
DA:83,0
DA:84,0
DA:85,0
DA:86,0
DA:87,0
DA:88,0
DA:91,0
DA:92,0
DA:93,0
DA:94,0
DA:95,0
DA:102,0
DA:103,0
DA:104,0
DA:105,0
DA:106,0
DA:107,0
DA:108,0
DA:109,0
DA:110,0
DA:111,0
DA:112,0
DA:119,0
DA:120,0
DA:121,0
DA:122,0
DA:123,0
DA:124,0
DA:125,0
DA:126,0
DA:127,0
DA:128,0
DA:129,0
DA:136,0
DA:137,0
DA:138,0
DA:139,0
DA:140,0
DA:141,0
DA:142,0
DA:149,0
DA:150,0
DA:151,0
DA:152,0
DA:153,0
DA:154,0
DA:155,0
DA:156,0
DA:157,0
DA:158,0
DA:159,0
DA:166,0
DA:167,0
DA:168,0
DA:169,0
DA:170,0
DA:177,0
DA:178,0
DA:179,0
DA:180,0
DA:181,0
DA:182,0
DA:183,0
DA:190,0
DA:191,0
DA:193,0
DA:194,0
DA:195,0
DA:196,0
LF:115
LH:0
BRDA:22,0,0,0
BRDA:22,0,1,0
BRDA:23,1,0,0
BRDA:23,1,1,0
BRDA:24,2,0,0
BRDA:24,2,1,0
BRDA:38,3,0,0
BRDA:38,3,1,0
BRDA:39,4,0,0
BRDA:39,4,1,0
BRDA:40,5,0,0
BRDA:40,5,1,0
BRDA:41,6,0,0
BRDA:41,6,1,0
BRDA:55,7,0,0
BRDA:55,7,1,0
BRDA:56,8,0,0
BRDA:56,8,1,0
BRDA:57,9,0,0
BRDA:57,9,1,0
BRDA:58,10,0,0
BRDA:58,10,1,0
BRDA:72,11,0,0
BRDA:72,11,1,0
BRDA:73,12,0,0
BRDA:73,12,1,0
BRDA:74,13,0,0
BRDA:74,13,1,0
BRDA:75,14,0,0
BRDA:75,14,1,0
BRDA:91,15,0,0
BRDA:91,15,1,0
BRDA:92,16,0,0
BRDA:92,16,1,0
BRDA:93,17,0,0
BRDA:93,17,1,0
BRDA:94,18,0,0
BRDA:94,18,1,0
BRDA:108,19,0,0
BRDA:108,19,1,0
BRDA:109,20,0,0
BRDA:109,20,1,0
BRDA:110,21,0,0
BRDA:110,21,1,0
BRDA:111,22,0,0
BRDA:111,22,1,0
BRDA:125,23,0,0
BRDA:125,23,1,0
BRDA:126,24,0,0
BRDA:126,24,1,0
BRDA:127,25,0,0
BRDA:127,25,1,0
BRDA:128,26,0,0
BRDA:128,26,1,0
BRDA:140,27,0,0
BRDA:140,27,1,0
BRDA:141,28,0,0
BRDA:141,28,1,0
BRDA:155,29,0,0
BRDA:155,29,1,0
BRDA:156,30,0,0
BRDA:156,30,1,0
BRDA:157,31,0,0
BRDA:157,31,1,0
BRDA:158,32,0,0
BRDA:158,32,1,0
BRDA:169,33,0,0
BRDA:169,33,1,0
BRDA:180,34,0,0
BRDA:180,34,1,0
BRDA:182,35,0,0
BRDA:182,35,1,0
BRDA:195,36,0,0
BRDA:195,36,1,0
BRF:74
BRH:0
end_of_record
TN:
SF:js\ui\modals.js
FN:2,toggleModals
FN:14,showModal
FN:25,closeCarouselModal
FN:36,closeAssistantModal
FN:47,animateInstructionChange
FN:54,(anonymous_5)
FN:58,(anonymous_6)
FN:66,updateAssistantModalContent
FNF:8
FNH:0
FNDA:0,toggleModals
FNDA:0,showModal
FNDA:0,closeCarouselModal
FNDA:0,closeAssistantModal
FNDA:0,animateInstructionChange
FNDA:0,(anonymous_5)
FNDA:0,(anonymous_6)
FNDA:0,updateAssistantModalContent
DA:3,0
DA:4,0
DA:5,0
DA:6,0
DA:8,0
DA:9,0
DA:10,0
DA:15,0
DA:16,0
DA:17,0
DA:18,0
DA:20,0
DA:21,0
DA:26,0
DA:27,0
DA:28,0
DA:29,0
DA:31,0
DA:32,0
DA:37,0
DA:38,0
DA:39,0
DA:40,0
DA:42,0
DA:43,0
DA:48,0
DA:49,0
DA:50,0
DA:51,0
DA:53,0
DA:54,0
DA:55,0
DA:56,0
DA:57,0
DA:58,0
DA:59,0
DA:62,0
DA:67,0
DA:68,0
DA:69,0
DA:70,0
DA:72,0
DA:73,0
LF:43
LH:0
BRDA:4,0,0,0
BRDA:4,0,1,0
BRDA:9,1,0,0
BRDA:9,1,1,0
BRDA:10,2,0,0
BRDA:10,2,1,0
BRDA:16,3,0,0
BRDA:16,3,1,0
BRDA:27,4,0,0
BRDA:27,4,1,0
BRDA:38,5,0,0
BRDA:38,5,1,0
BRDA:49,6,0,0
BRDA:49,6,1,0
BRDA:68,7,0,0
BRDA:68,7,1,0
BRF:16
BRH:0
end_of_record
TN:
SF:js\ui\notifications.js
FN:2,showNotification
FN:20,(anonymous_1)
FNF:2
FNH:0
FNDA:0,showNotification
FNDA:0,(anonymous_1)
DA:3,0
DA:6,0
DA:7,0
DA:8,0
DA:12,0
DA:13,0
DA:14,0
DA:17,0
DA:20,0
DA:21,0
DA:24,0
LF:11
LH:0
BRDA:2,0,0,0
BRDA:2,1,0,0
BRDA:6,2,0,0
BRDA:6,2,1,0
BRF:4
BRH:0
end_of_record
TN:
SF:js\ui\submenus.js
FN:14,handleSubmenuButtonClick
FN:34,handleSubmenuButtonsTouristSpots
FN:47,handleSubmenuButtonsTours
FN:54,handleSubmenuButtonsBeaches
FN:67,handleSubmenuButtonsRestaurants
FN:80,handleSubmenuButtonsShops
FN:93,handleSubmenuButtonsEmergencies
FN:106,handleSubmenuButtonsEducation
FN:119,handleSubmenuButtonsInns
FN:126,handleSubmenuButtonsTips
FN:131,loadSubMenu
FN:191,handleSubmenuButtons
FN:209,(anonymous_12)
FN:214,(anonymous_13)
FN:262,setupSubmenuClickListeners
FN:263,(anonymous_15)
FN:264,(anonymous_16)
FN:278,handleFeatureSelection
FN:308,(anonymous_18)
FN:321,(anonymous_19)
FN:340,(anonymous_20)
FNF:21
FNH:0
FNDA:0,handleSubmenuButtonClick
FNDA:0,handleSubmenuButtonsTouristSpots
FNDA:0,handleSubmenuButtonsTours
FNDA:0,handleSubmenuButtonsBeaches
FNDA:0,handleSubmenuButtonsRestaurants
FNDA:0,handleSubmenuButtonsShops
FNDA:0,handleSubmenuButtonsEmergencies
FNDA:0,handleSubmenuButtonsEducation
FNDA:0,handleSubmenuButtonsInns
FNDA:0,handleSubmenuButtonsTips
FNDA:0,loadSubMenu
FNDA:0,handleSubmenuButtons
FNDA:0,(anonymous_12)
FNDA:0,(anonymous_13)
FNDA:0,setupSubmenuClickListeners
FNDA:0,(anonymous_15)
FNDA:0,(anonymous_16)
FNDA:0,handleFeatureSelection
FNDA:0,(anonymous_18)
FNDA:0,(anonymous_19)
FNDA:0,(anonymous_20)
DA:22,0
DA:25,0
DA:28,0
DA:35,0
DA:48,0
DA:55,0
DA:68,0
DA:81,0
DA:94,0
DA:107,0
DA:120,0
DA:127,0
DA:133,0
DA:134,0
DA:135,0
DA:136,0
DA:139,0
DA:142,0
DA:145,0
DA:147,0
DA:148,0
DA:150,0
DA:151,0
DA:153,0
DA:154,0
DA:156,0
DA:157,0
DA:159,0
DA:160,0
DA:162,0
DA:163,0
DA:165,0
DA:166,0
DA:168,0
DA:169,0
DA:171,0
DA:172,0
DA:174,0
DA:175,0
DA:177,0
DA:178,0
DA:181,0
DA:182,0
DA:200,0
DA:203,0
DA:204,0
DA:207,0
DA:208,0
DA:211,0
DA:212,0
DA:215,0
DA:219,0
DA:221,0
DA:222,0
DA:224,0
DA:225,0
DA:227,0
DA:228,0
DA:230,0
DA:231,0
DA:233,0
DA:234,0
DA:236,0
DA:237,0
DA:239,0
DA:240,0
DA:242,0
DA:243,0
DA:245,0
DA:246,0
DA:248,0
DA:249,0
DA:252,0
DA:253,0
DA:263,0
DA:264,0
DA:265,0
DA:266,0
DA:267,0
DA:268,0
DA:269,0
DA:280,0
DA:282,0
DA:297,0
DA:299,0
DA:301,0
DA:302,0
DA:305,0
DA:308,0
DA:309,0
DA:313,0
DA:316,0
DA:318,0
DA:319,0
DA:321,0
DA:322,0
DA:325,0
DA:328,0
DA:333,0
DA:337,0
DA:338,0
DA:340,0
DA:341,0
DA:344,0
DA:345,0
DA:346,0
DA:350,0
LF:107
LH:0
BRDA:134,0,0,0
BRDA:134,0,1,0
BRDA:145,1,0,0
BRDA:145,1,1,0
BRDA:145,1,2,0
BRDA:145,1,3,0
BRDA:145,1,4,0
BRDA:145,1,5,0
BRDA:145,1,6,0
BRDA:145,1,7,0
BRDA:145,1,8,0
BRDA:145,1,9,0
BRDA:145,1,10,0
BRDA:145,1,11,0
BRDA:219,2,0,0
BRDA:219,2,1,0
BRDA:219,2,2,0
BRDA:219,2,3,0
BRDA:219,2,4,0
BRDA:219,2,5,0
BRDA:219,2,6,0
BRDA:219,2,7,0
BRDA:219,2,8,0
BRDA:219,2,9,0
BRDA:219,2,10,0
BRDA:299,3,0,0
BRDA:299,3,1,0
BRDA:316,4,0,0
BRDA:316,4,1,0
BRDA:328,5,0,0
BRDA:328,5,1,0
BRDA:329,6,0,0
BRDA:329,6,1,0
BRDA:344,7,0,0
BRDA:344,7,1,0
BRF:35
BRH:0
end_of_record
TN:
SF:js\ui\theme.js
FN:5,autoAdjustTheme
FNF:1
FNH:0
FNDA:0,autoAdjustTheme
DA:6,0
DA:7,0
DA:8,0
DA:10,0
DA:11,0
DA:12,0
DA:16,0
DA:17,0
DA:18,0
LF:9
LH:0
BRDA:8,0,0,0
BRDA:8,0,1,0
BRDA:8,1,0,0
BRDA:8,1,1,0
BRDA:10,2,0,0
BRDA:10,2,1,0
BRDA:16,3,0,0
BRDA:16,3,1,0
BRF:8
BRH:0
end_of_record
TN:
SF:js\ui\voice-control.js
FN:5,startVoiceRecognition
FN:19,(anonymous_1)
FN:24,(anonymous_2)
FN:30,(anonymous_3)
FN:38,(anonymous_4)
FN:47,visualizeVoiceCapture
FN:60,interpretCommand
FN:74,confirmCommandFeedback
FN:80,confirmAudioCommand
FN:86,detectPOI
FN:92,validatePOIResults
FN:102,displayPOIInAR
FN:108,integrateMultimodalRoute
FN:114,retryVoiceRecognition
FN:120,cancelVoiceRecognition
FN:126,giveVoiceFeedback
FN:134,speakInstruction
FNF:17
FNH:0
FNDA:0,startVoiceRecognition
FNDA:0,(anonymous_1)
FNDA:0,(anonymous_2)
FNDA:0,(anonymous_3)
FNDA:0,(anonymous_4)
FNDA:0,visualizeVoiceCapture
FNDA:0,interpretCommand
FNDA:0,confirmCommandFeedback
FNDA:0,confirmAudioCommand
FNDA:0,detectPOI
FNDA:0,validatePOIResults
FNDA:0,displayPOIInAR
FNDA:0,integrateMultimodalRoute
FNDA:0,retryVoiceRecognition
FNDA:0,cancelVoiceRecognition
FNDA:0,giveVoiceFeedback
FNDA:0,speakInstruction
DA:6,0
DA:7,0
DA:11,0
DA:14,0
DA:15,0
DA:16,0
DA:17,0
DA:19,0
DA:20,0
DA:21,0
DA:24,0
DA:25,0
DA:26,0
DA:27,0
DA:30,0
DA:31,0
DA:32,0
DA:38,0
DA:39,0
DA:40,0
DA:43,0
DA:48,0
DA:49,0
DA:50,0
DA:51,0
DA:53,0
DA:54,0
DA:61,0
DA:62,0
DA:63,0
DA:64,0
DA:65,0
DA:66,0
DA:68,0
DA:69,0
DA:75,0
DA:76,0
DA:81,0
DA:82,0
DA:87,0
DA:93,0
DA:94,0
DA:95,0
DA:97,0
DA:98,0
DA:103,0
DA:109,0
DA:115,0
DA:116,0
DA:121,0
DA:127,0
DA:128,0
DA:129,0
DA:130,0
DA:135,0
DA:136,0
LF:56
LH:0
BRDA:6,0,0,0
BRDA:6,0,1,0
BRDA:49,1,0,0
BRDA:49,1,1,0
BRDA:53,2,0,0
BRDA:53,2,1,0
BRDA:55,3,0,0
BRDA:55,3,1,0
BRDA:61,4,0,0
BRDA:61,4,1,0
BRDA:64,5,0,0
BRDA:64,5,1,0
BRDA:93,6,0,0
BRDA:93,6,1,0
BRDA:93,7,0,0
BRDA:93,7,1,0
BRF:16
BRH:0
end_of_record
