TN:
SF:js\core\config.js
FNF:0
FNH:0
DA:7,1
DA:55,1
DA:68,1
DA:86,1
DA:119,1
DA:141,1
DA:161,1
DA:162,1
DA:165,1
DA:180,1
LF:10
LH:10
BRF:0
BRH:0
end_of_record
TN:
SF:js\core\eventBus.js
FN:19,(anonymous_0)
FN:26,(anonymous_1)
FN:34,(anonymous_2)
FN:37,(anonymous_3)
FN:54,(anonymous_4)
FN:57,(anonymous_5)
FN:69,(anonymous_6)
FNF:7
FNH:3
FNDA:6,(anonymous_0)
FNDA:0,(anonymous_1)
FNDA:3,(anonymous_2)
FNDA:4,(anonymous_3)
FNDA:0,(anonymous_4)
FNDA:0,(anonymous_5)
FNDA:0,(anonymous_6)
DA:9,2
DA:20,6
DA:21,3
DA:23,6
DA:26,6
DA:35,3
DA:37,2
DA:38,4
DA:39,4
DA:41,0
DA:55,0
DA:57,0
DA:60,0
DA:61,0
DA:70,0
DA:71,0
DA:73,0
DA:79,2
LF:18
LH:10
BRDA:20,0,0,3
BRDA:20,0,1,3
BRDA:35,1,0,1
BRDA:35,1,1,2
BRDA:55,2,0,0
BRDA:55,2,1,0
BRDA:60,3,0,0
BRDA:60,3,1,0
BRDA:70,4,0,0
BRDA:70,4,1,0
BRF:10
BRH:4
end_of_record
TN:
SF:js\core\sharedState.js
FN:3,getState
FN:4,(anonymous_1)
FNF:2
FNH:0
FNDA:0,getState
FNDA:0,(anonymous_1)
DA:1,2
DA:4,0
LF:2
LH:1
BRDA:4,0,0,0
BRDA:4,0,1,0
BRDA:4,1,0,0
BRDA:4,1,1,0
BRF:4
BRH:0
end_of_record
TN:
SF:js\core\state.js
FN:92,setState
FN:96,(anonymous_1)
FN:102,getState
FN:103,(anonymous_3)
FN:106,resetState
FN:111,getNestedProperty
FN:112,(anonymous_6)
FN:116,setNestedProperty
FN:119,(anonymous_8)
FN:127,(anonymous_9)
FN:134,(anonymous_10)
FN:146,(anonymous_11)
FNF:12
FNH:2
FNDA:0,setState
FNDA:0,(anonymous_1)
FNDA:0,getState
FNDA:0,(anonymous_3)
FNDA:4,resetState
FNDA:0,getNestedProperty
FNDA:0,(anonymous_6)
FNDA:0,setNestedProperty
FNDA:0,(anonymous_8)
FNDA:0,(anonymous_9)
FNDA:0,(anonymous_10)
FNDA:4,(anonymous_11)
DA:3,1
DA:6,1
DA:90,1
DA:93,0
DA:94,0
DA:95,0
DA:96,0
DA:99,0
DA:103,0
DA:107,4
DA:112,0
DA:117,0
DA:118,0
DA:119,0
DA:120,0
DA:124,1
DA:127,1
DA:130,0
DA:132,0
DA:134,0
DA:136,0
DA:141,1
DA:146,1
DA:147,4
LF:24
LH:9
BRDA:96,0,0,0
BRDA:96,0,1,0
BRDA:103,1,0,0
BRDA:103,1,1,0
BRDA:103,2,0,0
BRDA:103,2,1,0
BRDA:112,3,0,0
BRDA:112,3,1,0
BRDA:119,4,0,0
BRDA:119,4,1,0
BRDA:132,5,0,0
BRDA:132,5,1,0
BRDA:133,6,0,0
BRDA:133,6,1,0
BRF:14
BRH:0
end_of_record
TN:
SF:js\geolocation\orientation.js
FN:21,startOrientationTracking
FN:32,(anonymous_1)
FN:39,(anonymous_2)
FN:67,stopOrientationTracking
FN:83,processOrientationEvent
FN:146,rotateMap
FN:167,(anonymous_6)
FN:181,(anonymous_7)
FN:197,setFirstPersonView
FN:217,isOrientationTrackingActive
FN:225,getLastHeading
FN:230,(anonymous_11)
FNF:12
FNH:0
FNDA:0,startOrientationTracking
FNDA:0,(anonymous_1)
FNDA:0,(anonymous_2)
FNDA:0,stopOrientationTracking
FNDA:0,processOrientationEvent
FNDA:0,rotateMap
FNDA:0,(anonymous_6)
FNDA:0,(anonymous_7)
FNDA:0,setFirstPersonView
FNDA:0,isOrientationTrackingActive
FNDA:0,getLastHeading
FNDA:0,(anonymous_11)
DA:12,0
DA:13,0
DA:14,0
DA:23,0
DA:26,0
DA:27,0
DA:28,0
DA:32,0
DA:33,0
DA:37,0
DA:38,0
DA:40,0
DA:41,0
DA:42,0
DA:45,0
DA:47,0
DA:48,0
DA:54,0
DA:55,0
DA:58,0
DA:61,0
DA:68,0
DA:71,0
DA:72,0
DA:75,0
DA:85,0
DA:86,0
DA:90,0
DA:93,0
DA:97,0
DA:100,0
DA:102,0
DA:106,0
DA:109,0
DA:110,0
DA:118,0
DA:121,0
DA:122,0
DA:123,0
DA:127,0
DA:130,0
DA:133,0
DA:136,0
DA:137,0
DA:147,0
DA:149,0
DA:151,0
DA:154,0
DA:156,0
DA:158,0
DA:161,0
DA:164,0
DA:167,0
DA:168,0
DA:172,0
DA:175,0
DA:178,0
DA:181,0
DA:182,0
DA:186,0
DA:189,0
DA:199,0
DA:200,0
DA:203,0
DA:204,0
DA:208,0
DA:210,0
DA:218,0
DA:226,0
DA:230,0
DA:232,0
DA:233,0
DA:234,0
DA:235,0
LF:74
LH:0
BRDA:23,0,0,0
BRDA:23,0,1,0
BRDA:26,1,0,0
BRDA:26,1,1,0
BRDA:37,2,0,0
BRDA:37,2,1,0
BRDA:40,3,0,0
BRDA:40,3,1,0
BRDA:68,4,0,0
BRDA:68,4,1,0
BRDA:85,5,0,0
BRDA:85,5,1,0
BRDA:85,6,0,0
BRDA:85,6,1,0
BRDA:85,6,2,0
BRDA:93,7,0,0
BRDA:93,7,1,0
BRDA:94,8,0,0
BRDA:94,8,1,0
BRDA:100,9,0,0
BRDA:100,9,1,0
BRDA:106,10,0,0
BRDA:106,10,1,0
BRDA:109,11,0,0
BRDA:109,11,1,0
BRDA:122,12,0,0
BRDA:122,12,1,0
BRDA:122,13,0,0
BRDA:122,13,1,0
BRDA:136,14,0,0
BRDA:136,14,1,0
BRDA:147,15,0,0
BRDA:147,15,1,0
BRDA:156,16,0,0
BRDA:156,16,1,0
BRDA:203,17,0,0
BRDA:203,17,1,0
BRDA:203,18,0,0
BRDA:203,18,1,0
BRDA:232,19,0,0
BRDA:232,19,1,0
BRDA:234,20,0,0
BRDA:234,20,1,0
BRF:43
BRH:0
end_of_record
TN:
SF:js\geolocation\tracking.js
FN:20,initContinuousLocationTracking
FN:21,(anonymous_1)
FN:39,(anonymous_2)
FN:79,(anonymous_3)
FN:93,startContinuousTracking
FN:100,(anonymous_5)
FN:180,stopLocationTracking
FN:202,getCurrentLocation
FN:203,(anonymous_8)
FN:221,(anonymous_9)
FN:267,(anonymous_10)
FN:281,handleGeolocationError
FN:313,isTrackingActive
FN:322,getLocationAccuracyLevel
FN:338,isLocationRecent
FN:349,getLastKnownLocation
FN:372,requestLocationPermission
FN:373,(anonymous_17)
FN:381,(anonymous_18)
FN:385,(anonymous_19)
FNF:20
FNH:0
FNDA:0,initContinuousLocationTracking
FNDA:0,(anonymous_1)
FNDA:0,(anonymous_2)
FNDA:0,(anonymous_3)
FNDA:0,startContinuousTracking
FNDA:0,(anonymous_5)
FNDA:0,stopLocationTracking
FNDA:0,getCurrentLocation
FNDA:0,(anonymous_8)
FNDA:0,(anonymous_9)
FNDA:0,(anonymous_10)
FNDA:0,handleGeolocationError
FNDA:0,isTrackingActive
FNDA:0,getLocationAccuracyLevel
FNDA:0,isLocationRecent
FNDA:0,getLastKnownLocation
FNDA:0,requestLocationPermission
FNDA:0,(anonymous_17)
FNDA:0,(anonymous_18)
FNDA:0,(anonymous_19)
DA:21,0
DA:23,0
DA:24,0
DA:25,0
DA:26,0
DA:27,0
DA:31,0
DA:37,0
DA:41,0
DA:44,0
DA:49,0
DA:50,0
DA:51,0
DA:54,0
DA:57,0
DA:60,0
DA:69,0
DA:80,0
DA:81,0
DA:95,0
DA:98,0
DA:101,0
DA:102,0
DA:105,0
DA:106,0
DA:109,0
DA:110,0
DA:112,0
DA:113,0
DA:120,0
DA:124,0
DA:125,0
DA:127,0
DA:128,0
DA:132,0
DA:137,0
DA:141,0
DA:142,0
DA:145,0
DA:148,0
DA:166,0
DA:169,0
DA:172,0
DA:174,0
DA:182,0
DA:184,0
DA:186,0
DA:189,0
DA:190,0
DA:193,0
DA:203,0
DA:205,0
DA:206,0
DA:207,0
DA:208,0
DA:209,0
DA:213,0
DA:219,0
DA:223,0
DA:226,0
DA:236,0
DA:237,0
DA:242,0
DA:243,0
DA:244,0
DA:248,0
DA:249,0
DA:253,0
DA:254,0
DA:261,0
DA:264,0
DA:268,0
DA:269,0
DA:282,0
DA:284,0
DA:287,0
DA:289,0
DA:290,0
DA:292,0
DA:293,0
DA:295,0
DA:296,0
DA:300,0
DA:303,0
DA:314,0
DA:323,0
DA:325,0
DA:327,0
DA:328,0
DA:329,0
DA:339,0
DA:341,0
DA:342,0
DA:350,0
DA:351,0
DA:352,0
DA:353,0
DA:355,0
DA:357,0
DA:373,0
DA:374,0
DA:375,0
DA:376,0
DA:377,0
DA:380,0
DA:383,0
DA:387,0
DA:388,0
LF:108
LH:0
BRDA:20,0,0,0
BRDA:23,1,0,0
BRDA:23,1,1,0
BRDA:49,2,0,0
BRDA:49,2,1,0
BRDA:50,3,0,0
BRDA:50,3,1,0
BRDA:93,4,0,0
BRDA:112,5,0,0
BRDA:112,5,1,0
BRDA:112,6,0,0
BRDA:112,6,1,0
BRDA:127,7,0,0
BRDA:127,7,1,0
BRDA:127,8,0,0
BRDA:127,8,1,0
BRDA:139,9,0,0
BRDA:139,9,1,0
BRDA:139,9,2,0
BRDA:141,10,0,0
BRDA:141,10,1,0
BRDA:184,11,0,0
BRDA:184,11,1,0
BRDA:202,12,0,0
BRDA:205,13,0,0
BRDA:205,13,1,0
BRDA:230,14,0,0
BRDA:230,14,1,0
BRDA:231,15,0,0
BRDA:231,15,1,0
BRDA:236,16,0,0
BRDA:236,16,1,0
BRDA:242,17,0,0
BRDA:242,17,1,0
BRDA:243,18,0,0
BRDA:243,18,1,0
BRDA:248,19,0,0
BRDA:248,19,1,0
BRDA:253,20,0,0
BRDA:253,20,1,0
BRDA:256,21,0,0
BRDA:256,21,1,0
BRDA:287,22,0,0
BRDA:287,22,1,0
BRDA:287,22,2,0
BRDA:305,23,0,0
BRDA:305,23,1,0
BRDA:323,24,0,0
BRDA:323,24,1,0
BRDA:323,25,0,0
BRDA:323,25,1,0
BRDA:327,26,0,0
BRDA:327,26,1,0
BRDA:328,27,0,0
BRDA:328,27,1,0
BRDA:338,28,0,0
BRDA:339,29,0,0
BRDA:339,29,1,0
BRDA:355,30,0,0
BRDA:355,30,1,0
BRDA:374,31,0,0
BRDA:374,31,1,0
BRF:62
BRH:0
end_of_record
TN:
SF:js\i18n\language.js
FN:19,setLanguage
FN:55,loadPreferredLanguage
FN:66,translate
FN:93,getDirectionText
FN:121,updateInterfaceLanguage
FN:125,(anonymous_5)
FN:133,(anonymous_6)
FN:141,(anonymous_7)
FN:150,(anonymous_8)
FNF:9
FNH:0
FNDA:0,setLanguage
FNDA:0,loadPreferredLanguage
FNDA:0,translate
FNDA:0,getDirectionText
FNDA:0,updateInterfaceLanguage
FNDA:0,(anonymous_5)
FNDA:0,(anonymous_6)
FNDA:0,(anonymous_7)
FNDA:0,(anonymous_8)
DA:21,0
DA:22,0
DA:25,0
DA:29,0
DA:32,0
DA:33,0
DA:34,0
DA:35,0
DA:37,0
DA:38,0
DA:39,0
DA:43,0
DA:46,0
DA:48,0
DA:56,0
DA:57,0
DA:68,0
DA:70,0
DA:71,0
DA:75,0
DA:76,0
DA:79,0
DA:83,0
DA:84,0
DA:95,0
DA:98,0
DA:99,0
DA:101,0
DA:105,0
DA:110,0
DA:111,0
DA:114,0
DA:122,0
DA:125,0
DA:126,0
DA:127,0
DA:128,0
DA:133,0
DA:134,0
DA:135,0
DA:136,0
DA:141,0
DA:142,0
DA:143,0
DA:144,0
DA:150,1
DA:151,0
LF:47
LH:1
BRDA:21,0,0,0
BRDA:21,0,1,0
BRDA:32,1,0,0
BRDA:32,1,1,0
BRDA:57,2,0,0
BRDA:57,2,1,0
BRDA:66,3,0,0
BRDA:68,4,0,0
BRDA:68,4,1,0
BRDA:68,4,2,0
BRDA:70,5,0,0
BRDA:70,5,1,0
BRDA:70,6,0,0
BRDA:70,6,1,0
BRDA:75,7,0,0
BRDA:75,7,1,0
BRDA:75,8,0,0
BRDA:75,8,1,0
BRDA:93,9,0,0
BRDA:95,10,0,0
BRDA:95,10,1,0
BRDA:95,10,2,0
BRDA:98,11,0,0
BRDA:98,11,1,0
BRDA:98,12,0,0
BRDA:98,12,1,0
BRDA:101,13,0,0
BRDA:101,13,1,0
BRDA:102,14,0,0
BRDA:102,14,1,0
BRDA:105,15,0,0
BRDA:105,15,1,0
BRDA:110,16,0,0
BRDA:110,16,1,0
BRDA:111,17,0,0
BRDA:111,17,1,0
BRDA:122,18,0,0
BRDA:122,18,1,0
BRDA:127,19,0,0
BRDA:127,19,1,0
BRDA:135,20,0,0
BRDA:135,20,1,0
BRDA:143,21,0,0
BRDA:143,21,1,0
BRF:44
BRH:0
end_of_record
TN:
SF:js\i18n\translations.js
FNF:0
FNH:0
DA:7,1
DA:365,1
LF:2
LH:2
BRF:0
BRH:0
end_of_record
TN:
SF:js\map\map-core.js
FN:18,initializeMap
FN:75,getTileLayer
FN:96,setupMapEventHandlers
FN:98,(anonymous_3)
FN:107,(anonymous_4)
FN:112,(anonymous_5)
FN:117,(anonymous_6)
FN:129,updateMapTheme
FN:140,(anonymous_8)
FN:166,centerMap
FN:215,adjustMapWithLocation
FN:243,setMapInteraction
FN:273,clearMapLayers
FN:277,(anonymous_13)
FN:297,addCustomZoomControl
FN:315,getMap
FN:323,getMapCenter
FN:335,getMapZoom
FN:345,resetMapView
FNF:19
FNH:3
FNDA:1,initializeMap
FNDA:0,getTileLayer
FNDA:0,setupMapEventHandlers
FNDA:0,(anonymous_3)
FNDA:0,(anonymous_4)
FNDA:0,(anonymous_5)
FNDA:0,(anonymous_6)
FNDA:0,updateMapTheme
FNDA:0,(anonymous_8)
FNDA:1,centerMap
FNDA:0,adjustMapWithLocation
FNDA:0,setMapInteraction
FNDA:0,clearMapLayers
FNDA:0,(anonymous_13)
FNDA:0,addCustomZoomControl
FNDA:0,getMap
FNDA:0,getMapCenter
FNDA:0,getMapZoom
FNDA:1,resetMapView
DA:19,1
DA:21,1
DA:22,1
DA:23,1
DA:27,0
DA:39,0
DA:42,0
DA:45,0
DA:46,0
DA:49,0
DA:50,0
DA:54,0
DA:57,0
DA:60,0
DA:62,0
DA:64,1
DA:65,1
DA:66,0
DA:76,0
DA:78,0
DA:82,0
DA:89,0
DA:98,0
DA:99,0
DA:100,0
DA:107,0
DA:108,0
DA:112,0
DA:113,0
DA:117,0
DA:118,0
DA:121,0
DA:131,0
DA:133,0
DA:134,0
DA:136,0
DA:140,0
DA:141,0
DA:142,0
DA:145,0
DA:148,0
DA:154,0
DA:167,1
DA:168,0
DA:170,0
DA:173,0
DA:181,0
DA:184,0
DA:186,0
DA:189,0
DA:190,0
DA:191,0
DA:192,0
DA:194,0
DA:196,0
DA:200,0
DA:201,0
DA:202,0
DA:223,0
DA:224,0
DA:227,0
DA:230,0
DA:244,0
DA:245,0
DA:247,0
DA:248,0
DA:249,0
DA:250,0
DA:251,0
DA:252,0
DA:253,0
DA:254,0
DA:256,0
DA:257,0
DA:258,0
DA:259,0
DA:260,0
DA:261,0
DA:262,0
DA:266,0
DA:274,0
DA:275,0
DA:277,0
DA:279,0
DA:282,0
DA:285,0
DA:289,0
DA:290,0
DA:298,0
DA:299,0
DA:302,0
DA:308,0
DA:316,0
DA:324,0
DA:325,0
DA:327,0
DA:328,0
DA:336,0
DA:337,0
DA:339,0
DA:346,1
LF:101
LH:8
BRDA:18,0,0,1
BRDA:18,1,0,1
BRDA:22,2,0,1
BRDA:22,2,1,0
BRDA:75,3,0,0
BRDA:78,4,0,0
BRDA:78,4,1,0
BRDA:86,5,0,0
BRDA:86,5,1,0
BRDA:133,6,0,0
BRDA:133,6,1,0
BRDA:141,7,0,0
BRDA:141,7,1,0
BRDA:151,8,0,0
BRDA:151,8,1,0
BRDA:166,9,0,0
BRDA:166,10,0,1
BRDA:168,11,0,0
BRDA:168,11,1,0
BRDA:170,12,0,0
BRDA:170,12,1,0
BRDA:184,13,0,0
BRDA:184,13,1,0
BRDA:184,14,0,0
BRDA:184,14,1,0
BRDA:201,15,0,0
BRDA:201,15,1,0
BRDA:220,16,0,0
BRDA:221,17,0,0
BRDA:224,18,0,0
BRDA:224,18,1,0
BRDA:245,19,0,0
BRDA:245,19,1,0
BRDA:247,20,0,0
BRDA:247,20,1,0
BRDA:254,21,0,0
BRDA:254,21,1,0
BRDA:262,22,0,0
BRDA:262,22,1,0
BRDA:273,23,0,0
BRDA:275,24,0,0
BRDA:275,24,1,0
BRDA:279,25,0,0
BRDA:279,25,1,0
BRDA:282,26,0,0
BRDA:282,26,1,0
BRDA:282,27,0,0
BRDA:282,27,1,0
BRDA:297,28,0,0
BRDA:299,29,0,0
BRDA:299,29,1,0
BRDA:325,30,0,0
BRDA:325,30,1,0
BRDA:337,31,0,0
BRDA:337,31,1,0
BRF:55
BRH:4
end_of_record
TN:
SF:js\map\map-markers.js
FN:23,createMarker
FN:116,createUserMarker
FN:192,updateUserMarker
FN:275,removeUserMarker
FN:301,createDestinationMarker
FN:336,removeDestinationMarker
FN:349,(anonymous_6)
FN:366,createPOIMarkers
FN:373,(anonymous_8)
FN:399,(anonymous_9)
FN:400,(anonymous_10)
FN:419,clearMarkers
FN:429,(anonymous_12)
FN:456,clearMarkersByCategory
FN:463,(anonymous_14)
FN:491,getMarkerIcon
FN:564,setupMarkerEvents
FN:566,(anonymous_17)
FN:585,(anonymous_18)
FN:607,createPopupContent
FN:644,(anonymous_20)
FN:672,getPopupButtons
FN:733,highlightMarker
FN:735,(anonymous_23)
FN:747,(anonymous_24)
FN:763,highlightNextStepInMap
FN:836,highlightRouteSegment
FN:865,clearRouteHighlights
FNF:28
FNH:0
FNDA:0,createMarker
FNDA:0,createUserMarker
FNDA:0,updateUserMarker
FNDA:0,removeUserMarker
FNDA:0,createDestinationMarker
FNDA:0,removeDestinationMarker
FNDA:0,(anonymous_6)
FNDA:0,createPOIMarkers
FNDA:0,(anonymous_8)
FNDA:0,(anonymous_9)
FNDA:0,(anonymous_10)
FNDA:0,clearMarkers
FNDA:0,(anonymous_12)
FNDA:0,clearMarkersByCategory
FNDA:0,(anonymous_14)
FNDA:0,getMarkerIcon
FNDA:0,setupMarkerEvents
FNDA:0,(anonymous_17)
FNDA:0,(anonymous_18)
FNDA:0,createPopupContent
FNDA:0,(anonymous_20)
FNDA:0,getPopupButtons
FNDA:0,highlightMarker
FNDA:0,(anonymous_23)
FNDA:0,(anonymous_24)
FNDA:0,highlightNextStepInMap
FNDA:0,highlightRouteSegment
FNDA:0,clearRouteHighlights
DA:14,0
DA:24,0
DA:25,0
DA:28,0
DA:42,0
DA:45,0
DA:48,0
DA:59,0
DA:60,0
DA:61,0
DA:64,0
DA:67,0
DA:68,0
DA:75,0
DA:83,0
DA:84,0
DA:89,0
DA:92,0
DA:93,0
DA:94,0
DA:97,0
DA:105,0
DA:117,0
DA:118,0
DA:121,0
DA:124,0
DA:161,0
DA:168,0
DA:169,0
DA:170,0
DA:178,0
DA:179,0
DA:181,0
DA:199,0
DA:200,0
DA:203,0
DA:204,0
DA:205,0
DA:206,0
DA:207,0
DA:211,0
DA:212,0
DA:215,0
DA:216,0
DA:224,0
DA:232,0
DA:235,0
DA:236,0
DA:237,0
DA:238,0
DA:239,0
DA:240,0
DA:246,0
DA:247,0
DA:248,0
DA:249,0
DA:251,0
DA:257,0
DA:261,0
DA:262,0
DA:276,0
DA:277,0
DA:279,0
DA:280,0
DA:282,0
DA:283,0
DA:284,0
DA:287,0
DA:288,0
DA:289,0
DA:303,0
DA:306,0
DA:318,0
DA:321,0
DA:324,0
DA:330,0
DA:337,0
DA:338,0
DA:340,0
DA:342,0
DA:343,0
DA:344,0
DA:347,0
DA:348,0
DA:349,0
DA:352,0
DA:355,0
DA:367,0
DA:370,0
DA:373,0
DA:374,0
DA:384,0
DA:398,0
DA:399,0
DA:400,0
DA:401,0
DA:407,0
DA:412,0
DA:420,0
DA:421,0
DA:424,0
DA:426,0
DA:427,0
DA:429,0
DA:430,0
DA:436,0
DA:437,0
DA:439,0
DA:444,0
DA:447,0
DA:457,0
DA:458,0
DA:460,0
DA:461,0
DA:463,0
DA:464,0
DA:471,0
DA:474,0
DA:479,0
DA:482,0
DA:493,0
DA:494,0
DA:495,0
DA:499,0
DA:507,0
DA:548,0
DA:551,0
DA:554,0
DA:556,0
DA:566,0
DA:568,0
DA:569,0
DA:573,0
DA:584,0
DA:585,0
DA:586,0
DA:589,0
DA:614,0
DA:617,0
DA:626,0
DA:627,0
DA:630,0
DA:631,0
DA:634,0
DA:635,0
DA:641,0
DA:642,0
DA:644,0
DA:645,0
DA:658,0
DA:661,0
DA:663,0
DA:674,0
DA:687,0
DA:725,0
DA:734,0
DA:735,0
DA:737,0
DA:740,0
DA:741,0
DA:744,0
DA:747,0
DA:748,0
DA:752,0
DA:753,0
DA:754,0
DA:764,0
DA:766,0
DA:767,0
DA:770,0
DA:773,0
DA:774,0
DA:777,0
DA:795,0
DA:802,0
DA:805,0
DA:806,0
DA:807,0
DA:809,0
DA:811,0
DA:816,0
DA:823,0
DA:837,0
DA:838,0
DA:841,0
DA:842,0
DA:846,0
DA:847,0
DA:850,0
DA:859,0
DA:866,0
DA:867,0
DA:870,0
DA:871,0
DA:872,0
DA:873,0
DA:877,0
DA:878,0
DA:879,0
DA:880,0
LF:200
LH:0
BRDA:23,0,0,0
BRDA:25,1,0,0
BRDA:25,1,1,0
BRDA:61,2,0,0
BRDA:61,2,1,0
BRDA:67,3,0,0
BRDA:67,3,1,0
BRDA:67,4,0,0
BRDA:67,4,1,0
BRDA:83,5,0,0
BRDA:83,5,1,0
BRDA:92,6,0,0
BRDA:92,6,1,0
BRDA:116,7,0,0
BRDA:116,8,0,0
BRDA:118,9,0,0
BRDA:118,9,1,0
BRDA:135,10,0,0
BRDA:135,10,1,0
BRDA:138,11,0,0
BRDA:138,11,1,0
BRDA:169,12,0,0
BRDA:169,12,1,0
BRDA:169,13,0,0
BRDA:169,13,1,0
BRDA:195,14,0,0
BRDA:196,15,0,0
BRDA:197,16,0,0
BRDA:203,17,0,0
BRDA:203,17,1,0
BRDA:215,18,0,0
BRDA:215,18,1,0
BRDA:235,19,0,0
BRDA:235,19,1,0
BRDA:237,20,0,0
BRDA:237,20,1,0
BRDA:239,21,0,0
BRDA:239,21,1,0
BRDA:246,22,0,0
BRDA:246,22,1,0
BRDA:246,23,0,0
BRDA:246,23,1,0
BRDA:246,23,2,0
BRDA:249,24,0,0
BRDA:249,24,1,0
BRDA:249,25,0,0
BRDA:249,25,1,0
BRDA:261,26,0,0
BRDA:261,26,1,0
BRDA:277,27,0,0
BRDA:277,27,1,0
BRDA:282,28,0,0
BRDA:282,28,1,0
BRDA:287,29,0,0
BRDA:287,29,1,0
BRDA:301,30,0,0
BRDA:309,31,0,0
BRDA:309,31,1,0
BRDA:310,32,0,0
BRDA:310,32,1,0
BRDA:311,33,0,0
BRDA:311,33,1,0
BRDA:313,34,0,0
BRDA:313,34,1,0
BRDA:338,35,0,0
BRDA:338,35,1,0
BRDA:342,36,0,0
BRDA:342,36,1,0
BRDA:347,37,0,0
BRDA:347,37,1,0
BRDA:366,38,0,0
BRDA:367,39,0,0
BRDA:367,39,1,0
BRDA:367,40,0,0
BRDA:367,40,1,0
BRDA:377,41,0,0
BRDA:377,41,1,0
BRDA:377,41,2,0
BRDA:377,41,3,0
BRDA:378,42,0,0
BRDA:378,42,1,0
BRDA:378,42,2,0
BRDA:381,43,0,0
BRDA:381,43,1,0
BRDA:385,44,0,0
BRDA:385,44,1,0
BRDA:385,44,2,0
BRDA:385,44,3,0
BRDA:389,45,0,0
BRDA:389,45,1,0
BRDA:389,45,2,0
BRDA:389,45,3,0
BRDA:398,46,0,0
BRDA:398,46,1,0
BRDA:398,47,0,0
BRDA:398,47,1,0
BRDA:419,48,0,0
BRDA:421,49,0,0
BRDA:421,49,1,0
BRDA:426,50,0,0
BRDA:426,50,1,0
BRDA:430,51,0,0
BRDA:430,51,1,0
BRDA:431,52,0,0
BRDA:431,52,1,0
BRDA:431,52,2,0
BRDA:437,53,0,0
BRDA:437,53,1,0
BRDA:437,54,0,0
BRDA:437,54,1,0
BRDA:458,55,0,0
BRDA:458,55,1,0
BRDA:458,56,0,0
BRDA:458,56,1,0
BRDA:460,57,0,0
BRDA:460,57,1,0
BRDA:464,58,0,0
BRDA:464,58,1,0
BRDA:465,59,0,0
BRDA:465,59,1,0
BRDA:465,59,2,0
BRDA:465,59,3,0
BRDA:491,60,0,0
BRDA:494,61,0,0
BRDA:494,61,1,0
BRDA:548,62,0,0
BRDA:548,62,1,0
BRDA:548,62,2,0
BRDA:568,63,0,0
BRDA:568,63,1,0
BRDA:584,64,0,0
BRDA:584,64,1,0
BRDA:610,65,0,0
BRDA:611,66,0,0
BRDA:619,67,0,0
BRDA:619,67,1,0
BRDA:621,68,0,0
BRDA:621,68,1,0
BRDA:626,69,0,0
BRDA:626,69,1,0
BRDA:630,70,0,0
BRDA:630,70,1,0
BRDA:634,71,0,0
BRDA:634,71,1,0
BRDA:641,72,0,0
BRDA:641,72,1,0
BRDA:641,73,0,0
BRDA:641,73,1,0
BRDA:649,74,0,0
BRDA:649,74,1,0
BRDA:652,75,0,0
BRDA:652,75,1,0
BRDA:680,76,0,0
BRDA:680,76,1,0
BRDA:681,77,0,0
BRDA:681,77,1,0
BRDA:682,78,0,0
BRDA:682,78,1,0
BRDA:682,79,0,0
BRDA:682,79,1,0
BRDA:695,80,0,0
BRDA:695,80,1,0
BRDA:706,81,0,0
BRDA:706,81,1,0
BRDA:717,82,0,0
BRDA:717,82,1,0
BRDA:725,83,0,0
BRDA:725,83,1,0
BRDA:733,84,0,0
BRDA:734,85,0,0
BRDA:734,85,1,0
BRDA:737,86,0,0
BRDA:737,86,1,0
BRDA:741,87,0,0
BRDA:741,87,1,0
BRDA:753,88,0,0
BRDA:753,88,1,0
BRDA:764,89,0,0
BRDA:764,89,1,0
BRDA:764,90,0,0
BRDA:764,90,1,0
BRDA:767,91,0,0
BRDA:767,91,1,0
BRDA:773,92,0,0
BRDA:773,92,1,0
BRDA:774,93,0,0
BRDA:774,93,1,0
BRDA:806,94,0,0
BRDA:806,94,1,0
BRDA:806,95,0,0
BRDA:806,95,1,0
BRDA:838,96,0,0
BRDA:838,96,1,0
BRDA:838,97,0,0
BRDA:838,97,1,0
BRDA:841,98,0,0
BRDA:841,98,1,0
BRDA:841,99,0,0
BRDA:841,99,1,0
BRDA:867,100,0,0
BRDA:867,100,1,0
BRDA:871,101,0,0
BRDA:871,101,1,0
BRDA:878,102,0,0
BRDA:878,102,1,0
BRF:205
BRH:0
end_of_record
TN:
SF:js\navigation\navigation-state.js
FN:27,startNavigation
FN:83,stopNavigation
FN:113,pauseNavigation
FN:127,isNavigationActive
FN:135,isNavigationPaused
FN:143,getNavigationProgress
FN:150,startProgressTracking
FN:155,(anonymous_7)
FN:163,stopProgressTracking
FN:173,updateNavigationProgress
FN:267,checkAndRecalculateIfNeeded
FN:289,(anonymous_11)
FN:298,handleArrival
FN:318,nextInstructionStep
FN:331,prevInstructionStep
FN:342,goToInstructionStep
FNF:16
FNH:0
FNDA:0,startNavigation
FNDA:0,stopNavigation
FNDA:0,pauseNavigation
FNDA:0,isNavigationActive
FNDA:0,isNavigationPaused
FNDA:0,getNavigationProgress
FNDA:0,startProgressTracking
FNDA:0,(anonymous_7)
FNDA:0,stopProgressTracking
FNDA:0,updateNavigationProgress
FNDA:0,checkAndRecalculateIfNeeded
FNDA:0,(anonymous_11)
FNDA:0,handleArrival
FNDA:0,nextInstructionStep
FNDA:0,prevInstructionStep
FNDA:0,goToInstructionStep
DA:17,0
DA:20,0
DA:28,0
DA:29,0
DA:30,0
DA:34,0
DA:43,0
DA:46,0
DA:47,0
DA:48,0
DA:49,0
DA:50,0
DA:51,0
DA:52,0
DA:53,0
DA:56,0
DA:59,0
DA:66,0
DA:69,0
DA:70,0
DA:74,0
DA:76,0
DA:85,0
DA:86,0
DA:90,0
DA:93,0
DA:94,0
DA:95,0
DA:96,0
DA:99,0
DA:104,0
DA:105,0
DA:115,0
DA:117,0
DA:120,0
DA:128,0
DA:136,0
DA:144,0
DA:152,0
DA:155,0
DA:156,0
DA:164,0
DA:165,0
DA:166,0
DA:175,0
DA:176,0
DA:179,0
DA:180,0
DA:183,0
DA:184,0
DA:187,0
DA:188,0
DA:190,0
DA:193,0
DA:196,0
DA:197,0
DA:205,0
DA:207,0
DA:208,0
DA:209,0
DA:212,0
DA:216,0
DA:217,0
DA:220,0
DA:224,0
DA:225,0
DA:226,0
DA:227,0
DA:230,0
DA:238,0
DA:240,0
DA:241,0
DA:247,0
DA:250,0
DA:253,0
DA:255,0
DA:256,0
DA:260,0
DA:269,0
DA:270,0
DA:274,0
DA:278,0
DA:281,0
DA:284,0
DA:285,0
DA:286,0
DA:289,0
DA:290,0
DA:300,0
DA:303,0
DA:306,0
DA:307,0
DA:308,0
DA:312,0
DA:319,0
DA:320,0
DA:322,0
DA:324,0
DA:325,0
DA:332,0
DA:334,0
DA:335,0
DA:343,0
DA:345,0
DA:346,0
DA:347,0
DA:351,0
DA:354,0
DA:357,0
DA:360,0
DA:366,0
DA:369,0
DA:370,0
DA:371,0
DA:372,0
DA:373,0
DA:374,0
DA:376,0
DA:385,0
DA:386,0
DA:387,0
DA:391,0
LF:122
LH:0
BRDA:27,0,0,0
BRDA:28,1,0,0
BRDA:28,1,1,0
BRDA:48,2,0,0
BRDA:48,2,1,0
BRDA:56,3,0,0
BRDA:56,3,1,0
BRDA:69,4,0,0
BRDA:69,4,1,0
BRDA:70,5,0,0
BRDA:70,5,1,0
BRDA:83,6,0,0
BRDA:85,7,0,0
BRDA:85,7,1,0
BRDA:100,8,0,0
BRDA:100,8,1,0
BRDA:104,9,0,0
BRDA:104,9,1,0
BRDA:113,10,0,0
BRDA:115,11,0,0
BRDA:115,11,1,0
BRDA:144,12,0,0
BRDA:144,12,1,0
BRDA:164,13,0,0
BRDA:164,13,1,0
BRDA:175,14,0,0
BRDA:175,14,1,0
BRDA:175,15,0,0
BRDA:175,15,1,0
BRDA:180,16,0,0
BRDA:180,16,1,0
BRDA:184,17,0,0
BRDA:184,17,1,0
BRDA:187,18,0,0
BRDA:187,18,1,0
BRDA:190,19,0,0
BRDA:190,19,1,0
BRDA:190,20,0,0
BRDA:190,20,1,0
BRDA:196,21,0,0
BRDA:196,21,1,0
BRDA:205,22,0,0
BRDA:205,22,1,0
BRDA:207,23,0,0
BRDA:207,23,1,0
BRDA:217,24,0,0
BRDA:217,24,1,0
BRDA:225,25,0,0
BRDA:225,25,1,0
BRDA:225,26,0,0
BRDA:225,26,1,0
BRDA:226,27,0,0
BRDA:226,27,1,0
BRDA:227,28,0,0
BRDA:227,28,1,0
BRDA:238,29,0,0
BRDA:238,29,1,0
BRDA:240,30,0,0
BRDA:240,30,1,0
BRDA:253,31,0,0
BRDA:253,31,1,0
BRDA:270,32,0,0
BRDA:270,32,1,0
BRDA:284,33,0,0
BRDA:284,33,1,0
BRDA:300,34,0,0
BRDA:300,34,1,0
BRDA:307,35,0,0
BRDA:307,35,1,0
BRDA:307,36,0,0
BRDA:307,36,1,0
BRDA:319,37,0,0
BRDA:319,37,1,0
BRDA:322,38,0,0
BRDA:322,38,1,0
BRDA:322,39,0,0
BRDA:322,39,1,0
BRDA:332,40,0,0
BRDA:332,40,1,0
BRDA:345,41,0,0
BRDA:345,41,1,0
BRDA:345,42,0,0
BRDA:345,42,1,0
BRDA:370,43,0,0
BRDA:370,43,1,0
BRDA:370,44,0,0
BRDA:370,44,1,0
BRDA:372,45,0,0
BRDA:372,45,1,0
BRDA:373,46,0,0
BRDA:373,46,1,0
BRDA:374,47,0,0
BRDA:374,47,1,0
BRDA:386,48,0,0
BRDA:386,48,1,0
BRF:95
BRH:0
end_of_record
TN:
SF:js\navigation\navigation-ui.js
FN:20,initNavigationUI
FN:28,subscribeToEvents
FN:30,(anonymous_2)
FN:35,(anonymous_3)
FN:40,(anonymous_4)
FN:48,(anonymous_5)
FN:53,(anonymous_6)
FN:61,showNavigationPanel
FN:84,createNavigationPanel
FN:160,(anonymous_9)
FN:164,(anonymous_10)
FN:174,(anonymous_11)
FN:184,(anonymous_12)
FN:203,(anonymous_13)
FN:212,(anonymous_14)
FN:225,hideNavigationPanel
FN:232,(anonymous_16)
FN:248,updateInstructionDisplay
FN:293,startPeriodicUpdates
FN:298,(anonymous_19)
FN:310,stopPeriodicUpdates
FN:320,updateNavigationInfo
FN:374,updateNavigationProgress
FN:391,getManeuverIcon
FN:427,updateInstructionModal
FN:474,(anonymous_25)
FN:478,(anonymous_26)
FN:483,(anonymous_27)
FN:494,(anonymous_28)
FN:515,(anonymous_29)
FN:526,(anonymous_30)
FNF:31
FNH:0
FNDA:0,initNavigationUI
FNDA:0,subscribeToEvents
FNDA:0,(anonymous_2)
FNDA:0,(anonymous_3)
FNDA:0,(anonymous_4)
FNDA:0,(anonymous_5)
FNDA:0,(anonymous_6)
FNDA:0,showNavigationPanel
FNDA:0,createNavigationPanel
FNDA:0,(anonymous_9)
FNDA:0,(anonymous_10)
FNDA:0,(anonymous_11)
FNDA:0,(anonymous_12)
FNDA:0,(anonymous_13)
FNDA:0,(anonymous_14)
FNDA:0,hideNavigationPanel
FNDA:0,(anonymous_16)
FNDA:0,updateInstructionDisplay
FNDA:0,startPeriodicUpdates
FNDA:0,(anonymous_19)
FNDA:0,stopPeriodicUpdates
FNDA:0,updateNavigationInfo
FNDA:0,updateNavigationProgress
FNDA:0,getManeuverIcon
FNDA:0,updateInstructionModal
FNDA:0,(anonymous_25)
FNDA:0,(anonymous_26)
FNDA:0,(anonymous_27)
FNDA:0,(anonymous_28)
FNDA:0,(anonymous_29)
FNDA:0,(anonymous_30)
DA:22,0
DA:30,0
DA:31,0
DA:35,0
DA:36,0
DA:40,0
DA:41,0
DA:48,0
DA:49,0
DA:53,0
DA:54,0
DA:63,0
DA:65,0
DA:66,0
DA:67,0
DA:71,0
DA:74,0
DA:77,0
DA:85,0
DA:86,0
DA:87,0
DA:90,0
DA:160,0
DA:162,0
DA:163,0
DA:164,0
DA:166,0
DA:167,0
DA:172,0
DA:173,0
DA:174,0
DA:175,0
DA:176,0
DA:177,0
DA:182,0
DA:183,0
DA:184,0
DA:185,0
DA:186,0
DA:187,0
DA:190,0
DA:193,0
DA:201,0
DA:202,0
DA:203,0
DA:204,0
DA:205,0
DA:210,0
DA:211,0
DA:212,0
DA:213,0
DA:214,0
DA:219,0
DA:226,0
DA:228,0
DA:229,0
DA:232,0
DA:233,0
DA:234,0
DA:240,0
DA:249,0
DA:252,0
DA:255,0
DA:258,0
DA:259,0
DA:261,0
DA:264,0
DA:265,0
DA:268,0
DA:269,0
DA:270,0
DA:274,0
DA:275,0
DA:276,0
DA:277,0
DA:278,0
DA:281,0
DA:282,0
DA:287,0
DA:295,0
DA:298,0
DA:299,0
DA:300,0
DA:302,0
DA:311,0
DA:312,0
DA:313,0
DA:322,0
DA:325,0
DA:326,0
DA:328,0
DA:331,0
DA:332,0
DA:334,0
DA:337,0
DA:338,0
DA:341,0
DA:342,0
DA:345,0
DA:348,0
DA:349,0
DA:358,0
DA:360,0
DA:363,0
DA:366,0
DA:375,0
DA:377,0
DA:378,0
DA:379,0
DA:383,0
DA:392,0
DA:409,0
DA:410,0
DA:411,0
DA:413,0
DA:414,0
DA:418,0
DA:432,0
DA:435,0
DA:438,0
DA:439,0
DA:440,0
DA:441,0
DA:443,0
DA:444,0
DA:446,0
DA:447,0
DA:448,0
DA:453,0
DA:454,0
DA:455,0
DA:457,0
DA:458,0
DA:459,0
DA:464,0
DA:465,0
DA:466,0
DA:467,0
DA:469,0
DA:472,0
DA:475,0
DA:478,0
DA:479,0
DA:480,0
DA:483,0
DA:484,0
DA:485,0
DA:490,0
DA:491,0
DA:492,0
DA:494,0
DA:495,0
DA:496,0
DA:497,0
DA:498,0
DA:501,0
DA:502,0
DA:504,0
DA:515,0
DA:516,0
DA:517,0
DA:520,0
DA:524,0
DA:525,0
DA:526,0
DA:527,0
DA:533,0
LF:167
LH:0
BRDA:65,0,0,0
BRDA:65,0,1,0
BRDA:163,1,0,0
BRDA:163,1,1,0
BRDA:173,2,0,0
BRDA:173,2,1,0
BRDA:183,3,0,0
BRDA:183,3,1,0
BRDA:191,4,0,0
BRDA:191,4,1,0
BRDA:195,5,0,0
BRDA:195,5,1,0
BRDA:202,6,0,0
BRDA:202,6,1,0
BRDA:211,7,0,0
BRDA:211,7,1,0
BRDA:228,8,0,0
BRDA:228,8,1,0
BRDA:233,9,0,0
BRDA:233,9,1,0
BRDA:249,10,0,0
BRDA:249,10,1,0
BRDA:249,11,0,0
BRDA:249,11,1,0
BRDA:261,12,0,0
BRDA:261,12,1,0
BRDA:268,13,0,0
BRDA:268,13,1,0
BRDA:269,14,0,0
BRDA:269,14,1,0
BRDA:274,15,0,0
BRDA:274,15,1,0
BRDA:275,16,0,0
BRDA:275,16,1,0
BRDA:299,17,0,0
BRDA:299,17,1,0
BRDA:311,18,0,0
BRDA:311,18,1,0
BRDA:322,19,0,0
BRDA:322,19,1,0
BRDA:328,20,0,0
BRDA:328,20,1,0
BRDA:328,21,0,0
BRDA:328,21,1,0
BRDA:334,22,0,0
BRDA:334,22,1,0
BRDA:341,23,0,0
BRDA:341,23,1,0
BRDA:348,24,0,0
BRDA:348,24,1,0
BRDA:350,25,0,0
BRDA:350,25,1,0
BRDA:358,26,0,0
BRDA:358,26,1,0
BRDA:377,27,0,0
BRDA:377,27,1,0
BRDA:409,28,0,0
BRDA:409,28,1,0
BRDA:409,29,0,0
BRDA:409,29,1,0
BRDA:413,30,0,0
BRDA:413,30,1,0
BRDA:418,31,0,0
BRDA:418,31,1,0
BRDA:430,32,0,0
BRDA:432,33,0,0
BRDA:432,33,1,0
BRDA:432,34,0,0
BRDA:432,34,1,0
BRDA:438,35,0,0
BRDA:438,35,1,0
BRDA:491,36,0,0
BRDA:491,36,1,0
BRDA:497,37,0,0
BRDA:497,37,1,0
BRDA:501,38,0,0
BRDA:501,38,1,0
BRDA:525,39,0,0
BRDA:525,39,1,0
BRF:79
BRH:0
end_of_record
TN:
SF:js\navigation\route.js
FN:49,createRoute
FN:159,processRouteData
FN:166,(anonymous_2)
FN:172,(anonymous_3)
FN:175,(anonymous_4)
FN:217,displayRoute
FN:225,(anonymous_6)
FN:257,clearRouteFromMap
FN:288,getRouteStyleForProfile
FN:312,showRouteAlternatives
FN:326,(anonymous_10)
FN:330,(anonymous_11)
FN:359,(anonymous_12)
FN:360,(anonymous_13)
FN:365,(anonymous_14)
FN:399,clearRouteAlternatives
FN:405,(anonymous_16)
FN:419,selectRouteAlternative
FN:456,recalculateRoute
FN:521,shouldRecalculateRoute
FN:552,findClosestPointOnRoute
FN:646,projectPointOnSegment
FN:677,advanceToNextStepIfClose
FN:722,goToInstructionStep
FN:761,nextInstructionStep
FN:769,prevInstructionStep
FN:779,updateInstructionDisplay
FN:792,speakInstruction
FN:822,showRouteLoading
FN:827,(anonymous_29)
FN:839,hideRouteLoading
FN:857,validateCoordinates
FN:874,cacheRouteData
FN:894,loadRouteFromCache
FN:929,hasReachedDestination
FN:946,estimateArrivalTime
FNF:36
FNH:0
FNDA:0,createRoute
FNDA:0,processRouteData
FNDA:0,(anonymous_2)
FNDA:0,(anonymous_3)
FNDA:0,(anonymous_4)
FNDA:0,displayRoute
FNDA:0,(anonymous_6)
FNDA:0,clearRouteFromMap
FNDA:0,getRouteStyleForProfile
FNDA:0,showRouteAlternatives
FNDA:0,(anonymous_10)
FNDA:0,(anonymous_11)
FNDA:0,(anonymous_12)
FNDA:0,(anonymous_13)
FNDA:0,(anonymous_14)
FNDA:0,clearRouteAlternatives
FNDA:0,(anonymous_16)
FNDA:0,selectRouteAlternative
FNDA:0,recalculateRoute
FNDA:0,shouldRecalculateRoute
FNDA:0,findClosestPointOnRoute
FNDA:0,projectPointOnSegment
FNDA:0,advanceToNextStepIfClose
FNDA:0,goToInstructionStep
FNDA:0,nextInstructionStep
FNDA:0,prevInstructionStep
FNDA:0,updateInstructionDisplay
FNDA:0,speakInstruction
FNDA:0,showRouteLoading
FNDA:0,(anonymous_29)
FNDA:0,hideRouteLoading
FNDA:0,validateCoordinates
FNDA:0,cacheRouteData
FNDA:0,loadRouteFromCache
FNDA:0,hasReachedDestination
FNDA:0,estimateArrivalTime
DA:32,0
DA:34,0
DA:37,0
DA:57,0
DA:59,0
DA:66,0
DA:67,0
DA:71,0
DA:75,0
DA:80,0
DA:87,0
DA:88,0
DA:89,0
DA:93,0
DA:96,0
DA:97,0
DA:101,0
DA:104,0
DA:105,0
DA:113,0
DA:116,0
DA:119,0
DA:120,0
DA:123,0
DA:131,0
DA:132,0
DA:135,0
DA:137,0
DA:140,0
DA:143,0
DA:146,0
DA:150,0
DA:160,0
DA:161,0
DA:162,0
DA:163,0
DA:166,0
DA:169,0
DA:170,0
DA:172,0
DA:173,0
DA:175,0
DA:176,0
DA:192,0
DA:197,0
DA:218,0
DA:219,0
DA:222,0
DA:225,0
DA:228,0
DA:231,0
DA:234,0
DA:237,0
DA:238,0
DA:242,0
DA:245,0
DA:249,0
DA:251,0
DA:258,0
DA:259,0
DA:262,0
DA:263,0
DA:264,0
DA:265,0
DA:269,0
DA:270,0
DA:271,0
DA:272,0
DA:276,0
DA:277,0
DA:278,0
DA:279,0
DA:290,0
DA:304,0
DA:313,0
DA:314,0
DA:317,0
DA:320,0
DA:323,0
DA:326,0
DA:327,0
DA:330,0
DA:336,0
DA:344,0
DA:345,0
DA:347,0
DA:359,0
DA:360,0
DA:361,0
DA:362,0
DA:363,0
DA:364,0
DA:365,0
DA:366,0
DA:367,0
DA:375,0
DA:379,0
DA:380,0
DA:383,0
DA:384,0
DA:385,0
DA:389,0
DA:393,0
DA:400,0
DA:401,0
DA:404,0
DA:405,0
DA:406,0
DA:407,0
DA:412,0
DA:420,0
DA:421,0
DA:424,0
DA:427,0
DA:430,0
DA:431,0
DA:434,0
DA:437,0
DA:444,0
DA:464,0
DA:465,0
DA:466,0
DA:467,0
DA:471,0
DA:474,0
DA:477,0
DA:483,0
DA:486,0
DA:499,0
DA:501,0
DA:504,0
DA:506,0
DA:510,0
DA:512,0
DA:523,0
DA:524,0
DA:525,0
DA:529,0
DA:530,0
DA:531,0
DA:535,0
DA:542,0
DA:553,0
DA:554,0
DA:555,0
DA:556,0
DA:557,0
DA:560,0
DA:561,0
DA:562,0
DA:565,0
DA:566,0
DA:573,0
DA:574,0
DA:575,0
DA:576,0
DA:577,0
DA:582,0
DA:583,0
DA:584,0
DA:587,0
DA:588,0
DA:594,0
DA:595,0
DA:599,0
DA:600,0
DA:606,0
DA:607,0
DA:611,0
DA:612,0
DA:616,0
DA:622,0
DA:626,0
DA:629,0
DA:648,0
DA:649,0
DA:653,0
DA:654,0
DA:655,0
DA:656,0
DA:659,0
DA:662,0
DA:665,0
DA:666,0
DA:668,0
DA:678,0
DA:679,0
DA:681,0
DA:682,0
DA:686,0
DA:687,0
DA:691,0
DA:692,0
DA:695,0
DA:696,0
DA:700,0
DA:708,0
DA:709,0
DA:711,0
DA:712,0
DA:715,0
DA:723,0
DA:725,0
DA:726,0
DA:727,0
DA:731,0
DA:734,0
DA:737,0
DA:739,0
DA:741,0
DA:744,0
DA:747,0
DA:750,0
DA:762,0
DA:763,0
DA:770,0
DA:771,0
DA:781,0
DA:794,0
DA:795,0
DA:796,0
DA:800,0
DA:801,0
DA:805,0
DA:808,0
DA:809,0
DA:810,0
DA:811,0
DA:812,0
DA:815,0
DA:824,0
DA:827,0
DA:828,0
DA:829,0
DA:833,0
DA:841,0
DA:842,0
DA:843,0
DA:844,0
DA:848,0
DA:858,0
DA:875,0
DA:877,0
DA:878,0
DA:883,0
DA:884,0
DA:886,0
DA:895,0
DA:897,0
DA:898,0
DA:899,0
DA:901,0
DA:904,0
DA:905,0
DA:906,0
DA:908,0
DA:909,0
DA:910,0
DA:913,0
DA:915,0
DA:916,0
DA:936,0
DA:937,0
DA:947,0
DA:948,0
DA:955,0
DA:956,0
DA:959,0
DA:960,0
DA:962,0
LF:270
LH:0
BRDA:32,0,0,0
BRDA:32,0,1,0
BRDA:34,1,0,0
BRDA:34,1,1,0
BRDA:54,2,0,0
BRDA:55,3,0,0
BRDA:66,4,0,0
BRDA:66,4,1,0
BRDA:71,5,0,0
BRDA:71,5,1,0
BRDA:72,6,0,0
BRDA:72,6,1,0
BRDA:83,7,0,0
BRDA:83,7,1,0
BRDA:88,8,0,0
BRDA:88,8,1,0
BRDA:96,9,0,0
BRDA:96,9,1,0
BRDA:96,10,0,0
BRDA:96,10,1,0
BRDA:104,11,0,0
BRDA:104,11,1,0
BRDA:108,12,0,0
BRDA:108,12,1,0
BRDA:131,13,0,0
BRDA:131,13,1,0
BRDA:169,14,0,0
BRDA:169,14,1,0
BRDA:173,15,0,0
BRDA:173,15,1,0
BRDA:183,16,0,0
BRDA:183,16,1,0
BRDA:185,17,0,0
BRDA:185,17,1,0
BRDA:185,18,0,0
BRDA:185,18,1,0
BRDA:202,19,0,0
BRDA:202,19,1,0
BRDA:217,20,0,0
BRDA:219,21,0,0
BRDA:219,21,1,0
BRDA:237,22,0,0
BRDA:237,22,1,0
BRDA:259,23,0,0
BRDA:259,23,1,0
BRDA:263,24,0,0
BRDA:263,24,1,0
BRDA:270,25,0,0
BRDA:270,25,1,0
BRDA:277,26,0,0
BRDA:277,26,1,0
BRDA:304,27,0,0
BRDA:304,27,1,0
BRDA:314,28,0,0
BRDA:314,28,1,0
BRDA:362,29,0,0
BRDA:362,29,1,0
BRDA:364,30,0,0
BRDA:364,30,1,0
BRDA:383,31,0,0
BRDA:383,31,1,0
BRDA:401,32,0,0
BRDA:401,32,1,0
BRDA:404,33,0,0
BRDA:404,33,1,0
BRDA:406,34,0,0
BRDA:406,34,1,0
BRDA:420,35,0,0
BRDA:420,35,1,0
BRDA:421,36,0,0
BRDA:421,36,1,0
BRDA:421,37,0,0
BRDA:421,37,1,0
BRDA:461,38,0,0
BRDA:465,39,0,0
BRDA:465,39,1,0
BRDA:465,40,0,0
BRDA:465,40,1,0
BRDA:483,41,0,0
BRDA:483,41,1,0
BRDA:499,42,0,0
BRDA:499,42,1,0
BRDA:524,43,0,0
BRDA:524,43,1,0
BRDA:530,44,0,0
BRDA:530,44,1,0
BRDA:530,45,0,0
BRDA:530,45,1,0
BRDA:530,45,2,0
BRDA:573,46,0,0
BRDA:573,46,1,0
BRDA:582,47,0,0
BRDA:582,47,1,0
BRDA:599,48,0,0
BRDA:599,48,1,0
BRDA:599,49,0,0
BRDA:599,49,1,0
BRDA:626,50,0,0
BRDA:626,50,1,0
BRDA:648,51,0,0
BRDA:648,51,1,0
BRDA:679,52,0,0
BRDA:679,52,1,0
BRDA:681,53,0,0
BRDA:681,53,1,0
BRDA:681,54,0,0
BRDA:681,54,1,0
BRDA:681,54,2,0
BRDA:686,55,0,0
BRDA:686,55,1,0
BRDA:695,56,0,0
BRDA:695,56,1,0
BRDA:709,57,0,0
BRDA:709,57,1,0
BRDA:725,58,0,0
BRDA:725,58,1,0
BRDA:725,59,0,0
BRDA:725,59,1,0
BRDA:725,59,2,0
BRDA:739,60,0,0
BRDA:739,60,1,0
BRDA:762,61,0,0
BRDA:762,61,1,0
BRDA:770,62,0,0
BRDA:770,62,1,0
BRDA:792,63,0,0
BRDA:794,64,0,0
BRDA:794,64,1,0
BRDA:800,65,0,0
BRDA:800,65,1,0
BRDA:822,66,0,0
BRDA:842,67,0,0
BRDA:842,67,1,0
BRDA:859,68,0,0
BRDA:859,68,1,0
BRDA:859,68,2,0
BRDA:859,68,3,0
BRDA:859,68,4,0
BRDA:859,68,5,0
BRDA:859,68,6,0
BRDA:859,68,7,0
BRDA:875,69,0,0
BRDA:875,69,1,0
BRDA:895,70,0,0
BRDA:895,70,1,0
BRDA:899,71,0,0
BRDA:899,71,1,0
BRDA:905,72,0,0
BRDA:905,72,1,0
BRDA:908,73,0,0
BRDA:908,73,1,0
BRDA:934,74,0,0
BRDA:946,75,0,0
BRDA:947,76,0,0
BRDA:947,76,1,0
BRDA:947,77,0,0
BRDA:947,77,1,0
BRF:157
BRH:0
end_of_record
TN:
SF:js\navigation\steps.js
FN:5,goToInstructionStep
FN:34,nextInstructionStep
FN:46,prevInstructionStep
FNF:3
FNH:0
FNDA:0,goToInstructionStep
FNDA:0,nextInstructionStep
FNDA:0,prevInstructionStep
DA:6,0
DA:10,0
DA:11,0
DA:13,0
DA:17,0
DA:18,0
DA:19,0
DA:20,0
DA:25,0
DA:29,0
DA:30,0
DA:35,0
DA:39,0
DA:41,0
DA:42,0
DA:47,0
DA:48,0
DA:50,0
LF:18
LH:0
BRDA:6,0,0,0
BRDA:6,0,1,0
BRDA:7,1,0,0
BRDA:7,1,1,0
BRDA:19,2,0,0
BRDA:19,2,1,0
BRDA:27,3,0,0
BRDA:27,3,1,0
BRDA:35,4,0,0
BRDA:35,4,1,0
BRDA:47,5,0,0
BRDA:47,5,1,0
BRF:12
BRH:0
end_of_record
TN:
SF:js\ui\modals.js
FN:1,updateInstructionModal
FN:15,speakInstruction
FNF:2
FNH:0
FNDA:0,updateInstructionModal
FNDA:0,speakInstruction
DA:2,0
DA:3,0
DA:4,0
DA:5,0
DA:7,0
DA:8,0
DA:12,0
DA:16,0
DA:17,0
DA:18,0
DA:19,0
LF:11
LH:0
BRDA:3,0,0,0
BRDA:3,0,1,0
BRF:2
BRH:0
end_of_record
TN:
SF:js\ui\notifications.js
FN:24,showNotification
FN:32,(anonymous_1)
FN:41,closeNotification
FN:50,(anonymous_3)
FN:56,(anonymous_4)
FN:73,closeAllNotifications
FN:77,(anonymous_6)
FN:88,updateNotificationText
FN:104,(anonymous_8)
FN:118,showError
FN:128,showSuccess
FN:141,showWarning
FN:154,showInfo
FN:162,showOfflineNotification
FN:165,(anonymous_14)
FN:180,enforceMaxVisibleNotifications
FN:185,(anonymous_16)
FN:194,(anonymous_17)
FN:204,getIconForType
FN:219,(anonymous_19)
FNF:20
FNH:2
FNDA:1,showNotification
FNDA:0,(anonymous_1)
FNDA:0,closeNotification
FNDA:0,(anonymous_3)
FNDA:0,(anonymous_4)
FNDA:0,closeAllNotifications
FNDA:0,(anonymous_6)
FNDA:0,updateNotificationText
FNDA:0,(anonymous_8)
FNDA:1,showError
FNDA:0,showSuccess
FNDA:0,showWarning
FNDA:0,showInfo
FNDA:0,showOfflineNotification
FNDA:0,(anonymous_14)
FNDA:0,enforceMaxVisibleNotifications
FNDA:0,(anonymous_16)
FNDA:0,(anonymous_17)
FNDA:0,getIconForType
FNDA:0,(anonymous_19)
DA:13,1
DA:16,1
DA:25,1
DA:26,1
DA:27,1
DA:28,1
DA:30,1
DA:32,0
DA:33,0
DA:42,0
DA:43,0
DA:46,0
DA:47,0
DA:50,0
DA:51,0
DA:52,0
DA:56,0
DA:57,0
DA:58,0
DA:61,0
DA:62,0
DA:65,0
DA:75,0
DA:77,0
DA:78,0
DA:93,0
DA:94,0
DA:96,0
DA:97,0
DA:99,0
DA:100,0
DA:103,0
DA:104,0
DA:106,0
DA:107,0
DA:119,1
DA:132,0
DA:145,0
DA:155,0
DA:164,0
DA:165,0
DA:168,0
DA:169,0
DA:172,0
DA:181,0
DA:184,0
DA:185,0
DA:189,0
DA:194,0
DA:195,0
DA:205,0
DA:207,0
DA:209,0
DA:211,0
DA:214,0
DA:219,1
DA:221,0
DA:222,0
LF:58
LH:9
BRDA:24,0,0,0
BRDA:43,1,0,0
BRDA:43,1,1,0
BRDA:51,2,0,0
BRDA:51,2,1,0
BRDA:57,3,0,0
BRDA:57,3,1,0
BRDA:61,4,0,0
BRDA:61,4,1,0
BRDA:91,5,0,0
BRDA:94,6,0,0
BRDA:94,6,1,0
BRDA:96,7,0,0
BRDA:96,7,1,0
BRDA:99,8,0,0
BRDA:99,8,1,0
BRDA:106,9,0,0
BRDA:106,9,1,0
BRDA:118,10,0,1
BRDA:130,11,0,0
BRDA:143,12,0,0
BRDA:154,13,0,0
BRDA:168,14,0,0
BRDA:168,14,1,0
BRDA:180,15,0,0
BRDA:181,16,0,0
BRDA:181,16,1,0
BRDA:205,17,0,0
BRDA:205,17,1,0
BRDA:205,17,2,0
BRDA:205,17,3,0
BRDA:205,17,4,0
BRDA:221,18,0,0
BRDA:221,18,1,0
BRDA:221,19,0,0
BRDA:221,19,1,0
BRF:36
BRH:1
end_of_record
TN:
SF:js\utils\geo.js
FN:14,degreesToRadians
FN:23,radiansToDegrees
FN:35,calculateDistance
FN:69,calculateBearing
FN:95,pointToLineDistance
FN:142,getClosestPointOnPolyline
FN:235,formatDistance
FN:262,formatDuration
FNF:8
FNH:0
FNDA:0,degreesToRadians
FNDA:0,radiansToDegrees
FNDA:0,calculateDistance
FNDA:0,calculateBearing
FNDA:0,pointToLineDistance
FNDA:0,getClosestPointOnPolyline
FNDA:0,formatDistance
FNDA:0,formatDuration
DA:7,0
DA:15,0
DA:24,0
DA:37,0
DA:38,0
DA:39,0
DA:40,0
DA:43,0
DA:44,0
DA:48,0
DA:54,0
DA:57,0
DA:70,0
DA:71,0
DA:72,0
DA:73,0
DA:75,0
DA:77,0
DA:80,0
DA:81,0
DA:84,0
DA:97,0
DA:101,0
DA:110,0
DA:111,0
DA:112,0
DA:113,0
DA:116,0
DA:119,0
DA:122,0
DA:128,0
DA:143,0
DA:144,0
DA:147,0
DA:148,0
DA:149,0
DA:150,0
DA:158,0
DA:159,0
DA:160,0
DA:162,0
DA:164,0
DA:165,0
DA:166,0
DA:169,0
DA:170,0
DA:171,0
DA:172,0
DA:173,0
DA:174,0
DA:176,0
DA:185,0
DA:186,0
DA:189,0
DA:190,0
DA:199,0
DA:200,0
DA:206,0
DA:210,0
DA:211,0
DA:219,0
DA:226,0
DA:237,0
DA:244,0
DA:246,0
DA:248,0
DA:251,0
DA:252,0
DA:264,0
DA:271,0
DA:273,0
DA:274,0
DA:276,0
DA:278,0
DA:279,0
DA:281,0
DA:282,0
DA:284,0
DA:288,0
DA:289,0
LF:80
LH:0
BRDA:97,0,0,0
BRDA:97,0,1,0
BRDA:143,1,0,0
BRDA:143,1,1,0
BRDA:143,2,0,0
BRDA:143,2,1,0
BRDA:164,3,0,0
BRDA:164,3,1,0
BRDA:199,4,0,0
BRDA:199,4,1,0
BRDA:199,5,0,0
BRDA:199,5,1,0
BRDA:223,6,0,0
BRDA:223,6,1,0
BRDA:235,7,0,0
BRDA:244,8,0,0
BRDA:244,8,1,0
BRDA:246,9,0,0
BRDA:246,9,1,0
BRDA:262,10,0,0
BRDA:271,11,0,0
BRDA:271,11,1,0
BRDA:276,12,0,0
BRDA:276,12,1,0
BRDA:278,13,0,0
BRDA:278,13,1,0
BRDA:279,14,0,0
BRDA:279,14,1,0
BRDA:281,15,0,0
BRDA:281,15,1,0
BRDA:288,16,0,0
BRDA:288,16,1,0
BRF:32
BRH:0
end_of_record
TN:
SF:js\utils\helpers.js
FN:14,debounce
FN:17,executedFunction
FN:20,(anonymous_2)
FN:40,throttle
FN:45,(anonymous_4)
FN:56,(anonymous_5)
FN:73,generateId
FN:85,smoothValue
FN:99,smoothCoordinate
FN:116,movingAverage
FN:120,(anonymous_10)
FN:131,formatDateTime
FN:152,validateObject
FN:155,(anonymous_13)
FN:173,escapeHTML
FN:183,isOffline
FN:191,isPWA
FN:202,isMobile
FN:213,getQueryParams
FNF:19
FNH:0
FNDA:0,debounce
FNDA:0,executedFunction
FNDA:0,(anonymous_2)
FNDA:0,throttle
FNDA:0,(anonymous_4)
FNDA:0,(anonymous_5)
FNDA:0,generateId
FNDA:0,smoothValue
FNDA:0,smoothCoordinate
FNDA:0,movingAverage
FNDA:0,(anonymous_10)
FNDA:0,formatDateTime
FNDA:0,validateObject
FNDA:0,(anonymous_13)
FNDA:0,escapeHTML
FNDA:0,isOffline
FNDA:0,isPWA
FNDA:0,isMobile
FNDA:0,getQueryParams
DA:17,0
DA:18,0
DA:20,0
DA:21,0
DA:22,0
DA:25,0
DA:27,0
DA:28,0
DA:30,0
DA:45,0
DA:46,0
DA:48,0
DA:49,0
DA:50,0
DA:51,0
DA:53,0
DA:55,0
DA:57,0
DA:58,0
DA:59,0
DA:74,0
DA:86,0
DA:87,0
DA:89,0
DA:100,0
DA:101,0
DA:104,0
DA:117,0
DA:119,0
DA:120,0
DA:121,0
DA:132,0
DA:134,0
DA:140,0
DA:153,0
DA:155,0
DA:156,0
DA:157,0
DA:159,0
DA:160,0
DA:161,0
DA:164,0
DA:174,0
DA:175,0
DA:176,0
DA:184,0
DA:192,0
DA:203,0
DA:214,0
DA:215,0
DA:217,0
DA:218,0
DA:221,0
LF:53
LH:0
BRDA:14,0,0,0
BRDA:22,1,0,0
BRDA:22,1,1,0
BRDA:25,2,0,0
BRDA:25,2,1,0
BRDA:30,3,0,0
BRDA:30,3,1,0
BRDA:48,4,0,0
BRDA:48,4,1,0
BRDA:57,5,0,0
BRDA:57,5,1,0
BRDA:73,6,0,0
BRDA:85,7,0,0
BRDA:86,8,0,0
BRDA:86,8,1,0
BRDA:86,9,0,0
BRDA:86,9,1,0
BRDA:99,10,0,0
BRDA:100,11,0,0
BRDA:100,11,1,0
BRDA:100,12,0,0
BRDA:100,12,1,0
BRDA:116,13,0,0
BRDA:117,14,0,0
BRDA:117,14,1,0
BRDA:117,15,0,0
BRDA:117,15,1,0
BRDA:131,16,0,0
BRDA:131,17,0,0
BRDA:132,18,0,0
BRDA:132,18,1,0
BRDA:142,19,0,0
BRDA:142,19,1,0
BRDA:153,20,0,0
BRDA:153,20,1,0
BRDA:153,21,0,0
BRDA:153,21,1,0
BRDA:160,22,0,0
BRDA:160,22,1,0
BRDA:160,23,0,0
BRDA:160,23,1,0
BRDA:164,24,0,0
BRDA:164,24,1,0
BRDA:193,25,0,0
BRDA:193,25,1,0
BRDA:214,26,0,0
BRDA:214,26,1,0
BRF:47
BRH:0
end_of_record
